GT_MC = 106X_mcRun2_asymptotic_v17
GT_DATA = 106X_dataRun2_v35
isMC = True
era = 2016postVFP
################
Running 2016postVFP
################
[SKFlatMaker::SKFlatMaker] DataYear = 2016
[SKFlatMaker::SKFlatMaker]
############# electron_IDtoSave #############
cutBasedElectronID-Fall17-94X-V2-veto
cutBasedElectronID-Fall17-94X-V2-loose
cutBasedElectronID-Fall17-94X-V2-medium
cutBasedElectronID-Fall17-94X-V2-tight
mvaEleID-Fall17-iso-V2-wp80
mvaEleID-Fall17-iso-V2-wp90
mvaEleID-Fall17-iso-V2-wpHZZ
mvaEleID-Fall17-iso-V2-wpLoose
mvaEleID-Fall17-noIso-V2-wp80
mvaEleID-Fall17-noIso-V2-wp90
mvaEleID-Fall17-noIso-V2-wpLoose
heepElectronID-HEEPV70
#############################################
[SKFlatMaker::SKFlatMaker] Rochester correction file from : /data6/Users/hsseo/Run2UltraLegacy_v3__CMSSW_10_6_29/src/SKFlatMaker/SKFlatMaker/data/roccor.Run2.v5/RoccoR2016bUL.txt
[SKFlatMaker::beginLuminosityBlock] <weight> id=0 name='nominal' </weight>
[SKFlatMaker::beginLuminosityBlock] <weight> id=1 name='Baseline' </weight>
[SKFlatMaker::beginLuminosityBlock] <weight> id=2 name='fsr:murfac=0.707' </weight>
[SKFlatMaker::beginLuminosityBlock] <weight> id=3 name='fsr:murfac=1.414' </weight>
[SKFlatMaker::beginLuminosityBlock] <weight> id=4 name='fsr:murfac=0.5' </weight>
[SKFlatMaker::beginLuminosityBlock] <weight> id=5 name='fsr:murfac=2.0' </weight>
[SKFlatMaker::beginLuminosityBlock] <weight> id=6 name='fsr:murfac=0.25' </weight>
[SKFlatMaker::beginLuminosityBlock] <weight> id=7 name='fsr:murfac=4.0' </weight>
[SKFlatMaker::beginLuminosityBlock] <weight> id=8 name='fsr:g2gg:murfac=0.5' </weight>
[SKFlatMaker::beginLuminosityBlock] <weight> id=9 name='fsr:g2gg:murfac=2.0' </weight>
[SKFlatMaker::beginLuminosityBlock] <weight> id=10 name='fsr:g2qq:murfac=0.5' </weight>
[SKFlatMaker::beginLuminosityBlock] <weight> id=11 name='fsr:g2qq:murfac=2.0' </weight>
[SKFlatMaker::beginLuminosityBlock] <weight> id=12 name='fsr:q2qg:murfac=0.5' </weight>
[SKFlatMaker::beginLuminosityBlock] <weight> id=13 name='fsr:q2qg:murfac=2.0' </weight>
[SKFlatMaker::beginLuminosityBlock] <weight> id=14 name='fsr:x2xg:murfac=0.5' </weight>
[SKFlatMaker::beginLuminosityBlock] <weight> id=15 name='fsr:x2xg:murfac=2.0' </weight>
[SKFlatMaker::beginLuminosityBlock] <weight> id=16 name='fsr:g2gg:cns=-2.0' </weight>
[SKFlatMaker::beginLuminosityBlock] <weight> id=17 name='fsr:g2gg:cns=2.0' </weight>
[SKFlatMaker::beginLuminosityBlock] <weight> id=18 name='fsr:g2qq:cns=-2.0' </weight>
[SKFlatMaker::beginLuminosityBlock] <weight> id=19 name='fsr:g2qq:cns=2.0' </weight>
[SKFlatMaker::beginLuminosityBlock] <weight> id=20 name='fsr:q2qg:cns=-2.0' </weight>
[SKFlatMaker::beginLuminosityBlock] <weight> id=21 name='fsr:q2qg:cns=2.0' </weight>
[SKFlatMaker::beginLuminosityBlock] <weight> id=22 name='fsr:x2xg:cns=-2.0' </weight>
[SKFlatMaker::beginLuminosityBlock] <weight> id=23 name='fsr:x2xg:cns=2.0' </weight>
[SKFlatMaker::beginLuminosityBlock] <weight> id=24 name='isr:murfac=0.707' </weight>
[SKFlatMaker::beginLuminosityBlock] <weight> id=25 name='isr:murfac=1.414' </weight>
[SKFlatMaker::beginLuminosityBlock] <weight> id=26 name='isr:murfac=0.5' </weight>
[SKFlatMaker::beginLuminosityBlock] <weight> id=27 name='isr:murfac=2.0' </weight>
[SKFlatMaker::beginLuminosityBlock] <weight> id=28 name='isr:murfac=0.25' </weight>
[SKFlatMaker::beginLuminosityBlock] <weight> id=29 name='isr:murfac=4.0' </weight>
[SKFlatMaker::beginLuminosityBlock] <weight> id=30 name='isr:g2gg:murfac=0.5' </weight>
[SKFlatMaker::beginLuminosityBlock] <weight> id=31 name='isr:g2gg:murfac=2.0' </weight>
[SKFlatMaker::beginLuminosityBlock] <weight> id=32 name='isr:g2qq:murfac=0.5' </weight>
[SKFlatMaker::beginLuminosityBlock] <weight> id=33 name='isr:g2qq:murfac=2.0' </weight>
[SKFlatMaker::beginLuminosityBlock] <weight> id=34 name='isr:q2qg:murfac=0.5' </weight>
[SKFlatMaker::beginLuminosityBlock] <weight> id=35 name='isr:q2qg:murfac=2.0' </weight>
[SKFlatMaker::beginLuminosityBlock] <weight> id=36 name='isr:x2xg:murfac=0.5' </weight>
[SKFlatMaker::beginLuminosityBlock] <weight> id=37 name='isr:x2xg:murfac=2.0' </weight>
[SKFlatMaker::beginLuminosityBlock] <weight> id=38 name='isr:g2gg:cns=-2.0' </weight>
[SKFlatMaker::beginLuminosityBlock] <weight> id=39 name='isr:g2gg:cns=2.0' </weight>
[SKFlatMaker::beginLuminosityBlock] <weight> id=40 name='isr:g2qq:cns=-2.0' </weight>
[SKFlatMaker::beginLuminosityBlock] <weight> id=41 name='isr:g2qq:cns=2.0' </weight>
[SKFlatMaker::beginLuminosityBlock] <weight> id=42 name='isr:q2qg:cns=-2.0' </weight>
[SKFlatMaker::beginLuminosityBlock] <weight> id=43 name='isr:q2qg:cns=2.0' </weight>
[SKFlatMaker::beginLuminosityBlock] <weight> id=44 name='isr:x2xg:cns=-2.0' </weight>
[SKFlatMaker::beginLuminosityBlock] <weight> id=45 name='isr:x2xg:cns=2.0' </weight>
[SKFlatMaker::endRun] ##### Information about PDF weights #####
[SKFlatMaker::endRun,tag] 
[SKFlatMaker::endRun,lines] 
[SKFlatMaker::endRun,lines] file generated with MCFM version 7.0   
[SKFlatMaker::endRun,lines] Input file input.DAT contained:
[SKFlatMaker::endRun,lines] #  Cross-section is:             3.29246     +/-            0.119019E-02)
[SKFlatMaker::endRun,lines] 
[SKFlatMaker::endRun,lines]  #  Contribution from parton sub-processes:
[SKFlatMaker::endRun,lines] #         GG     |        0.0000        0.00%
[SKFlatMaker::endRun,lines] #         GQ     |        0.0000        0.00%
[SKFlatMaker::endRun,lines] #         GQB    |        0.0000        0.00%
[SKFlatMaker::endRun,lines] #         QG     |        0.0000        0.00%
[SKFlatMaker::endRun,lines] #         QBG    |        0.0000        0.00%
[SKFlatMaker::endRun,lines] #         QQ     |        0.0000        0.00%
[SKFlatMaker::endRun,lines] #         QBQB   |        0.0000        0.00%
[SKFlatMaker::endRun,lines] #         QQB    |        0.0000        0.00%
[SKFlatMaker::endRun,lines] #         QBQ    |        0.0000        0.00%
[SKFlatMaker::endRun,lines] 
[SKFlatMaker::endRun,lines]  #  Run corresponds to this input file)
[SKFlatMaker::endRun,lines] 
[SKFlatMaker::endRun,lines]  #  [Flags to specify the mode in which MCFM is run] )
[SKFlatMaker::endRun,lines] #                  137            [nevtrequested]  
[SKFlatMaker::endRun,lines] #                    F            [creatent]  
[SKFlatMaker::endRun,lines] #                    F            [skipnt]  
[SKFlatMaker::endRun,lines] #                    F            [dswhisto]  
[SKFlatMaker::endRun,lines] #                    F            [writetop]  
[SKFlatMaker::endRun,lines] #                    T            [writedat]  
[SKFlatMaker::endRun,lines] #                    F            [writegnu]  
[SKFlatMaker::endRun,lines] #                    F            [writeroot]  
[SKFlatMaker::endRun,lines] #                    F            [writepwg]  
[SKFlatMaker::endRun,lines] 
[SKFlatMaker::endRun,lines]  #  [General options to specify the process and execution] )
[SKFlatMaker::endRun,lines] #             132.ELMU            [nproc]  
[SKFlatMaker::endRun,lines] #                 lord            [part]  
[SKFlatMaker::endRun,lines] # CMS                             [runstring]  
[SKFlatMaker::endRun,lines] #           13000.0000            [sqrts]  
[SKFlatMaker::endRun,lines] #                    1            [ih1]  
[SKFlatMaker::endRun,lines] #                    1            [ih2]  
[SKFlatMaker::endRun,lines] #             125.0000            [hmass]  
[SKFlatMaker::endRun,lines] #               0.5000            [scale]  
[SKFlatMaker::endRun,lines] #               0.5000            [facscale]  
[SKFlatMaker::endRun,lines] # m(3456)                         [dynamicscale]  
[SKFlatMaker::endRun,lines] #                    F            [zerowidth]  
[SKFlatMaker::endRun,lines] #                    F            [removebr]  
[SKFlatMaker::endRun,lines] #                    4            [itmx1]  
[SKFlatMaker::endRun,lines] #              5000000            [ncall1]  
[SKFlatMaker::endRun,lines] #                   10            [itmx2]  
[SKFlatMaker::endRun,lines] #              5000000            [ncall2]  
[SKFlatMaker::endRun,lines] #            677081410            [ij]  
[SKFlatMaker::endRun,lines] #                    T            [dryrun]  
[SKFlatMaker::endRun,lines] #                    T            [Qflag]  
[SKFlatMaker::endRun,lines] #                    T            [Gflag]  
[SKFlatMaker::endRun,lines] 
[SKFlatMaker::endRun,lines]  #  [Heavy quark masses] )
[SKFlatMaker::endRun,lines] #             173.2000            [top mass]  
[SKFlatMaker::endRun,lines] #               4.7500            [bottom mass]  
[SKFlatMaker::endRun,lines] #               1.2750            [charm mass]  
[SKFlatMaker::endRun,lines] 
[SKFlatMaker::endRun,lines]  #  [Pdf selection] )
[SKFlatMaker::endRun,lines] #              NNPDF31            [pdlabel]  
[SKFlatMaker::endRun,lines] #                    4            [NGROUP]  
[SKFlatMaker::endRun,lines] #                   46            [NSET]  
[SKFlatMaker::endRun,lines] # NNPDF31_lo_as_0130.L            [LHAPDF group]  
[SKFlatMaker::endRun,lines] #                    0            [LHAPDF set]  
[SKFlatMaker::endRun,lines] 
[SKFlatMaker::endRun,lines]  #  [Jet definition and event cuts] )
[SKFlatMaker::endRun,lines] #               2.5000            [m34min]  
[SKFlatMaker::endRun,lines] #           13000.0000            [m34max]  
[SKFlatMaker::endRun,lines] #               2.5000            [m56min]  
[SKFlatMaker::endRun,lines] #           13000.0000            [m56max]  
[SKFlatMaker::endRun,lines] #              70.0000            [m3456min]  
[SKFlatMaker::endRun,lines] #           13000.0000            [m3456max]  
[SKFlatMaker::endRun,lines] #                    T            [inclusive]  
[SKFlatMaker::endRun,lines] #                 ankt            [algorithm]  
[SKFlatMaker::endRun,lines] #              15.0000            [ptjetmin]  
[SKFlatMaker::endRun,lines] #               0.0000            [etajetmin]  
[SKFlatMaker::endRun,lines] #              99.0000            [etajetmax]  
[SKFlatMaker::endRun,lines] #               0.4000            [Rcut]  
[SKFlatMaker::endRun,lines] #                    T            [makecuts]  
[SKFlatMaker::endRun,lines] #               3.0000            [leptpt]  
[SKFlatMaker::endRun,lines] #               2.7000            [leptrap]  
[SKFlatMaker::endRun,lines] #    0.000,   0.000                [leptveto]  
[SKFlatMaker::endRun,lines] #               0.0000            [misspt]  
[SKFlatMaker::endRun,lines] #               3.0000            [leptpt2]  
[SKFlatMaker::endRun,lines] #               2.7000            [leptrap2]  
[SKFlatMaker::endRun,lines] #    0.000,   0.000                [leptveto2]  
[SKFlatMaker::endRun,lines] #               0.0000            [mtrans34cut]  
[SKFlatMaker::endRun,lines] #               0.0000            [Rjlmin]  
[SKFlatMaker::endRun,lines] #               0.0000            [Rllmin]  
[SKFlatMaker::endRun,lines] #               0.0000            [delyjjmin]  
[SKFlatMaker::endRun,lines] #                    F            [jetsopphem]  
[SKFlatMaker::endRun,lines] #                    0            [lbjscheme]  
[SKFlatMaker::endRun,lines] #               0.0000            [ptbjetmin]  
[SKFlatMaker::endRun,lines] #              99.0000            [etabjetmax]  
[SKFlatMaker::endRun,lines] 
[SKFlatMaker::endRun,lines]  #  [Settings for photon processes] )
[SKFlatMaker::endRun,lines] #                    F            [frag]  
[SKFlatMaker::endRun,lines] #             GdRG__LO            [fragset]  
[SKFlatMaker::endRun,lines] #             900.0000            [frag_scale]  
[SKFlatMaker::endRun,lines] #              20.0000            [gammpt]  
[SKFlatMaker::endRun,lines] #               2.5000            [gammrap]  
[SKFlatMaker::endRun,lines] #              20.0000            [gammpt2]  
[SKFlatMaker::endRun,lines] #              20.0000            [gammpt3]  
[SKFlatMaker::endRun,lines] #               0.0000            [Rgalmin]  
[SKFlatMaker::endRun,lines] #               0.4000            [Rgagamin]  
[SKFlatMaker::endRun,lines] #               0.4000            [Rgajetmin]  
[SKFlatMaker::endRun,lines] #               0.4000            [cone_ang]  
[SKFlatMaker::endRun,lines] #               0.5000            [epsilon_h]  
[SKFlatMaker::endRun,lines] 
[SKFlatMaker::endRun,lines]  #  [Anomalous couplings of the W and Z] )
[SKFlatMaker::endRun,lines] #               0.0000            [delg1_z]  
[SKFlatMaker::endRun,lines] #               0.0000            [delk_z]  
[SKFlatMaker::endRun,lines] #               0.0000            [delk_g]  
[SKFlatMaker::endRun,lines] #               0.0000            [lambda_z]  
[SKFlatMaker::endRun,lines] #               0.0000            [lambda_g]  
[SKFlatMaker::endRun,lines] #               0.0000            [h1Z]  
[SKFlatMaker::endRun,lines] #               0.0000            [h1gam]  
[SKFlatMaker::endRun,lines] #               0.0000            [h2Z]  
[SKFlatMaker::endRun,lines] #               0.0000            [h2gam]  
[SKFlatMaker::endRun,lines] #               0.0000            [h3Z]  
[SKFlatMaker::endRun,lines] #               0.0000            [h3gam]  
[SKFlatMaker::endRun,lines] #               0.0000            [h4Z]  
[SKFlatMaker::endRun,lines] #               0.0000            [h4gam]  
[SKFlatMaker::endRun,lines] #               2.0000            [tevscale]  
[SKFlatMaker::endRun,lines] #               1.0000            [cttH]  
[SKFlatMaker::endRun,lines] #               1.0000            [cWWH]  
[SKFlatMaker::endRun,lines] #               1.0000            [Gamma_H/Gamma_H(SM)]  
[SKFlatMaker::endRun,lines] 
[SKFlatMaker::endRun,lines]  #  [How to resume/save a run] )
[SKFlatMaker::endRun,lines] #                    F            [readin]  
[SKFlatMaker::endRun,lines] #                    F            [writeout]  
[SKFlatMaker::endRun,lines] # GluGluToContinToZZTo            [ingridfile]  
[SKFlatMaker::endRun,lines] #                                 [outgridfile]  
[SKFlatMaker::endRun,lines] 
[SKFlatMaker::endRun,lines]  #  [Technical parameters that should not normally be changed]
[SKFlatMaker::endRun,lines] #                    F            [debug]  
[SKFlatMaker::endRun,lines] #                    T            [verbose]  
[SKFlatMaker::endRun,lines] #                    F            [new_pspace]  
[SKFlatMaker::endRun,lines] #                    F            [virtonly]  
[SKFlatMaker::endRun,lines] #                    F            [realonly]  
[SKFlatMaker::endRun,lines] #                    T            [spira]  
[SKFlatMaker::endRun,lines] #                    F            [noglue]  
[SKFlatMaker::endRun,lines] #                    F            [ggonly]  
[SKFlatMaker::endRun,lines] #                    F            [gqonly]  
[SKFlatMaker::endRun,lines] #                    F            [omitgg]  
[SKFlatMaker::endRun,lines] #                    F            [vanillafiles]  
[SKFlatMaker::endRun,lines] #                    1            [nmin]  
[SKFlatMaker::endRun,lines] #                    2            [nmax]  
[SKFlatMaker::endRun,lines] #                    T            [clustering]  
[SKFlatMaker::endRun,lines] #                    F            [realwt]  
[SKFlatMaker::endRun,lines] #                    0            [colourchoice]  
[SKFlatMaker::endRun,lines] #               0.0100            [rtsmin]  
[SKFlatMaker::endRun,lines] #               0.0042            [cutoff]  
[SKFlatMaker::endRun,lines] #               0.1000            [aii]  
[SKFlatMaker::endRun,lines] #               0.1000            [aif]  
[SKFlatMaker::endRun,lines] #               0.1000            [afi]  
[SKFlatMaker::endRun,lines] #               1.0000            [aff]  
[SKFlatMaker::endRun,lines] #               1.0000            [bfi]  
[SKFlatMaker::endRun,lines] #               1.0000            [bff]  
[SKFlatMaker::endRun,lines] 
[SKFlatMaker::endRun,lines] End of input.DAT content
[SKFlatMaker::endRun,lines]  Random number generator initialized with:   1193414170
[SKFlatMaker::endRun,tag] 
[SKFlatMaker::endRun,lines] 
[SKFlatMaker::endRun,lines] file generated with MCFM version 7.0   
[SKFlatMaker::endRun,lines] Input file input.DAT contained:
[SKFlatMaker::endRun,lines] #  Cross-section is:             3.29246     +/-            0.119019E-02)
[SKFlatMaker::endRun,lines] 
[SKFlatMaker::endRun,lines]  #  Contribution from parton sub-processes:
[SKFlatMaker::endRun,lines] #         GG     |        0.0000        0.00%
[SKFlatMaker::endRun,lines] #         GQ     |        0.0000        0.00%
[SKFlatMaker::endRun,lines] #         GQB    |        0.0000        0.00%
[SKFlatMaker::endRun,lines] #         QG     |        0.0000        0.00%
[SKFlatMaker::endRun,lines] #         QBG    |        0.0000        0.00%
[SKFlatMaker::endRun,lines] #         QQ     |        0.0000        0.00%
[SKFlatMaker::endRun,lines] #         QBQB   |        0.0000        0.00%
[SKFlatMaker::endRun,lines] #         QQB    |        0.0000        0.00%
[SKFlatMaker::endRun,lines] #         QBQ    |        0.0000        0.00%
[SKFlatMaker::endRun,lines] 
[SKFlatMaker::endRun,lines]  #  Run corresponds to this input file)
[SKFlatMaker::endRun,lines] 
[SKFlatMaker::endRun,lines]  #  [Flags to specify the mode in which MCFM is run] )
[SKFlatMaker::endRun,lines] #                  137            [nevtrequested]  
[SKFlatMaker::endRun,lines] #                    F            [creatent]  
[SKFlatMaker::endRun,lines] #                    F            [skipnt]  
[SKFlatMaker::endRun,lines] #                    F            [dswhisto]  
[SKFlatMaker::endRun,lines] #                    F            [writetop]  
[SKFlatMaker::endRun,lines] #                    T            [writedat]  
[SKFlatMaker::endRun,lines] #                    F            [writegnu]  
[SKFlatMaker::endRun,lines] #                    F            [writeroot]  
[SKFlatMaker::endRun,lines] #                    F            [writepwg]  
[SKFlatMaker::endRun,lines] 
[SKFlatMaker::endRun,lines]  #  [General options to specify the process and execution] )
[SKFlatMaker::endRun,lines] #             132.ELMU            [nproc]  
[SKFlatMaker::endRun,lines] #                 lord            [part]  
[SKFlatMaker::endRun,lines] # CMS                             [runstring]  
[SKFlatMaker::endRun,lines] #           13000.0000            [sqrts]  
[SKFlatMaker::endRun,lines] #                    1            [ih1]  
[SKFlatMaker::endRun,lines] #                    1            [ih2]  
[SKFlatMaker::endRun,lines] #             125.0000            [hmass]  
[SKFlatMaker::endRun,lines] #               0.5000            [scale]  
[SKFlatMaker::endRun,lines] #               0.5000            [facscale]  
[SKFlatMaker::endRun,lines] # m(3456)                         [dynamicscale]  
[SKFlatMaker::endRun,lines] #                    F            [zerowidth]  
[SKFlatMaker::endRun,lines] #                    F            [removebr]  
[SKFlatMaker::endRun,lines] #                    4            [itmx1]  
[SKFlatMaker::endRun,lines] #              5000000            [ncall1]  
[SKFlatMaker::endRun,lines] #                   10            [itmx2]  
[SKFlatMaker::endRun,lines] #              5000000            [ncall2]  
[SKFlatMaker::endRun,lines] #            995170000            [ij]  
[SKFlatMaker::endRun,lines] #                    T            [dryrun]  
[SKFlatMaker::endRun,lines] #                    T            [Qflag]  
[SKFlatMaker::endRun,lines] #                    T            [Gflag]  
[SKFlatMaker::endRun,lines] 
[SKFlatMaker::endRun,lines]  #  [Heavy quark masses] )
[SKFlatMaker::endRun,lines] #             173.2000            [top mass]  
[SKFlatMaker::endRun,lines] #               4.7500            [bottom mass]  
[SKFlatMaker::endRun,lines] #               1.2750            [charm mass]  
[SKFlatMaker::endRun,lines] 
[SKFlatMaker::endRun,lines]  #  [Pdf selection] )
[SKFlatMaker::endRun,lines] #              NNPDF31            [pdlabel]  
[SKFlatMaker::endRun,lines] #                    4            [NGROUP]  
[SKFlatMaker::endRun,lines] #                   46            [NSET]  
[SKFlatMaker::endRun,lines] # NNPDF31_lo_as_0130.L            [LHAPDF group]  
[SKFlatMaker::endRun,lines] #                    0            [LHAPDF set]  
[SKFlatMaker::endRun,lines] 
[SKFlatMaker::endRun,lines]  #  [Jet definition and event cuts] )
[SKFlatMaker::endRun,lines] #               2.5000            [m34min]  
[SKFlatMaker::endRun,lines] #           13000.0000            [m34max]  
[SKFlatMaker::endRun,lines] #               2.5000            [m56min]  
[SKFlatMaker::endRun,lines] #           13000.0000            [m56max]  
[SKFlatMaker::endRun,lines] #              70.0000            [m3456min]  
[SKFlatMaker::endRun,lines] #           13000.0000            [m3456max]  
[SKFlatMaker::endRun,lines] #                    T            [inclusive]  
[SKFlatMaker::endRun,lines] #                 ankt            [algorithm]  
[SKFlatMaker::endRun,lines] #              15.0000            [ptjetmin]  
[SKFlatMaker::endRun,lines] #               0.0000            [etajetmin]  
[SKFlatMaker::endRun,lines] #              99.0000            [etajetmax]  
[SKFlatMaker::endRun,lines] #               0.4000            [Rcut]  
[SKFlatMaker::endRun,lines] #                    T            [makecuts]  
[SKFlatMaker::endRun,lines] #               3.0000            [leptpt]  
[SKFlatMaker::endRun,lines] #               2.7000            [leptrap]  
[SKFlatMaker::endRun,lines] #    0.000,   0.000                [leptveto]  
[SKFlatMaker::endRun,lines] #               0.0000            [misspt]  
[SKFlatMaker::endRun,lines] #               3.0000            [leptpt2]  
[SKFlatMaker::endRun,lines] #               2.7000            [leptrap2]  
[SKFlatMaker::endRun,lines] #    0.000,   0.000                [leptveto2]  
[SKFlatMaker::endRun,lines] #               0.0000            [mtrans34cut]  
[SKFlatMaker::endRun,lines] #               0.0000            [Rjlmin]  
[SKFlatMaker::endRun,lines] #               0.0000            [Rllmin]  
[SKFlatMaker::endRun,lines] #               0.0000            [delyjjmin]  
[SKFlatMaker::endRun,lines] #                    F            [jetsopphem]  
[SKFlatMaker::endRun,lines] #                    0            [lbjscheme]  
[SKFlatMaker::endRun,lines] #               0.0000            [ptbjetmin]  
[SKFlatMaker::endRun,lines] #              99.0000            [etabjetmax]  
[SKFlatMaker::endRun,lines] 
[SKFlatMaker::endRun,lines]  #  [Settings for photon processes] )
[SKFlatMaker::endRun,lines] #                    F            [frag]  
[SKFlatMaker::endRun,lines] #             GdRG__LO            [fragset]  
[SKFlatMaker::endRun,lines] #             900.0000            [frag_scale]  
[SKFlatMaker::endRun,lines] #              20.0000            [gammpt]  
[SKFlatMaker::endRun,lines] #               2.5000            [gammrap]  
[SKFlatMaker::endRun,lines] #              20.0000            [gammpt2]  
[SKFlatMaker::endRun,lines] #              20.0000            [gammpt3]  
[SKFlatMaker::endRun,lines] #               0.0000            [Rgalmin]  
[SKFlatMaker::endRun,lines] #               0.4000            [Rgagamin]  
[SKFlatMaker::endRun,lines] #               0.4000            [Rgajetmin]  
[SKFlatMaker::endRun,lines] #               0.4000            [cone_ang]  
[SKFlatMaker::endRun,lines] #               0.5000            [epsilon_h]  
[SKFlatMaker::endRun,lines] 
[SKFlatMaker::endRun,lines]  #  [Anomalous couplings of the W and Z] )
[SKFlatMaker::endRun,lines] #               0.0000            [delg1_z]  
[SKFlatMaker::endRun,lines] #               0.0000            [delk_z]  
[SKFlatMaker::endRun,lines] #               0.0000            [delk_g]  
[SKFlatMaker::endRun,lines] #               0.0000            [lambda_z]  
[SKFlatMaker::endRun,lines] #               0.0000            [lambda_g]  
[SKFlatMaker::endRun,lines] #               0.0000            [h1Z]  
[SKFlatMaker::endRun,lines] #               0.0000            [h1gam]  
[SKFlatMaker::endRun,lines] #               0.0000            [h2Z]  
[SKFlatMaker::endRun,lines] #               0.0000            [h2gam]  
[SKFlatMaker::endRun,lines] #               0.0000            [h3Z]  
[SKFlatMaker::endRun,lines] #               0.0000            [h3gam]  
[SKFlatMaker::endRun,lines] #               0.0000            [h4Z]  
[SKFlatMaker::endRun,lines] #               0.0000            [h4gam]  
[SKFlatMaker::endRun,lines] #               2.0000            [tevscale]  
[SKFlatMaker::endRun,lines] #               1.0000            [cttH]  
[SKFlatMaker::endRun,lines] #               1.0000            [cWWH]  
[SKFlatMaker::endRun,lines] #               1.0000            [Gamma_H/Gamma_H(SM)]  
[SKFlatMaker::endRun,lines] 
[SKFlatMaker::endRun,lines]  #  [How to resume/save a run] )
[SKFlatMaker::endRun,lines] #                    F            [readin]  
[SKFlatMaker::endRun,lines] #                    F            [writeout]  
[SKFlatMaker::endRun,lines] # GluGluToContinToZZTo            [ingridfile]  
[SKFlatMaker::endRun,lines] #                                 [outgridfile]  
[SKFlatMaker::endRun,lines] 
[SKFlatMaker::endRun,lines]  #  [Technical parameters that should not normally be changed]
[SKFlatMaker::endRun,lines] #                    F            [debug]  
[SKFlatMaker::endRun,lines] #                    T            [verbose]  
[SKFlatMaker::endRun,lines] #                    F            [new_pspace]  
[SKFlatMaker::endRun,lines] #                    F            [virtonly]  
[SKFlatMaker::endRun,lines] #                    F            [realonly]  
[SKFlatMaker::endRun,lines] #                    T            [spira]  
[SKFlatMaker::endRun,lines] #                    F            [noglue]  
[SKFlatMaker::endRun,lines] #                    F            [ggonly]  
[SKFlatMaker::endRun,lines] #                    F            [gqonly]  
[SKFlatMaker::endRun,lines] #                    F            [omitgg]  
[SKFlatMaker::endRun,lines] #                    F            [vanillafiles]  
[SKFlatMaker::endRun,lines] #                    1            [nmin]  
[SKFlatMaker::endRun,lines] #                    2            [nmax]  
[SKFlatMaker::endRun,lines] #                    T            [clustering]  
[SKFlatMaker::endRun,lines] #                    F            [realwt]  
[SKFlatMaker::endRun,lines] #                    0            [colourchoice]  
[SKFlatMaker::endRun,lines] #               0.0100            [rtsmin]  
[SKFlatMaker::endRun,lines] #               0.0042            [cutoff]  
[SKFlatMaker::endRun,lines] #               0.1000            [aii]  
[SKFlatMaker::endRun,lines] #               0.1000            [aif]  
[SKFlatMaker::endRun,lines] #               0.1000            [afi]  
[SKFlatMaker::endRun,lines] #               1.0000            [aff]  
[SKFlatMaker::endRun,lines] #               1.0000            [bfi]  
[SKFlatMaker::endRun,lines] #               1.0000            [bff]  
[SKFlatMaker::endRun,lines] 
[SKFlatMaker::endRun,lines] End of input.DAT content
[SKFlatMaker::endRun,lines]  Random number generator initialized with:   1182256903
[SKFlatMaker::endRun,tag] 
[SKFlatMaker::endRun,lines] 
[SKFlatMaker::endRun,lines] file generated with MCFM version 7.0   
[SKFlatMaker::endRun,lines] Input file input.DAT contained:
[SKFlatMaker::endRun,lines] #  Cross-section is:             3.29246     +/-            0.119019E-02)
[SKFlatMaker::endRun,lines] 
[SKFlatMaker::endRun,lines]  #  Contribution from parton sub-processes:
[SKFlatMaker::endRun,lines] #         GG     |        0.0000        0.00%
[SKFlatMaker::endRun,lines] #         GQ     |        0.0000        0.00%
[SKFlatMaker::endRun,lines] #         GQB    |        0.0000        0.00%
[SKFlatMaker::endRun,lines] #         QG     |        0.0000        0.00%
[SKFlatMaker::endRun,lines] #         QBG    |        0.0000        0.00%
[SKFlatMaker::endRun,lines] #         QQ     |        0.0000        0.00%
[SKFlatMaker::endRun,lines] #         QBQB   |        0.0000        0.00%
[SKFlatMaker::endRun,lines] #         QQB    |        0.0000        0.00%
[SKFlatMaker::endRun,lines] #         QBQ    |        0.0000        0.00%
[SKFlatMaker::endRun,lines] 
[SKFlatMaker::endRun,lines]  #  Run corresponds to this input file)
[SKFlatMaker::endRun,lines] 
[SKFlatMaker::endRun,lines]  #  [Flags to specify the mode in which MCFM is run] )
[SKFlatMaker::endRun,lines] #                  137            [nevtrequested]  
[SKFlatMaker::endRun,lines] #                    F            [creatent]  
[SKFlatMaker::endRun,lines] #                    F            [skipnt]  
[SKFlatMaker::endRun,lines] #                    F            [dswhisto]  
[SKFlatMaker::endRun,lines] #                    F            [writetop]  
[SKFlatMaker::endRun,lines] #                    T            [writedat]  
[SKFlatMaker::endRun,lines] #                    F            [writegnu]  
[SKFlatMaker::endRun,lines] #                    F            [writeroot]  
[SKFlatMaker::endRun,lines] #                    F            [writepwg]  
[SKFlatMaker::endRun,lines] 
[SKFlatMaker::endRun,lines]  #  [General options to specify the process and execution] )
[SKFlatMaker::endRun,lines] #             132.ELMU            [nproc]  
[SKFlatMaker::endRun,lines] #                 lord            [part]  
[SKFlatMaker::endRun,lines] # CMS                             [runstring]  
[SKFlatMaker::endRun,lines] #           13000.0000            [sqrts]  
[SKFlatMaker::endRun,lines] #                    1            [ih1]  
[SKFlatMaker::endRun,lines] #                    1            [ih2]  
[SKFlatMaker::endRun,lines] #             125.0000            [hmass]  
[SKFlatMaker::endRun,lines] #               0.5000            [scale]  
[SKFlatMaker::endRun,lines] #               0.5000            [facscale]  
[SKFlatMaker::endRun,lines] # m(3456)                         [dynamicscale]  
[SKFlatMaker::endRun,lines] #                    F            [zerowidth]  
[SKFlatMaker::endRun,lines] #                    F            [removebr]  
[SKFlatMaker::endRun,lines] #                    4            [itmx1]  
[SKFlatMaker::endRun,lines] #              5000000            [ncall1]  
[SKFlatMaker::endRun,lines] #                   10            [itmx2]  
[SKFlatMaker::endRun,lines] #              5000000            [ncall2]  
[SKFlatMaker::endRun,lines] #            726575540            [ij]  
[SKFlatMaker::endRun,lines] #                    T            [dryrun]  
[SKFlatMaker::endRun,lines] #                    T            [Qflag]  
[SKFlatMaker::endRun,lines] #                    T            [Gflag]  
[SKFlatMaker::endRun,lines] 
[SKFlatMaker::endRun,lines]  #  [Heavy quark masses] )
[SKFlatMaker::endRun,lines] #             173.2000            [top mass]  
[SKFlatMaker::endRun,lines] #               4.7500            [bottom mass]  
[SKFlatMaker::endRun,lines] #               1.2750            [charm mass]  
[SKFlatMaker::endRun,lines] 
[SKFlatMaker::endRun,lines]  #  [Pdf selection] )
[SKFlatMaker::endRun,lines] #              NNPDF31            [pdlabel]  
[SKFlatMaker::endRun,lines] #                    4            [NGROUP]  
[SKFlatMaker::endRun,lines] #                   46            [NSET]  
[SKFlatMaker::endRun,lines] # NNPDF31_lo_as_0130.L            [LHAPDF group]  
[SKFlatMaker::endRun,lines] #                    0            [LHAPDF set]  
[SKFlatMaker::endRun,lines] 
[SKFlatMaker::endRun,lines]  #  [Jet definition and event cuts] )
[SKFlatMaker::endRun,lines] #               2.5000            [m34min]  
[SKFlatMaker::endRun,lines] #           13000.0000            [m34max]  
[SKFlatMaker::endRun,lines] #               2.5000            [m56min]  
[SKFlatMaker::endRun,lines] #           13000.0000            [m56max]  
[SKFlatMaker::endRun,lines] #              70.0000            [m3456min]  
[SKFlatMaker::endRun,lines] #           13000.0000            [m3456max]  
[SKFlatMaker::endRun,lines] #                    T            [inclusive]  
[SKFlatMaker::endRun,lines] #                 ankt            [algorithm]  
[SKFlatMaker::endRun,lines] #              15.0000            [ptjetmin]  
[SKFlatMaker::endRun,lines] #               0.0000            [etajetmin]  
[SKFlatMaker::endRun,lines] #              99.0000            [etajetmax]  
[SKFlatMaker::endRun,lines] #               0.4000            [Rcut]  
[SKFlatMaker::endRun,lines] #                    T            [makecuts]  
[SKFlatMaker::endRun,lines] #               3.0000            [leptpt]  
[SKFlatMaker::endRun,lines] #               2.7000            [leptrap]  
[SKFlatMaker::endRun,lines] #    0.000,   0.000                [leptveto]  
[SKFlatMaker::endRun,lines] #               0.0000            [misspt]  
[SKFlatMaker::endRun,lines] #               3.0000            [leptpt2]  
[SKFlatMaker::endRun,lines] #               2.7000            [leptrap2]  
[SKFlatMaker::endRun,lines] #    0.000,   0.000                [leptveto2]  
[SKFlatMaker::endRun,lines] #               0.0000            [mtrans34cut]  
[SKFlatMaker::endRun,lines] #               0.0000            [Rjlmin]  
[SKFlatMaker::endRun,lines] #               0.0000            [Rllmin]  
[SKFlatMaker::endRun,lines] #               0.0000            [delyjjmin]  
[SKFlatMaker::endRun,lines] #                    F            [jetsopphem]  
[SKFlatMaker::endRun,lines] #                    0            [lbjscheme]  
[SKFlatMaker::endRun,lines] #               0.0000            [ptbjetmin]  
[SKFlatMaker::endRun,lines] #              99.0000            [etabjetmax]  
[SKFlatMaker::endRun,lines] 
[SKFlatMaker::endRun,lines]  #  [Settings for photon processes] )
[SKFlatMaker::endRun,lines] #                    F            [frag]  
[SKFlatMaker::endRun,lines] #             GdRG__LO            [fragset]  
[SKFlatMaker::endRun,lines] #             900.0000            [frag_scale]  
[SKFlatMaker::endRun,lines] #              20.0000            [gammpt]  
[SKFlatMaker::endRun,lines] #               2.5000            [gammrap]  
[SKFlatMaker::endRun,lines] #              20.0000            [gammpt2]  
[SKFlatMaker::endRun,lines] #              20.0000            [gammpt3]  
[SKFlatMaker::endRun,lines] #               0.0000            [Rgalmin]  
[SKFlatMaker::endRun,lines] #               0.4000            [Rgagamin]  
[SKFlatMaker::endRun,lines] #               0.4000            [Rgajetmin]  
[SKFlatMaker::endRun,lines] #               0.4000            [cone_ang]  
[SKFlatMaker::endRun,lines] #               0.5000            [epsilon_h]  
[SKFlatMaker::endRun,lines] 
[SKFlatMaker::endRun,lines]  #  [Anomalous couplings of the W and Z] )
[SKFlatMaker::endRun,lines] #               0.0000            [delg1_z]  
[SKFlatMaker::endRun,lines] #               0.0000            [delk_z]  
[SKFlatMaker::endRun,lines] #               0.0000            [delk_g]  
[SKFlatMaker::endRun,lines] #               0.0000            [lambda_z]  
[SKFlatMaker::endRun,lines] #               0.0000            [lambda_g]  
[SKFlatMaker::endRun,lines] #               0.0000            [h1Z]  
[SKFlatMaker::endRun,lines] #               0.0000            [h1gam]  
[SKFlatMaker::endRun,lines] #               0.0000            [h2Z]  
[SKFlatMaker::endRun,lines] #               0.0000            [h2gam]  
[SKFlatMaker::endRun,lines] #               0.0000            [h3Z]  
[SKFlatMaker::endRun,lines] #               0.0000            [h3gam]  
[SKFlatMaker::endRun,lines] #               0.0000            [h4Z]  
[SKFlatMaker::endRun,lines] #               0.0000            [h4gam]  
[SKFlatMaker::endRun,lines] #               2.0000            [tevscale]  
[SKFlatMaker::endRun,lines] #               1.0000            [cttH]  
[SKFlatMaker::endRun,lines] #               1.0000            [cWWH]  
[SKFlatMaker::endRun,lines] #               1.0000            [Gamma_H/Gamma_H(SM)]  
[SKFlatMaker::endRun,lines] 
[SKFlatMaker::endRun,lines]  #  [How to resume/save a run] )
[SKFlatMaker::endRun,lines] #                    F            [readin]  
[SKFlatMaker::endRun,lines] #                    F            [writeout]  
[SKFlatMaker::endRun,lines] # GluGluToContinToZZTo            [ingridfile]  
[SKFlatMaker::endRun,lines] #                                 [outgridfile]  
[SKFlatMaker::endRun,lines] 
[SKFlatMaker::endRun,lines]  #  [Technical parameters that should not normally be changed]
[SKFlatMaker::endRun,lines] #                    F            [debug]  
[SKFlatMaker::endRun,lines] #                    T            [verbose]  
[SKFlatMaker::endRun,lines] #                    F            [new_pspace]  
[SKFlatMaker::endRun,lines] #                    F            [virtonly]  
[SKFlatMaker::endRun,lines] #                    F            [realonly]  
[SKFlatMaker::endRun,lines] #                    T            [spira]  
[SKFlatMaker::endRun,lines] #                    F            [noglue]  
[SKFlatMaker::endRun,lines] #                    F            [ggonly]  
[SKFlatMaker::endRun,lines] #                    F            [gqonly]  
[SKFlatMaker::endRun,lines] #                    F            [omitgg]  
[SKFlatMaker::endRun,lines] #                    F            [vanillafiles]  
[SKFlatMaker::endRun,lines] #                    1            [nmin]  
[SKFlatMaker::endRun,lines] #                    2            [nmax]  
[SKFlatMaker::endRun,lines] #                    T            [clustering]  
[SKFlatMaker::endRun,lines] #                    F            [realwt]  
[SKFlatMaker::endRun,lines] #                    0            [colourchoice]  
[SKFlatMaker::endRun,lines] #               0.0100            [rtsmin]  
[SKFlatMaker::endRun,lines] #               0.0042            [cutoff]  
[SKFlatMaker::endRun,lines] #               0.1000            [aii]  
[SKFlatMaker::endRun,lines] #               0.1000            [aif]  
[SKFlatMaker::endRun,lines] #               0.1000            [afi]  
[SKFlatMaker::endRun,lines] #               1.0000            [aff]  
[SKFlatMaker::endRun,lines] #               1.0000            [bfi]  
[SKFlatMaker::endRun,lines] #               1.0000            [bff]  
[SKFlatMaker::endRun,lines] 
[SKFlatMaker::endRun,lines] End of input.DAT content
[SKFlatMaker::endRun,lines]  Random number generator initialized with:   1468348741
[SKFlatMaker::endRun,tag] 
[SKFlatMaker::endRun,lines] 
[SKFlatMaker::endRun,lines] file generated with MCFM version 7.0   
[SKFlatMaker::endRun,lines] Input file input.DAT contained:
[SKFlatMaker::endRun,lines] #  Cross-section is:             3.29246     +/-            0.119019E-02)
[SKFlatMaker::endRun,lines] 
[SKFlatMaker::endRun,lines]  #  Contribution from parton sub-processes:
[SKFlatMaker::endRun,lines] #         GG     |        0.0000        0.00%
[SKFlatMaker::endRun,lines] #         GQ     |        0.0000        0.00%
[SKFlatMaker::endRun,lines] #         GQB    |        0.0000        0.00%
[SKFlatMaker::endRun,lines] #         QG     |        0.0000        0.00%
[SKFlatMaker::endRun,lines] #         QBG    |        0.0000        0.00%
[SKFlatMaker::endRun,lines] #         QQ     |        0.0000        0.00%
[SKFlatMaker::endRun,lines] #         QBQB   |        0.0000        0.00%
[SKFlatMaker::endRun,lines] #         QQB    |        0.0000        0.00%
[SKFlatMaker::endRun,lines] #         QBQ    |        0.0000        0.00%
[SKFlatMaker::endRun,lines] 
[SKFlatMaker::endRun,lines]  #  Run corresponds to this input file)
[SKFlatMaker::endRun,lines] 
[SKFlatMaker::endRun,lines]  #  [Flags to specify the mode in which MCFM is run] )
[SKFlatMaker::endRun,lines] #                  137            [nevtrequested]  
[SKFlatMaker::endRun,lines] #                    F            [creatent]  
[SKFlatMaker::endRun,lines] #                    F            [skipnt]  
[SKFlatMaker::endRun,lines] #                    F            [dswhisto]  
[SKFlatMaker::endRun,lines] #                    F            [writetop]  
[SKFlatMaker::endRun,lines] #                    T            [writedat]  
[SKFlatMaker::endRun,lines] #                    F            [writegnu]  
[SKFlatMaker::endRun,lines] #                    F            [writeroot]  
[SKFlatMaker::endRun,lines] #                    F            [writepwg]  
[SKFlatMaker::endRun,lines] 
[SKFlatMaker::endRun,lines]  #  [General options to specify the process and execution] )
[SKFlatMaker::endRun,lines] #             132.ELMU            [nproc]  
[SKFlatMaker::endRun,lines] #                 lord            [part]  
[SKFlatMaker::endRun,lines] # CMS                             [runstring]  
[SKFlatMaker::endRun,lines] #           13000.0000            [sqrts]  
[SKFlatMaker::endRun,lines] #                    1            [ih1]  
[SKFlatMaker::endRun,lines] #                    1            [ih2]  
[SKFlatMaker::endRun,lines] #             125.0000            [hmass]  
[SKFlatMaker::endRun,lines] #               0.5000            [scale]  
[SKFlatMaker::endRun,lines] #               0.5000            [facscale]  
[SKFlatMaker::endRun,lines] # m(3456)                         [dynamicscale]  
[SKFlatMaker::endRun,lines] #                    F            [zerowidth]  
[SKFlatMaker::endRun,lines] #                    F            [removebr]  
[SKFlatMaker::endRun,lines] #                    4            [itmx1]  
[SKFlatMaker::endRun,lines] #              5000000            [ncall1]  
[SKFlatMaker::endRun,lines] #                   10            [itmx2]  
[SKFlatMaker::endRun,lines] #              5000000            [ncall2]  
[SKFlatMaker::endRun,lines] #            975616590            [ij]  
[SKFlatMaker::endRun,lines] #                    T            [dryrun]  
[SKFlatMaker::endRun,lines] #                    T            [Qflag]  
[SKFlatMaker::endRun,lines] #                    T            [Gflag]  
[SKFlatMaker::endRun,lines] 
[SKFlatMaker::endRun,lines]  #  [Heavy quark masses] )
[SKFlatMaker::endRun,lines] #             173.2000            [top mass]  
[SKFlatMaker::endRun,lines] #               4.7500            [bottom mass]  
[SKFlatMaker::endRun,lines] #               1.2750            [charm mass]  
[SKFlatMaker::endRun,lines] 
[SKFlatMaker::endRun,lines]  #  [Pdf selection] )
[SKFlatMaker::endRun,lines] #              NNPDF31            [pdlabel]  
[SKFlatMaker::endRun,lines] #                    4            [NGROUP]  
[SKFlatMaker::endRun,lines] #                   46            [NSET]  
[SKFlatMaker::endRun,lines] # NNPDF31_lo_as_0130.L            [LHAPDF group]  
[SKFlatMaker::endRun,lines] #                    0            [LHAPDF set]  
[SKFlatMaker::endRun,lines] 
[SKFlatMaker::endRun,lines]  #  [Jet definition and event cuts] )
[SKFlatMaker::endRun,lines] #               2.5000            [m34min]  
[SKFlatMaker::endRun,lines] #           13000.0000            [m34max]  
[SKFlatMaker::endRun,lines] #               2.5000            [m56min]  
[SKFlatMaker::endRun,lines] #           13000.0000            [m56max]  
[SKFlatMaker::endRun,lines] #              70.0000            [m3456min]  
[SKFlatMaker::endRun,lines] #           13000.0000            [m3456max]  
[SKFlatMaker::endRun,lines] #                    T            [inclusive]  
[SKFlatMaker::endRun,lines] #                 ankt            [algorithm]  
[SKFlatMaker::endRun,lines] #              15.0000            [ptjetmin]  
[SKFlatMaker::endRun,lines] #               0.0000            [etajetmin]  
[SKFlatMaker::endRun,lines] #              99.0000            [etajetmax]  
[SKFlatMaker::endRun,lines] #               0.4000            [Rcut]  
[SKFlatMaker::endRun,lines] #                    T            [makecuts]  
[SKFlatMaker::endRun,lines] #               3.0000            [leptpt]  
[SKFlatMaker::endRun,lines] #               2.7000            [leptrap]  
[SKFlatMaker::endRun,lines] #    0.000,   0.000                [leptveto]  
[SKFlatMaker::endRun,lines] #               0.0000            [misspt]  
[SKFlatMaker::endRun,lines] #               3.0000            [leptpt2]  
[SKFlatMaker::endRun,lines] #               2.7000            [leptrap2]  
[SKFlatMaker::endRun,lines] #    0.000,   0.000                [leptveto2]  
[SKFlatMaker::endRun,lines] #               0.0000            [mtrans34cut]  
[SKFlatMaker::endRun,lines] #               0.0000            [Rjlmin]  
[SKFlatMaker::endRun,lines] #               0.0000            [Rllmin]  
[SKFlatMaker::endRun,lines] #               0.0000            [delyjjmin]  
[SKFlatMaker::endRun,lines] #                    F            [jetsopphem]  
[SKFlatMaker::endRun,lines] #                    0            [lbjscheme]  
[SKFlatMaker::endRun,lines] #               0.0000            [ptbjetmin]  
[SKFlatMaker::endRun,lines] #              99.0000            [etabjetmax]  
[SKFlatMaker::endRun,lines] 
[SKFlatMaker::endRun,lines]  #  [Settings for photon processes] )
[SKFlatMaker::endRun,lines] #                    F            [frag]  
[SKFlatMaker::endRun,lines] #             GdRG__LO            [fragset]  
[SKFlatMaker::endRun,lines] #             900.0000            [frag_scale]  
[SKFlatMaker::endRun,lines] #              20.0000            [gammpt]  
[SKFlatMaker::endRun,lines] #               2.5000            [gammrap]  
[SKFlatMaker::endRun,lines] #              20.0000            [gammpt2]  
[SKFlatMaker::endRun,lines] #              20.0000            [gammpt3]  
[SKFlatMaker::endRun,lines] #               0.0000            [Rgalmin]  
[SKFlatMaker::endRun,lines] #               0.4000            [Rgagamin]  
[SKFlatMaker::endRun,lines] #               0.4000            [Rgajetmin]  
[SKFlatMaker::endRun,lines] #               0.4000            [cone_ang]  
[SKFlatMaker::endRun,lines] #               0.5000            [epsilon_h]  
[SKFlatMaker::endRun,lines] 
[SKFlatMaker::endRun,lines]  #  [Anomalous couplings of the W and Z] )
[SKFlatMaker::endRun,lines] #               0.0000            [delg1_z]  
[SKFlatMaker::endRun,lines] #               0.0000            [delk_z]  
[SKFlatMaker::endRun,lines] #               0.0000            [delk_g]  
[SKFlatMaker::endRun,lines] #               0.0000            [lambda_z]  
[SKFlatMaker::endRun,lines] #               0.0000            [lambda_g]  
[SKFlatMaker::endRun,lines] #               0.0000            [h1Z]  
[SKFlatMaker::endRun,lines] #               0.0000            [h1gam]  
[SKFlatMaker::endRun,lines] #               0.0000            [h2Z]  
[SKFlatMaker::endRun,lines] #               0.0000            [h2gam]  
[SKFlatMaker::endRun,lines] #               0.0000            [h3Z]  
[SKFlatMaker::endRun,lines] #               0.0000            [h3gam]  
[SKFlatMaker::endRun,lines] #               0.0000            [h4Z]  
[SKFlatMaker::endRun,lines] #               0.0000            [h4gam]  
[SKFlatMaker::endRun,lines] #               2.0000            [tevscale]  
[SKFlatMaker::endRun,lines] #               1.0000            [cttH]  
[SKFlatMaker::endRun,lines] #               1.0000            [cWWH]  
[SKFlatMaker::endRun,lines] #               1.0000            [Gamma_H/Gamma_H(SM)]  
[SKFlatMaker::endRun,lines] 
[SKFlatMaker::endRun,lines]  #  [How to resume/save a run] )
[SKFlatMaker::endRun,lines] #                    F            [readin]  
[SKFlatMaker::endRun,lines] #                    F            [writeout]  
[SKFlatMaker::endRun,lines] # GluGluToContinToZZTo            [ingridfile]  
[SKFlatMaker::endRun,lines] #                                 [outgridfile]  
[SKFlatMaker::endRun,lines] 
[SKFlatMaker::endRun,lines]  #  [Technical parameters that should not normally be changed]
[SKFlatMaker::endRun,lines] #                    F            [debug]  
[SKFlatMaker::endRun,lines] #                    T            [verbose]  
[SKFlatMaker::endRun,lines] #                    F            [new_pspace]  
[SKFlatMaker::endRun,lines] #                    F            [virtonly]  
[SKFlatMaker::endRun,lines] #                    F            [realonly]  
[SKFlatMaker::endRun,lines] #                    T            [spira]  
[SKFlatMaker::endRun,lines] #                    F            [noglue]  
[SKFlatMaker::endRun,lines] #                    F            [ggonly]  
[SKFlatMaker::endRun,lines] #                    F            [gqonly]  
[SKFlatMaker::endRun,lines] #                    F            [omitgg]  
[SKFlatMaker::endRun,lines] #                    F            [vanillafiles]  
[SKFlatMaker::endRun,lines] #                    1            [nmin]  
[SKFlatMaker::endRun,lines] #                    2            [nmax]  
[SKFlatMaker::endRun,lines] #                    T            [clustering]  
[SKFlatMaker::endRun,lines] #                    F            [realwt]  
[SKFlatMaker::endRun,lines] #                    0            [colourchoice]  
[SKFlatMaker::endRun,lines] #               0.0100            [rtsmin]  
[SKFlatMaker::endRun,lines] #               0.0042            [cutoff]  
[SKFlatMaker::endRun,lines] #               0.1000            [aii]  
[SKFlatMaker::endRun,lines] #               0.1000            [aif]  
[SKFlatMaker::endRun,lines] #               0.1000            [afi]  
[SKFlatMaker::endRun,lines] #               1.0000            [aff]  
[SKFlatMaker::endRun,lines] #               1.0000            [bfi]  
[SKFlatMaker::endRun,lines] #               1.0000            [bff]  
[SKFlatMaker::endRun,lines] 
[SKFlatMaker::endRun,lines] End of input.DAT content
[SKFlatMaker::endRun,lines]  Random number generator initialized with:   1616591992
[SKFlatMaker::endRun,tag] 
[SKFlatMaker::endRun,lines] 
[SKFlatMaker::endRun,lines] file generated with MCFM version 7.0   
[SKFlatMaker::endRun,lines] Input file input.DAT contained:
[SKFlatMaker::endRun,lines] #  Cross-section is:             3.29246     +/-            0.119019E-02)
[SKFlatMaker::endRun,lines] 
[SKFlatMaker::endRun,lines]  #  Contribution from parton sub-processes:
[SKFlatMaker::endRun,lines] #         GG     |        0.0000        0.00%
[SKFlatMaker::endRun,lines] #         GQ     |        0.0000        0.00%
[SKFlatMaker::endRun,lines] #         GQB    |        0.0000        0.00%
[SKFlatMaker::endRun,lines] #         QG     |        0.0000        0.00%
[SKFlatMaker::endRun,lines] #         QBG    |        0.0000        0.00%
[SKFlatMaker::endRun,lines] #         QQ     |        0.0000        0.00%
[SKFlatMaker::endRun,lines] #         QBQB   |        0.0000        0.00%
[SKFlatMaker::endRun,lines] #         QQB    |        0.0000        0.00%
[SKFlatMaker::endRun,lines] #         QBQ    |        0.0000        0.00%
[SKFlatMaker::endRun,lines] 
[SKFlatMaker::endRun,lines]  #  Run corresponds to this input file)
[SKFlatMaker::endRun,lines] 
[SKFlatMaker::endRun,lines]  #  [Flags to specify the mode in which MCFM is run] )
[SKFlatMaker::endRun,lines] #                  137            [nevtrequested]  
[SKFlatMaker::endRun,lines] #                    F            [creatent]  
[SKFlatMaker::endRun,lines] #                    F            [skipnt]  
[SKFlatMaker::endRun,lines] #                    F            [dswhisto]  
[SKFlatMaker::endRun,lines] #                    F            [writetop]  
[SKFlatMaker::endRun,lines] #                    T            [writedat]  
[SKFlatMaker::endRun,lines] #                    F            [writegnu]  
[SKFlatMaker::endRun,lines] #                    F            [writeroot]  
[SKFlatMaker::endRun,lines] #                    F            [writepwg]  
[SKFlatMaker::endRun,lines] 
[SKFlatMaker::endRun,lines]  #  [General options to specify the process and execution] )
[SKFlatMaker::endRun,lines] #             132.ELMU            [nproc]  
[SKFlatMaker::endRun,lines] #                 lord            [part]  
[SKFlatMaker::endRun,lines] # CMS                             [runstring]  
[SKFlatMaker::endRun,lines] #           13000.0000            [sqrts]  
[SKFlatMaker::endRun,lines] #                    1            [ih1]  
[SKFlatMaker::endRun,lines] #                    1            [ih2]  
[SKFlatMaker::endRun,lines] #             125.0000            [hmass]  
[SKFlatMaker::endRun,lines] #               0.5000            [scale]  
[SKFlatMaker::endRun,lines] #               0.5000            [facscale]  
[SKFlatMaker::endRun,lines] # m(3456)                         [dynamicscale]  
[SKFlatMaker::endRun,lines] #                    F            [zerowidth]  
[SKFlatMaker::endRun,lines] #                    F            [removebr]  
[SKFlatMaker::endRun,lines] #                    4            [itmx1]  
[SKFlatMaker::endRun,lines] #              5000000            [ncall1]  
[SKFlatMaker::endRun,lines] #                   10            [itmx2]  
[SKFlatMaker::endRun,lines] #              5000000            [ncall2]  
[SKFlatMaker::endRun,lines] #            619595530            [ij]  
[SKFlatMaker::endRun,lines] #                    T            [dryrun]  
[SKFlatMaker::endRun,lines] #                    T            [Qflag]  
[SKFlatMaker::endRun,lines] #                    T            [Gflag]  
[SKFlatMaker::endRun,lines] 
[SKFlatMaker::endRun,lines]  #  [Heavy quark masses] )
[SKFlatMaker::endRun,lines] #             173.2000            [top mass]  
[SKFlatMaker::endRun,lines] #               4.7500            [bottom mass]  
[SKFlatMaker::endRun,lines] #               1.2750            [charm mass]  
[SKFlatMaker::endRun,lines] 
[SKFlatMaker::endRun,lines]  #  [Pdf selection] )
[SKFlatMaker::endRun,lines] #              NNPDF31            [pdlabel]  
[SKFlatMaker::endRun,lines] #                    4            [NGROUP]  
[SKFlatMaker::endRun,lines] #                   46            [NSET]  
[SKFlatMaker::endRun,lines] # NNPDF31_lo_as_0130.L            [LHAPDF group]  
[SKFlatMaker::endRun,lines] #                    0            [LHAPDF set]  
[SKFlatMaker::endRun,lines] 
[SKFlatMaker::endRun,lines]  #  [Jet definition and event cuts] )
[SKFlatMaker::endRun,lines] #               2.5000            [m34min]  
[SKFlatMaker::endRun,lines] #           13000.0000            [m34max]  
[SKFlatMaker::endRun,lines] #               2.5000            [m56min]  
[SKFlatMaker::endRun,lines] #           13000.0000            [m56max]  
[SKFlatMaker::endRun,lines] #              70.0000            [m3456min]  
[SKFlatMaker::endRun,lines] #           13000.0000            [m3456max]  
[SKFlatMaker::endRun,lines] #                    T            [inclusive]  
[SKFlatMaker::endRun,lines] #                 ankt            [algorithm]  
[SKFlatMaker::endRun,lines] #              15.0000            [ptjetmin]  
[SKFlatMaker::endRun,lines] #               0.0000            [etajetmin]  
[SKFlatMaker::endRun,lines] #              99.0000            [etajetmax]  
[SKFlatMaker::endRun,lines] #               0.4000            [Rcut]  
[SKFlatMaker::endRun,lines] #                    T            [makecuts]  
[SKFlatMaker::endRun,lines] #               3.0000            [leptpt]  
[SKFlatMaker::endRun,lines] #               2.7000            [leptrap]  
[SKFlatMaker::endRun,lines] #    0.000,   0.000                [leptveto]  
[SKFlatMaker::endRun,lines] #               0.0000            [misspt]  
[SKFlatMaker::endRun,lines] #               3.0000            [leptpt2]  
[SKFlatMaker::endRun,lines] #               2.7000            [leptrap2]  
[SKFlatMaker::endRun,lines] #    0.000,   0.000                [leptveto2]  
[SKFlatMaker::endRun,lines] #               0.0000            [mtrans34cut]  
[SKFlatMaker::endRun,lines] #               0.0000            [Rjlmin]  
[SKFlatMaker::endRun,lines] #               0.0000            [Rllmin]  
[SKFlatMaker::endRun,lines] #               0.0000            [delyjjmin]  
[SKFlatMaker::endRun,lines] #                    F            [jetsopphem]  
[SKFlatMaker::endRun,lines] #                    0            [lbjscheme]  
[SKFlatMaker::endRun,lines] #               0.0000            [ptbjetmin]  
[SKFlatMaker::endRun,lines] #              99.0000            [etabjetmax]  
[SKFlatMaker::endRun,lines] 
[SKFlatMaker::endRun,lines]  #  [Settings for photon processes] )
[SKFlatMaker::endRun,lines] #                    F            [frag]  
[SKFlatMaker::endRun,lines] #             GdRG__LO            [fragset]  
[SKFlatMaker::endRun,lines] #             900.0000            [frag_scale]  
[SKFlatMaker::endRun,lines] #              20.0000            [gammpt]  
[SKFlatMaker::endRun,lines] #               2.5000            [gammrap]  
[SKFlatMaker::endRun,lines] #              20.0000            [gammpt2]  
[SKFlatMaker::endRun,lines] #              20.0000            [gammpt3]  
[SKFlatMaker::endRun,lines] #               0.0000            [Rgalmin]  
[SKFlatMaker::endRun,lines] #               0.4000            [Rgagamin]  
[SKFlatMaker::endRun,lines] #               0.4000            [Rgajetmin]  
[SKFlatMaker::endRun,lines] #               0.4000            [cone_ang]  
[SKFlatMaker::endRun,lines] #               0.5000            [epsilon_h]  
[SKFlatMaker::endRun,lines] 
[SKFlatMaker::endRun,lines]  #  [Anomalous couplings of the W and Z] )
[SKFlatMaker::endRun,lines] #               0.0000            [delg1_z]  
[SKFlatMaker::endRun,lines] #               0.0000            [delk_z]  
[SKFlatMaker::endRun,lines] #               0.0000            [delk_g]  
[SKFlatMaker::endRun,lines] #               0.0000            [lambda_z]  
[SKFlatMaker::endRun,lines] #               0.0000            [lambda_g]  
[SKFlatMaker::endRun,lines] #               0.0000            [h1Z]  
[SKFlatMaker::endRun,lines] #               0.0000            [h1gam]  
[SKFlatMaker::endRun,lines] #               0.0000            [h2Z]  
[SKFlatMaker::endRun,lines] #               0.0000            [h2gam]  
[SKFlatMaker::endRun,lines] #               0.0000            [h3Z]  
[SKFlatMaker::endRun,lines] #               0.0000            [h3gam]  
[SKFlatMaker::endRun,lines] #               0.0000            [h4Z]  
[SKFlatMaker::endRun,lines] #               0.0000            [h4gam]  
[SKFlatMaker::endRun,lines] #               2.0000            [tevscale]  
[SKFlatMaker::endRun,lines] #               1.0000            [cttH]  
[SKFlatMaker::endRun,lines] #               1.0000            [cWWH]  
[SKFlatMaker::endRun,lines] #               1.0000            [Gamma_H/Gamma_H(SM)]  
[SKFlatMaker::endRun,lines] 
[SKFlatMaker::endRun,lines]  #  [How to resume/save a run] )
[SKFlatMaker::endRun,lines] #                    F            [readin]  
[SKFlatMaker::endRun,lines] #                    F            [writeout]  
[SKFlatMaker::endRun,lines] # GluGluToContinToZZTo            [ingridfile]  
[SKFlatMaker::endRun,lines] #                                 [outgridfile]  
[SKFlatMaker::endRun,lines] 
[SKFlatMaker::endRun,lines]  #  [Technical parameters that should not normally be changed]
[SKFlatMaker::endRun,lines] #                    F            [debug]  
[SKFlatMaker::endRun,lines] #                    T            [verbose]  
[SKFlatMaker::endRun,lines] #                    F            [new_pspace]  
[SKFlatMaker::endRun,lines] #                    F            [virtonly]  
[SKFlatMaker::endRun,lines] #                    F            [realonly]  
[SKFlatMaker::endRun,lines] #                    T            [spira]  
[SKFlatMaker::endRun,lines] #                    F            [noglue]  
[SKFlatMaker::endRun,lines] #                    F            [ggonly]  
[SKFlatMaker::endRun,lines] #                    F            [gqonly]  
[SKFlatMaker::endRun,lines] #                    F            [omitgg]  
[SKFlatMaker::endRun,lines] #                    F            [vanillafiles]  
[SKFlatMaker::endRun,lines] #                    1            [nmin]  
[SKFlatMaker::endRun,lines] #                    2            [nmax]  
[SKFlatMaker::endRun,lines] #                    T            [clustering]  
[SKFlatMaker::endRun,lines] #                    F            [realwt]  
[SKFlatMaker::endRun,lines] #                    0            [colourchoice]  
[SKFlatMaker::endRun,lines] #               0.0100            [rtsmin]  
[SKFlatMaker::endRun,lines] #               0.0042            [cutoff]  
[SKFlatMaker::endRun,lines] #               0.1000            [aii]  
[SKFlatMaker::endRun,lines] #               0.1000            [aif]  
[SKFlatMaker::endRun,lines] #               0.1000            [afi]  
[SKFlatMaker::endRun,lines] #               1.0000            [aff]  
[SKFlatMaker::endRun,lines] #               1.0000            [bfi]  
[SKFlatMaker::endRun,lines] #               1.0000            [bff]  
[SKFlatMaker::endRun,lines] 
[SKFlatMaker::endRun,lines] End of input.DAT content
[SKFlatMaker::endRun,lines]  Random number generator initialized with:   1705365076
[SKFlatMaker::endRun,tag] 
[SKFlatMaker::endRun,lines] 
[SKFlatMaker::endRun,lines] file generated with MCFM version 7.0   
[SKFlatMaker::endRun,lines] Input file input.DAT contained:
[SKFlatMaker::endRun,lines] #  Cross-section is:             3.29246     +/-            0.119019E-02)
[SKFlatMaker::endRun,lines] 
[SKFlatMaker::endRun,lines]  #  Contribution from parton sub-processes:
[SKFlatMaker::endRun,lines] #         GG     |        0.0000        0.00%
[SKFlatMaker::endRun,lines] #         GQ     |        0.0000        0.00%
[SKFlatMaker::endRun,lines] #         GQB    |        0.0000        0.00%
[SKFlatMaker::endRun,lines] #         QG     |        0.0000        0.00%
[SKFlatMaker::endRun,lines] #         QBG    |        0.0000        0.00%
[SKFlatMaker::endRun,lines] #         QQ     |        0.0000        0.00%
[SKFlatMaker::endRun,lines] #         QBQB   |        0.0000        0.00%
[SKFlatMaker::endRun,lines] #         QQB    |        0.0000        0.00%
[SKFlatMaker::endRun,lines] #         QBQ    |        0.0000        0.00%
[SKFlatMaker::endRun,lines] 
[SKFlatMaker::endRun,lines]  #  Run corresponds to this input file)
[SKFlatMaker::endRun,lines] 
[SKFlatMaker::endRun,lines]  #  [Flags to specify the mode in which MCFM is run] )
[SKFlatMaker::endRun,lines] #                  137            [nevtrequested]  
[SKFlatMaker::endRun,lines] #                    F            [creatent]  
[SKFlatMaker::endRun,lines] #                    F            [skipnt]  
[SKFlatMaker::endRun,lines] #                    F            [dswhisto]  
[SKFlatMaker::endRun,lines] #                    F            [writetop]  
[SKFlatMaker::endRun,lines] #                    T            [writedat]  
[SKFlatMaker::endRun,lines] #                    F            [writegnu]  
[SKFlatMaker::endRun,lines] #                    F            [writeroot]  
[SKFlatMaker::endRun,lines] #                    F            [writepwg]  
[SKFlatMaker::endRun,lines] 
[SKFlatMaker::endRun,lines]  #  [General options to specify the process and execution] )
[SKFlatMaker::endRun,lines] #             132.ELMU            [nproc]  
[SKFlatMaker::endRun,lines] #                 lord            [part]  
[SKFlatMaker::endRun,lines] # CMS                             [runstring]  
[SKFlatMaker::endRun,lines] #           13000.0000            [sqrts]  
[SKFlatMaker::endRun,lines] #                    1            [ih1]  
[SKFlatMaker::endRun,lines] #                    1            [ih2]  
[SKFlatMaker::endRun,lines] #             125.0000            [hmass]  
[SKFlatMaker::endRun,lines] #               0.5000            [scale]  
[SKFlatMaker::endRun,lines] #               0.5000            [facscale]  
[SKFlatMaker::endRun,lines] # m(3456)                         [dynamicscale]  
[SKFlatMaker::endRun,lines] #                    F            [zerowidth]  
[SKFlatMaker::endRun,lines] #                    F            [removebr]  
[SKFlatMaker::endRun,lines] #                    4            [itmx1]  
[SKFlatMaker::endRun,lines] #              5000000            [ncall1]  
[SKFlatMaker::endRun,lines] #                   10            [itmx2]  
[SKFlatMaker::endRun,lines] #              5000000            [ncall2]  
[SKFlatMaker::endRun,lines] #            131310860            [ij]  
[SKFlatMaker::endRun,lines] #                    T            [dryrun]  
[SKFlatMaker::endRun,lines] #                    T            [Qflag]  
[SKFlatMaker::endRun,lines] #                    T            [Gflag]  
[SKFlatMaker::endRun,lines] 
[SKFlatMaker::endRun,lines]  #  [Heavy quark masses] )
[SKFlatMaker::endRun,lines] #             173.2000            [top mass]  
[SKFlatMaker::endRun,lines] #               4.7500            [bottom mass]  
[SKFlatMaker::endRun,lines] #               1.2750            [charm mass]  
[SKFlatMaker::endRun,lines] 
[SKFlatMaker::endRun,lines]  #  [Pdf selection] )
[SKFlatMaker::endRun,lines] #              NNPDF31            [pdlabel]  
[SKFlatMaker::endRun,lines] #                    4            [NGROUP]  
[SKFlatMaker::endRun,lines] #                   46            [NSET]  
[SKFlatMaker::endRun,lines] # NNPDF31_lo_as_0130.L            [LHAPDF group]  
[SKFlatMaker::endRun,lines] #                    0            [LHAPDF set]  
[SKFlatMaker::endRun,lines] 
[SKFlatMaker::endRun,lines]  #  [Jet definition and event cuts] )
[SKFlatMaker::endRun,lines] #               2.5000            [m34min]  
[SKFlatMaker::endRun,lines] #           13000.0000            [m34max]  
[SKFlatMaker::endRun,lines] #               2.5000            [m56min]  
[SKFlatMaker::endRun,lines] #           13000.0000            [m56max]  
[SKFlatMaker::endRun,lines] #              70.0000            [m3456min]  
[SKFlatMaker::endRun,lines] #           13000.0000            [m3456max]  
[SKFlatMaker::endRun,lines] #                    T            [inclusive]  
[SKFlatMaker::endRun,lines] #                 ankt            [algorithm]  
[SKFlatMaker::endRun,lines] #              15.0000            [ptjetmin]  
[SKFlatMaker::endRun,lines] #               0.0000            [etajetmin]  
[SKFlatMaker::endRun,lines] #              99.0000            [etajetmax]  
[SKFlatMaker::endRun,lines] #               0.4000            [Rcut]  
[SKFlatMaker::endRun,lines] #                    T            [makecuts]  
[SKFlatMaker::endRun,lines] #               3.0000            [leptpt]  
[SKFlatMaker::endRun,lines] #               2.7000            [leptrap]  
[SKFlatMaker::endRun,lines] #    0.000,   0.000                [leptveto]  
[SKFlatMaker::endRun,lines] #               0.0000            [misspt]  
[SKFlatMaker::endRun,lines] #               3.0000            [leptpt2]  
[SKFlatMaker::endRun,lines] #               2.7000            [leptrap2]  
[SKFlatMaker::endRun,lines] #    0.000,   0.000                [leptveto2]  
[SKFlatMaker::endRun,lines] #               0.0000            [mtrans34cut]  
[SKFlatMaker::endRun,lines] #               0.0000            [Rjlmin]  
[SKFlatMaker::endRun,lines] #               0.0000            [Rllmin]  
[SKFlatMaker::endRun,lines] #               0.0000            [delyjjmin]  
[SKFlatMaker::endRun,lines] #                    F            [jetsopphem]  
[SKFlatMaker::endRun,lines] #                    0            [lbjscheme]  
[SKFlatMaker::endRun,lines] #               0.0000            [ptbjetmin]  
[SKFlatMaker::endRun,lines] #              99.0000            [etabjetmax]  
[SKFlatMaker::endRun,lines] 
[SKFlatMaker::endRun,lines]  #  [Settings for photon processes] )
[SKFlatMaker::endRun,lines] #                    F            [frag]  
[SKFlatMaker::endRun,lines] #             GdRG__LO            [fragset]  
[SKFlatMaker::endRun,lines] #             900.0000            [frag_scale]  
[SKFlatMaker::endRun,lines] #              20.0000            [gammpt]  
[SKFlatMaker::endRun,lines] #               2.5000            [gammrap]  
[SKFlatMaker::endRun,lines] #              20.0000            [gammpt2]  
[SKFlatMaker::endRun,lines] #              20.0000            [gammpt3]  
[SKFlatMaker::endRun,lines] #               0.0000            [Rgalmin]  
[SKFlatMaker::endRun,lines] #               0.4000            [Rgagamin]  
[SKFlatMaker::endRun,lines] #               0.4000            [Rgajetmin]  
[SKFlatMaker::endRun,lines] #               0.4000            [cone_ang]  
[SKFlatMaker::endRun,lines] #               0.5000            [epsilon_h]  
[SKFlatMaker::endRun,lines] 
[SKFlatMaker::endRun,lines]  #  [Anomalous couplings of the W and Z] )
[SKFlatMaker::endRun,lines] #               0.0000            [delg1_z]  
[SKFlatMaker::endRun,lines] #               0.0000            [delk_z]  
[SKFlatMaker::endRun,lines] #               0.0000            [delk_g]  
[SKFlatMaker::endRun,lines] #               0.0000            [lambda_z]  
[SKFlatMaker::endRun,lines] #               0.0000            [lambda_g]  
[SKFlatMaker::endRun,lines] #               0.0000            [h1Z]  
[SKFlatMaker::endRun,lines] #               0.0000            [h1gam]  
[SKFlatMaker::endRun,lines] #               0.0000            [h2Z]  
[SKFlatMaker::endRun,lines] #               0.0000            [h2gam]  
[SKFlatMaker::endRun,lines] #               0.0000            [h3Z]  
[SKFlatMaker::endRun,lines] #               0.0000            [h3gam]  
[SKFlatMaker::endRun,lines] #               0.0000            [h4Z]  
[SKFlatMaker::endRun,lines] #               0.0000            [h4gam]  
[SKFlatMaker::endRun,lines] #               2.0000            [tevscale]  
[SKFlatMaker::endRun,lines] #               1.0000            [cttH]  
[SKFlatMaker::endRun,lines] #               1.0000            [cWWH]  
[SKFlatMaker::endRun,lines] #               1.0000            [Gamma_H/Gamma_H(SM)]  
[SKFlatMaker::endRun,lines] 
[SKFlatMaker::endRun,lines]  #  [How to resume/save a run] )
[SKFlatMaker::endRun,lines] #                    F            [readin]  
[SKFlatMaker::endRun,lines] #                    F            [writeout]  
[SKFlatMaker::endRun,lines] # GluGluToContinToZZTo            [ingridfile]  
[SKFlatMaker::endRun,lines] #                                 [outgridfile]  
[SKFlatMaker::endRun,lines] 
[SKFlatMaker::endRun,lines]  #  [Technical parameters that should not normally be changed]
[SKFlatMaker::endRun,lines] #                    F            [debug]  
[SKFlatMaker::endRun,lines] #                    T            [verbose]  
[SKFlatMaker::endRun,lines] #                    F            [new_pspace]  
[SKFlatMaker::endRun,lines] #                    F            [virtonly]  
[SKFlatMaker::endRun,lines] #                    F            [realonly]  
[SKFlatMaker::endRun,lines] #                    T            [spira]  
[SKFlatMaker::endRun,lines] #                    F            [noglue]  
[SKFlatMaker::endRun,lines] #                    F            [ggonly]  
[SKFlatMaker::endRun,lines] #                    F            [gqonly]  
[SKFlatMaker::endRun,lines] #                    F            [omitgg]  
[SKFlatMaker::endRun,lines] #                    F            [vanillafiles]  
[SKFlatMaker::endRun,lines] #                    1            [nmin]  
[SKFlatMaker::endRun,lines] #                    2            [nmax]  
[SKFlatMaker::endRun,lines] #                    T            [clustering]  
[SKFlatMaker::endRun,lines] #                    F            [realwt]  
[SKFlatMaker::endRun,lines] #                    0            [colourchoice]  
[SKFlatMaker::endRun,lines] #               0.0100            [rtsmin]  
[SKFlatMaker::endRun,lines] #               0.0042            [cutoff]  
[SKFlatMaker::endRun,lines] #               0.1000            [aii]  
[SKFlatMaker::endRun,lines] #               0.1000            [aif]  
[SKFlatMaker::endRun,lines] #               0.1000            [afi]  
[SKFlatMaker::endRun,lines] #               1.0000            [aff]  
[SKFlatMaker::endRun,lines] #               1.0000            [bfi]  
[SKFlatMaker::endRun,lines] #               1.0000            [bff]  
[SKFlatMaker::endRun,lines] 
[SKFlatMaker::endRun,lines] End of input.DAT content
[SKFlatMaker::endRun,lines]  Random number generator initialized with:   1134036736
[SKFlatMaker::endRun,tag] 
[SKFlatMaker::endRun,lines] 
[SKFlatMaker::endRun,lines] file generated with MCFM version 7.0   
[SKFlatMaker::endRun,lines] Input file input.DAT contained:
[SKFlatMaker::endRun,lines] #  Cross-section is:             3.29246     +/-            0.119019E-02)
[SKFlatMaker::endRun,lines] 
[SKFlatMaker::endRun,lines]  #  Contribution from parton sub-processes:
[SKFlatMaker::endRun,lines] #         GG     |        0.0000        0.00%
[SKFlatMaker::endRun,lines] #         GQ     |        0.0000        0.00%
[SKFlatMaker::endRun,lines] #         GQB    |        0.0000        0.00%
[SKFlatMaker::endRun,lines] #         QG     |        0.0000        0.00%
[SKFlatMaker::endRun,lines] #         QBG    |        0.0000        0.00%
[SKFlatMaker::endRun,lines] #         QQ     |        0.0000        0.00%
[SKFlatMaker::endRun,lines] #         QBQB   |        0.0000        0.00%
[SKFlatMaker::endRun,lines] #         QQB    |        0.0000        0.00%
[SKFlatMaker::endRun,lines] #         QBQ    |        0.0000        0.00%
[SKFlatMaker::endRun,lines] 
[SKFlatMaker::endRun,lines]  #  Run corresponds to this input file)
[SKFlatMaker::endRun,lines] 
[SKFlatMaker::endRun,lines]  #  [Flags to specify the mode in which MCFM is run] )
[SKFlatMaker::endRun,lines] #                  137            [nevtrequested]  
[SKFlatMaker::endRun,lines] #                    F            [creatent]  
[SKFlatMaker::endRun,lines] #                    F            [skipnt]  
[SKFlatMaker::endRun,lines] #                    F            [dswhisto]  
[SKFlatMaker::endRun,lines] #                    F            [writetop]  
[SKFlatMaker::endRun,lines] #                    T            [writedat]  
[SKFlatMaker::endRun,lines] #                    F            [writegnu]  
[SKFlatMaker::endRun,lines] #                    F            [writeroot]  
[SKFlatMaker::endRun,lines] #                    F            [writepwg]  
[SKFlatMaker::endRun,lines] 
[SKFlatMaker::endRun,lines]  #  [General options to specify the process and execution] )
[SKFlatMaker::endRun,lines] #             132.ELMU            [nproc]  
[SKFlatMaker::endRun,lines] #                 lord            [part]  
[SKFlatMaker::endRun,lines] # CMS                             [runstring]  
[SKFlatMaker::endRun,lines] #           13000.0000            [sqrts]  
[SKFlatMaker::endRun,lines] #                    1            [ih1]  
[SKFlatMaker::endRun,lines] #                    1            [ih2]  
[SKFlatMaker::endRun,lines] #             125.0000            [hmass]  
[SKFlatMaker::endRun,lines] #               0.5000            [scale]  
[SKFlatMaker::endRun,lines] #               0.5000            [facscale]  
[SKFlatMaker::endRun,lines] # m(3456)                         [dynamicscale]  
[SKFlatMaker::endRun,lines] #                    F            [zerowidth]  
[SKFlatMaker::endRun,lines] #                    F            [removebr]  
[SKFlatMaker::endRun,lines] #                    4            [itmx1]  
[SKFlatMaker::endRun,lines] #              5000000            [ncall1]  
[SKFlatMaker::endRun,lines] #                   10            [itmx2]  
[SKFlatMaker::endRun,lines] #              5000000            [ncall2]  
[SKFlatMaker::endRun,lines] #            287519160            [ij]  
[SKFlatMaker::endRun,lines] #                    T            [dryrun]  
[SKFlatMaker::endRun,lines] #                    T            [Qflag]  
[SKFlatMaker::endRun,lines] #                    T            [Gflag]  
[SKFlatMaker::endRun,lines] 
[SKFlatMaker::endRun,lines]  #  [Heavy quark masses] )
[SKFlatMaker::endRun,lines] #             173.2000            [top mass]  
[SKFlatMaker::endRun,lines] #               4.7500            [bottom mass]  
[SKFlatMaker::endRun,lines] #               1.2750            [charm mass]  
[SKFlatMaker::endRun,lines] 
[SKFlatMaker::endRun,lines]  #  [Pdf selection] )
[SKFlatMaker::endRun,lines] #              NNPDF31            [pdlabel]  
[SKFlatMaker::endRun,lines] #                    4            [NGROUP]  
[SKFlatMaker::endRun,lines] #                   46            [NSET]  
[SKFlatMaker::endRun,lines] # NNPDF31_lo_as_0130.L            [LHAPDF group]  
[SKFlatMaker::endRun,lines] #                    0            [LHAPDF set]  
[SKFlatMaker::endRun,lines] 
[SKFlatMaker::endRun,lines]  #  [Jet definition and event cuts] )
[SKFlatMaker::endRun,lines] #               2.5000            [m34min]  
[SKFlatMaker::endRun,lines] #           13000.0000            [m34max]  
[SKFlatMaker::endRun,lines] #               2.5000            [m56min]  
[SKFlatMaker::endRun,lines] #           13000.0000            [m56max]  
[SKFlatMaker::endRun,lines] #              70.0000            [m3456min]  
[SKFlatMaker::endRun,lines] #           13000.0000            [m3456max]  
[SKFlatMaker::endRun,lines] #                    T            [inclusive]  
[SKFlatMaker::endRun,lines] #                 ankt            [algorithm]  
[SKFlatMaker::endRun,lines] #              15.0000            [ptjetmin]  
[SKFlatMaker::endRun,lines] #               0.0000            [etajetmin]  
[SKFlatMaker::endRun,lines] #              99.0000            [etajetmax]  
[SKFlatMaker::endRun,lines] #               0.4000            [Rcut]  
[SKFlatMaker::endRun,lines] #                    T            [makecuts]  
[SKFlatMaker::endRun,lines] #               3.0000            [leptpt]  
[SKFlatMaker::endRun,lines] #               2.7000            [leptrap]  
[SKFlatMaker::endRun,lines] #    0.000,   0.000                [leptveto]  
[SKFlatMaker::endRun,lines] #               0.0000            [misspt]  
[SKFlatMaker::endRun,lines] #               3.0000            [leptpt2]  
[SKFlatMaker::endRun,lines] #               2.7000            [leptrap2]  
[SKFlatMaker::endRun,lines] #    0.000,   0.000                [leptveto2]  
[SKFlatMaker::endRun,lines] #               0.0000            [mtrans34cut]  
[SKFlatMaker::endRun,lines] #               0.0000            [Rjlmin]  
[SKFlatMaker::endRun,lines] #               0.0000            [Rllmin]  
[SKFlatMaker::endRun,lines] #               0.0000            [delyjjmin]  
[SKFlatMaker::endRun,lines] #                    F            [jetsopphem]  
[SKFlatMaker::endRun,lines] #                    0            [lbjscheme]  
[SKFlatMaker::endRun,lines] #               0.0000            [ptbjetmin]  
[SKFlatMaker::endRun,lines] #              99.0000            [etabjetmax]  
[SKFlatMaker::endRun,lines] 
[SKFlatMaker::endRun,lines]  #  [Settings for photon processes] )
[SKFlatMaker::endRun,lines] #                    F            [frag]  
[SKFlatMaker::endRun,lines] #             GdRG__LO            [fragset]  
[SKFlatMaker::endRun,lines] #             900.0000            [frag_scale]  
[SKFlatMaker::endRun,lines] #              20.0000            [gammpt]  
[SKFlatMaker::endRun,lines] #               2.5000            [gammrap]  
[SKFlatMaker::endRun,lines] #              20.0000            [gammpt2]  
[SKFlatMaker::endRun,lines] #              20.0000            [gammpt3]  
[SKFlatMaker::endRun,lines] #               0.0000            [Rgalmin]  
[SKFlatMaker::endRun,lines] #               0.4000            [Rgagamin]  
[SKFlatMaker::endRun,lines] #               0.4000            [Rgajetmin]  
[SKFlatMaker::endRun,lines] #               0.4000            [cone_ang]  
[SKFlatMaker::endRun,lines] #               0.5000            [epsilon_h]  
[SKFlatMaker::endRun,lines] 
[SKFlatMaker::endRun,lines]  #  [Anomalous couplings of the W and Z] )
[SKFlatMaker::endRun,lines] #               0.0000            [delg1_z]  
[SKFlatMaker::endRun,lines] #               0.0000            [delk_z]  
[SKFlatMaker::endRun,lines] #               0.0000            [delk_g]  
[SKFlatMaker::endRun,lines] #               0.0000            [lambda_z]  
[SKFlatMaker::endRun,lines] #               0.0000            [lambda_g]  
[SKFlatMaker::endRun,lines] #               0.0000            [h1Z]  
[SKFlatMaker::endRun,lines] #               0.0000            [h1gam]  
[SKFlatMaker::endRun,lines] #               0.0000            [h2Z]  
[SKFlatMaker::endRun,lines] #               0.0000            [h2gam]  
[SKFlatMaker::endRun,lines] #               0.0000            [h3Z]  
[SKFlatMaker::endRun,lines] #               0.0000            [h3gam]  
[SKFlatMaker::endRun,lines] #               0.0000            [h4Z]  
[SKFlatMaker::endRun,lines] #               0.0000            [h4gam]  
[SKFlatMaker::endRun,lines] #               2.0000            [tevscale]  
[SKFlatMaker::endRun,lines] #               1.0000            [cttH]  
[SKFlatMaker::endRun,lines] #               1.0000            [cWWH]  
[SKFlatMaker::endRun,lines] #               1.0000            [Gamma_H/Gamma_H(SM)]  
[SKFlatMaker::endRun,lines] 
[SKFlatMaker::endRun,lines]  #  [How to resume/save a run] )
[SKFlatMaker::endRun,lines] #                    F            [readin]  
[SKFlatMaker::endRun,lines] #                    F            [writeout]  
[SKFlatMaker::endRun,lines] # GluGluToContinToZZTo            [ingridfile]  
[SKFlatMaker::endRun,lines] #                                 [outgridfile]  
[SKFlatMaker::endRun,lines] 
[SKFlatMaker::endRun,lines]  #  [Technical parameters that should not normally be changed]
[SKFlatMaker::endRun,lines] #                    F            [debug]  
[SKFlatMaker::endRun,lines] #                    T            [verbose]  
[SKFlatMaker::endRun,lines] #                    F            [new_pspace]  
[SKFlatMaker::endRun,lines] #                    F            [virtonly]  
[SKFlatMaker::endRun,lines] #                    F            [realonly]  
[SKFlatMaker::endRun,lines] #                    T            [spira]  
[SKFlatMaker::endRun,lines] #                    F            [noglue]  
[SKFlatMaker::endRun,lines] #                    F            [ggonly]  
[SKFlatMaker::endRun,lines] #                    F            [gqonly]  
[SKFlatMaker::endRun,lines] #                    F            [omitgg]  
[SKFlatMaker::endRun,lines] #                    F            [vanillafiles]  
[SKFlatMaker::endRun,lines] #                    1            [nmin]  
[SKFlatMaker::endRun,lines] #                    2            [nmax]  
[SKFlatMaker::endRun,lines] #                    T            [clustering]  
[SKFlatMaker::endRun,lines] #                    F            [realwt]  
[SKFlatMaker::endRun,lines] #                    0            [colourchoice]  
[SKFlatMaker::endRun,lines] #               0.0100            [rtsmin]  
[SKFlatMaker::endRun,lines] #               0.0042            [cutoff]  
[SKFlatMaker::endRun,lines] #               0.1000            [aii]  
[SKFlatMaker::endRun,lines] #               0.1000            [aif]  
[SKFlatMaker::endRun,lines] #               0.1000            [afi]  
[SKFlatMaker::endRun,lines] #               1.0000            [aff]  
[SKFlatMaker::endRun,lines] #               1.0000            [bfi]  
[SKFlatMaker::endRun,lines] #               1.0000            [bff]  
[SKFlatMaker::endRun,lines] 
[SKFlatMaker::endRun,lines] End of input.DAT content
[SKFlatMaker::endRun,lines]  Random number generator initialized with:   1289577369
[SKFlatMaker::endRun] ##### End of information about PDF weights #####
[SKFlatMaker::endJob] ++++++++++++++++++++++++++++++++++++++
[SKFlatMaker::endJob] analyzed 1 events: 
[SKFlatMaker::endJob] ++++++++++++++++++++++++++++++++++++++
