GT_MC = 106X_mcRun2_asymptotic_preVFP_v11
GT_DATA = 106X_dataRun2_v35
isMC = True
era = 2016preVFP
################
Running 2016preVFP
################
[SKFlatMaker::SKFlatMaker] DataYear = 2016
[SKFlatMaker::SKFlatMaker]
############# electron_IDtoSave #############
cutBasedElectronID-Fall17-94X-V2-veto
cutBasedElectronID-Fall17-94X-V2-loose
cutBasedElectronID-Fall17-94X-V2-medium
cutBasedElectronID-Fall17-94X-V2-tight
mvaEleID-Fall17-iso-V2-wp80
mvaEleID-Fall17-iso-V2-wp90
mvaEleID-Fall17-iso-V2-wpHZZ
mvaEleID-Fall17-iso-V2-wpLoose
mvaEleID-Fall17-noIso-V2-wp80
mvaEleID-Fall17-noIso-V2-wp90
mvaEleID-Fall17-noIso-V2-wpLoose
heepElectronID-HEEPV70
#############################################
[SKFlatMaker::SKFlatMaker] Rochester correction file from : /data6/Users/hsseo/Run2UltraLegacy_v3__CMSSW_10_6_29/src/SKFlatMaker/SKFlatMaker/data/roccor.Run2.v5/RoccoR2016aUL.txt
[SKFlatMaker::beginLuminosityBlock] <weight> id=0 name='nominal' </weight>
[SKFlatMaker::beginLuminosityBlock] <weight> id=1 name='Baseline' </weight>
[SKFlatMaker::beginLuminosityBlock] <weight> id=2 name='fsr:murfac=0.707' </weight>
[SKFlatMaker::beginLuminosityBlock] <weight> id=3 name='fsr:murfac=1.414' </weight>
[SKFlatMaker::beginLuminosityBlock] <weight> id=4 name='fsr:murfac=0.5' </weight>
[SKFlatMaker::beginLuminosityBlock] <weight> id=5 name='fsr:murfac=2.0' </weight>
[SKFlatMaker::beginLuminosityBlock] <weight> id=6 name='fsr:murfac=0.25' </weight>
[SKFlatMaker::beginLuminosityBlock] <weight> id=7 name='fsr:murfac=4.0' </weight>
[SKFlatMaker::beginLuminosityBlock] <weight> id=8 name='fsr:g2gg:murfac=0.5' </weight>
[SKFlatMaker::beginLuminosityBlock] <weight> id=9 name='fsr:g2gg:murfac=2.0' </weight>
[SKFlatMaker::beginLuminosityBlock] <weight> id=10 name='fsr:g2qq:murfac=0.5' </weight>
[SKFlatMaker::beginLuminosityBlock] <weight> id=11 name='fsr:g2qq:murfac=2.0' </weight>
[SKFlatMaker::beginLuminosityBlock] <weight> id=12 name='fsr:q2qg:murfac=0.5' </weight>
[SKFlatMaker::beginLuminosityBlock] <weight> id=13 name='fsr:q2qg:murfac=2.0' </weight>
[SKFlatMaker::beginLuminosityBlock] <weight> id=14 name='fsr:x2xg:murfac=0.5' </weight>
[SKFlatMaker::beginLuminosityBlock] <weight> id=15 name='fsr:x2xg:murfac=2.0' </weight>
[SKFlatMaker::beginLuminosityBlock] <weight> id=16 name='fsr:g2gg:cns=-2.0' </weight>
[SKFlatMaker::beginLuminosityBlock] <weight> id=17 name='fsr:g2gg:cns=2.0' </weight>
[SKFlatMaker::beginLuminosityBlock] <weight> id=18 name='fsr:g2qq:cns=-2.0' </weight>
[SKFlatMaker::beginLuminosityBlock] <weight> id=19 name='fsr:g2qq:cns=2.0' </weight>
[SKFlatMaker::beginLuminosityBlock] <weight> id=20 name='fsr:q2qg:cns=-2.0' </weight>
[SKFlatMaker::beginLuminosityBlock] <weight> id=21 name='fsr:q2qg:cns=2.0' </weight>
[SKFlatMaker::beginLuminosityBlock] <weight> id=22 name='fsr:x2xg:cns=-2.0' </weight>
[SKFlatMaker::beginLuminosityBlock] <weight> id=23 name='fsr:x2xg:cns=2.0' </weight>
[SKFlatMaker::beginLuminosityBlock] <weight> id=24 name='isr:murfac=0.707' </weight>
[SKFlatMaker::beginLuminosityBlock] <weight> id=25 name='isr:murfac=1.414' </weight>
[SKFlatMaker::beginLuminosityBlock] <weight> id=26 name='isr:murfac=0.5' </weight>
[SKFlatMaker::beginLuminosityBlock] <weight> id=27 name='isr:murfac=2.0' </weight>
[SKFlatMaker::beginLuminosityBlock] <weight> id=28 name='isr:murfac=0.25' </weight>
[SKFlatMaker::beginLuminosityBlock] <weight> id=29 name='isr:murfac=4.0' </weight>
[SKFlatMaker::beginLuminosityBlock] <weight> id=30 name='isr:g2gg:murfac=0.5' </weight>
[SKFlatMaker::beginLuminosityBlock] <weight> id=31 name='isr:g2gg:murfac=2.0' </weight>
[SKFlatMaker::beginLuminosityBlock] <weight> id=32 name='isr:g2qq:murfac=0.5' </weight>
[SKFlatMaker::beginLuminosityBlock] <weight> id=33 name='isr:g2qq:murfac=2.0' </weight>
[SKFlatMaker::beginLuminosityBlock] <weight> id=34 name='isr:q2qg:murfac=0.5' </weight>
[SKFlatMaker::beginLuminosityBlock] <weight> id=35 name='isr:q2qg:murfac=2.0' </weight>
[SKFlatMaker::beginLuminosityBlock] <weight> id=36 name='isr:x2xg:murfac=0.5' </weight>
[SKFlatMaker::beginLuminosityBlock] <weight> id=37 name='isr:x2xg:murfac=2.0' </weight>
[SKFlatMaker::beginLuminosityBlock] <weight> id=38 name='isr:g2gg:cns=-2.0' </weight>
[SKFlatMaker::beginLuminosityBlock] <weight> id=39 name='isr:g2gg:cns=2.0' </weight>
[SKFlatMaker::beginLuminosityBlock] <weight> id=40 name='isr:g2qq:cns=-2.0' </weight>
[SKFlatMaker::beginLuminosityBlock] <weight> id=41 name='isr:g2qq:cns=2.0' </weight>
[SKFlatMaker::beginLuminosityBlock] <weight> id=42 name='isr:q2qg:cns=-2.0' </weight>
[SKFlatMaker::beginLuminosityBlock] <weight> id=43 name='isr:q2qg:cns=2.0' </weight>
[SKFlatMaker::beginLuminosityBlock] <weight> id=44 name='isr:x2xg:cns=-2.0' </weight>
[SKFlatMaker::beginLuminosityBlock] <weight> id=45 name='isr:x2xg:cns=2.0' </weight>
[SKFlatMaker::endJob] ++++++++++++++++++++++++++++++++++++++
[SKFlatMaker::endJob] analyzed 1 events: 
[SKFlatMaker::endJob] ++++++++++++++++++++++++++++++++++++++
