GT_MC = 106X_mc2017_realistic_v8
GT_DATA = 106X_dataRun2_v35
isMC = True
isPrivateSample = False
era = 2017
################
Running 2017
################
[SKFlatMaker::SKFlatMaker] DataYear = 2017
[SKFlatMaker::SKFlatMaker]
############# electron_IDtoSave #############
cutBasedElectronID-Fall17-94X-V2-veto
cutBasedElectronID-Fall17-94X-V2-loose
cutBasedElectronID-Fall17-94X-V2-medium
cutBasedElectronID-Fall17-94X-V2-tight
mvaEleID-Fall17-iso-V2-wp80
mvaEleID-Fall17-iso-V2-wp90
mvaEleID-Fall17-iso-V2-wpHZZ
mvaEleID-Fall17-iso-V2-wpLoose
mvaEleID-Fall17-noIso-V2-wp80
mvaEleID-Fall17-noIso-V2-wp90
mvaEleID-Fall17-noIso-V2-wpLoose
heepElectronID-HEEPV70
#############################################
[SKFlatMaker::SKFlatMaker] Rochester correction file from : /data6/Users/hsseo/Run2UltraLegacy_v2__CMSSW_10_6_26/src/SKFlatMaker/SKFlatMaker/data/roccor.Run2.v5/RoccoR2017UL.txt
[SKFlatMaker::endJob] ++++++++++++++++++++++++++++++++++++++
[SKFlatMaker::endJob] analyzed 1 events: 
[SKFlatMaker::endJob] ++++++++++++++++++++++++++++++++++++++
