GT_MC = 106X_upgrade2018_realistic_v16_L1v1
GT_DATA = 106X_dataRun2_v35
isMC = True
era = 2018
################
Running 2018
################
[SKFlatMaker::SKFlatMaker] DataYear = 2018
[SKFlatMaker::SKFlatMaker]
############# electron_IDtoSave #############
cutBasedElectronID-Fall17-94X-V2-veto
cutBasedElectronID-Fall17-94X-V2-loose
cutBasedElectronID-Fall17-94X-V2-medium
cutBasedElectronID-Fall17-94X-V2-tight
mvaEleID-Fall17-iso-V2-wp80
mvaEleID-Fall17-iso-V2-wp90
mvaEleID-Fall17-iso-V2-wpHZZ
mvaEleID-Fall17-iso-V2-wpLoose
mvaEleID-Fall17-noIso-V2-wp80
mvaEleID-Fall17-noIso-V2-wp90
mvaEleID-Fall17-noIso-V2-wpLoose
heepElectronID-HEEPV70
#############################################
[SKFlatMaker::SKFlatMaker] Rochester correction file from : /data6/Users/hsseo/Run2UltraLegacy_v3__CMSSW_10_6_29/src/SKFlatMaker/SKFlatMaker/data/roccor.Run2.v5/RoccoR2018UL.txt
[SKFlatMaker::beginLuminosityBlock] <weight> id=0 name='nominal' </weight>
[SKFlatMaker::beginLuminosityBlock] <weight> id=1 name='Baseline' </weight>
[SKFlatMaker::beginLuminosityBlock] <weight> id=2 name='fsr:murfac=0.707' </weight>
[SKFlatMaker::beginLuminosityBlock] <weight> id=3 name='fsr:murfac=1.414' </weight>
[SKFlatMaker::beginLuminosityBlock] <weight> id=4 name='fsr:murfac=0.5' </weight>
[SKFlatMaker::beginLuminosityBlock] <weight> id=5 name='fsr:murfac=2.0' </weight>
[SKFlatMaker::beginLuminosityBlock] <weight> id=6 name='fsr:murfac=0.25' </weight>
[SKFlatMaker::beginLuminosityBlock] <weight> id=7 name='fsr:murfac=4.0' </weight>
[SKFlatMaker::beginLuminosityBlock] <weight> id=8 name='fsr:g2gg:murfac=0.5' </weight>
[SKFlatMaker::beginLuminosityBlock] <weight> id=9 name='fsr:g2gg:murfac=2.0' </weight>
[SKFlatMaker::beginLuminosityBlock] <weight> id=10 name='fsr:g2qq:murfac=0.5' </weight>
[SKFlatMaker::beginLuminosityBlock] <weight> id=11 name='fsr:g2qq:murfac=2.0' </weight>
[SKFlatMaker::beginLuminosityBlock] <weight> id=12 name='fsr:q2qg:murfac=0.5' </weight>
[SKFlatMaker::beginLuminosityBlock] <weight> id=13 name='fsr:q2qg:murfac=2.0' </weight>
[SKFlatMaker::beginLuminosityBlock] <weight> id=14 name='fsr:x2xg:murfac=0.5' </weight>
[SKFlatMaker::beginLuminosityBlock] <weight> id=15 name='fsr:x2xg:murfac=2.0' </weight>
[SKFlatMaker::beginLuminosityBlock] <weight> id=16 name='fsr:g2gg:cns=-2.0' </weight>
[SKFlatMaker::beginLuminosityBlock] <weight> id=17 name='fsr:g2gg:cns=2.0' </weight>
[SKFlatMaker::beginLuminosityBlock] <weight> id=18 name='fsr:g2qq:cns=-2.0' </weight>
[SKFlatMaker::beginLuminosityBlock] <weight> id=19 name='fsr:g2qq:cns=2.0' </weight>
[SKFlatMaker::beginLuminosityBlock] <weight> id=20 name='fsr:q2qg:cns=-2.0' </weight>
[SKFlatMaker::beginLuminosityBlock] <weight> id=21 name='fsr:q2qg:cns=2.0' </weight>
[SKFlatMaker::beginLuminosityBlock] <weight> id=22 name='fsr:x2xg:cns=-2.0' </weight>
[SKFlatMaker::beginLuminosityBlock] <weight> id=23 name='fsr:x2xg:cns=2.0' </weight>
[SKFlatMaker::beginLuminosityBlock] <weight> id=24 name='isr:murfac=0.707' </weight>
[SKFlatMaker::beginLuminosityBlock] <weight> id=25 name='isr:murfac=1.414' </weight>
[SKFlatMaker::beginLuminosityBlock] <weight> id=26 name='isr:murfac=0.5' </weight>
[SKFlatMaker::beginLuminosityBlock] <weight> id=27 name='isr:murfac=2.0' </weight>
[SKFlatMaker::beginLuminosityBlock] <weight> id=28 name='isr:murfac=0.25' </weight>
[SKFlatMaker::beginLuminosityBlock] <weight> id=29 name='isr:murfac=4.0' </weight>
[SKFlatMaker::beginLuminosityBlock] <weight> id=30 name='isr:g2gg:murfac=0.5' </weight>
[SKFlatMaker::beginLuminosityBlock] <weight> id=31 name='isr:g2gg:murfac=2.0' </weight>
[SKFlatMaker::beginLuminosityBlock] <weight> id=32 name='isr:g2qq:murfac=0.5' </weight>
[SKFlatMaker::beginLuminosityBlock] <weight> id=33 name='isr:g2qq:murfac=2.0' </weight>
[SKFlatMaker::beginLuminosityBlock] <weight> id=34 name='isr:q2qg:murfac=0.5' </weight>
[SKFlatMaker::beginLuminosityBlock] <weight> id=35 name='isr:q2qg:murfac=2.0' </weight>
[SKFlatMaker::beginLuminosityBlock] <weight> id=36 name='isr:x2xg:murfac=0.5' </weight>
[SKFlatMaker::beginLuminosityBlock] <weight> id=37 name='isr:x2xg:murfac=2.0' </weight>
[SKFlatMaker::beginLuminosityBlock] <weight> id=38 name='isr:g2gg:cns=-2.0' </weight>
[SKFlatMaker::beginLuminosityBlock] <weight> id=39 name='isr:g2gg:cns=2.0' </weight>
[SKFlatMaker::beginLuminosityBlock] <weight> id=40 name='isr:g2qq:cns=-2.0' </weight>
[SKFlatMaker::beginLuminosityBlock] <weight> id=41 name='isr:g2qq:cns=2.0' </weight>
[SKFlatMaker::beginLuminosityBlock] <weight> id=42 name='isr:q2qg:cns=-2.0' </weight>
[SKFlatMaker::beginLuminosityBlock] <weight> id=43 name='isr:q2qg:cns=2.0' </weight>
[SKFlatMaker::beginLuminosityBlock] <weight> id=44 name='isr:x2xg:cns=-2.0' </weight>
[SKFlatMaker::beginLuminosityBlock] <weight> id=45 name='isr:x2xg:cns=2.0' </weight>
[SKFlatMaker::endRun] ##### Information about PDF weights #####
[SKFlatMaker::endRun,tag] 
[SKFlatMaker::endRun,lines] 
[SKFlatMaker::endRun,lines] file generated with POWHEG-BOX-V2
[SKFlatMaker::endRun,lines] SVN status Begin
[SKFlatMaker::endRun,lines] /afs/cern.ch/work/c/cericeci/private/SUSMC/CMSSW_11_0_1/src/genproductions/bin/Powheg/my_ZZ/POWHEG-BOX/ZZ
[SKFlatMaker::endRun,lines] no svn repository found
[SKFlatMaker::endRun,lines] /afs/cern.ch/work/c/cericeci/private/SUSMC/CMSSW_11_0_1/src/genproductions/bin/Powheg/my_ZZ/POWHEG-BOX
[SKFlatMaker::endRun,lines] URL: svn://powhegbox.mib.infn.it/trunk/POWHEG-BOX-V2
[SKFlatMaker::endRun,lines] Rev.3728
[SKFlatMaker::endRun,lines] Warning: not a clean version:
[SKFlatMaker::endRun,lines] M       include/pwhg_lhrwgt.h
[SKFlatMaker::endRun,lines] M       include/pwhg_rwl.h
[SKFlatMaker::endRun,lines] M       lhapdf6if.f
[SKFlatMaker::endRun,lines] M       lhefwrite.f
[SKFlatMaker::endRun,lines] M       rwl_weightlists.f
[SKFlatMaker::endRun,lines] SVN status End
[SKFlatMaker::endRun,lines] Process: ZZ
[SKFlatMaker::endRun,lines] Input file powheg.input contained:
[SKFlatMaker::endRun,lines] ! ZZ boson production parameters
[SKFlatMaker::endRun,lines] mllmin 4d0         ! default 0.1 GeV this is minimum invar mass for Z leptons
[SKFlatMaker::endRun,lines] 
[SKFlatMaker::endRun,lines] numevts 3000
[SKFlatMaker::endRun,lines] ih1   1           ! hadron 1 (1 for protons, -1 for antiprotons)
[SKFlatMaker::endRun,lines] ih2   1           ! hadron 2 (1 for protons, -1 for antiprotons)
[SKFlatMaker::endRun,lines] ebeam1 6500d0     ! energy of beam 1
[SKFlatMaker::endRun,lines] ebeam2 6500d0     ! energy of beam 2
[SKFlatMaker::endRun,lines] ! To be set only if using LHA pdfs
[SKFlatMaker::endRun,lines] lhans1   325300   ! pdf set for hadron 1 (LHA numbering)
[SKFlatMaker::endRun,lines] lhans2   325300   ! pdf set for hadron 2 (LHA numbering)
[SKFlatMaker::endRun,lines] ! Parameters to allow or not the use of stored data
[SKFlatMaker::endRun,lines] use-old-grid    1 ! if 1 use old grid if file pwggrids.dat is present (<> 1 regenerate)
[SKFlatMaker::endRun,lines] use-old-ubound  1 ! if 1 use norm of upper bounding function stored in pwgubound.dat, if present; <>
[SKFlatMaker::endRun,lines] 
[SKFlatMaker::endRun,lines] ncall1   1000000   ! number of calls for initializing the integration grid
[SKFlatMaker::endRun,lines] itmx1    4        ! number of iterations for initializing the integration grid
[SKFlatMaker::endRun,lines] ncall2   1000000  ! number of calls for computing the integral and finding upper bounds
[SKFlatMaker::endRun,lines] itmx2    5        ! number of iterations for computing the integral and finding upper bound
[SKFlatMaker::endRun,lines] foldcsi   2       ! number of folds on csi integration
[SKFlatMaker::endRun,lines] foldy     5       ! number of folds on  y  integration
[SKFlatMaker::endRun,lines] foldphi   2       ! number of folds on phi integration
[SKFlatMaker::endRun,lines] nubound  1000000  ! number of bbarra calls to setup norm of upper bounding function
[SKFlatMaker::endRun,lines] 
[SKFlatMaker::endRun,lines] ! OPTIONAL PARAMETERS
[SKFlatMaker::endRun,lines] 
[SKFlatMaker::endRun,lines] renscfact  1d0   ! (default 1d0) ren scale factor: muren  = muref * renscfact
[SKFlatMaker::endRun,lines] facscfact  1d0   ! (default 1d0) fac scale factor: mufact = muref * facscfact
[SKFlatMaker::endRun,lines] iseed 780920235
[SKFlatMaker::endRun,lines] 
[SKFlatMaker::endRun,lines] leptons-nu 1
[SKFlatMaker::endRun,lines] 
[SKFlatMaker::endRun,lines] 
[SKFlatMaker::endRun,lines] #pdfreweight 0
[SKFlatMaker::endRun,lines] #storeinfo_rwgt 0
[SKFlatMaker::endRun,lines] #withnegweights 1 1
[SKFlatMaker::endRun,lines] 
[SKFlatMaker::endRun,lines] 
[SKFlatMaker::endRun,lines] #manyseeds 1
[SKFlatMaker::endRun,lines] 
[SKFlatMaker::endRun,lines] #parallelstage 4
[SKFlatMaker::endRun,lines] 
[SKFlatMaker::endRun,lines] #xgriditeration 1 1
[SKFlatMaker::endRun,lines] rwl_group_events 2000
[SKFlatMaker::endRun,lines] lhapdf6maxsets 50
[SKFlatMaker::endRun,lines] rwl_file 'pwg-rwl.dat'
[SKFlatMaker::endRun,lines] rwl_format_rwgt 1
[SKFlatMaker::endRun,lines] End of powheg.input content
[SKFlatMaker::endRun,lines] PDF package: lha
[SKFlatMaker::endRun,lines]  Random number generator initialized with:    780920235             0             0
[SKFlatMaker::endRun,tag] initrwgt
[SKFlatMaker::endRun,lines] 
[SKFlatMaker::endRun,lines] <weightgroup combine="envelope" name="scale_variation">
[SKFlatMaker::endRun,lines] <weight id="1001"> lhapdf=325300 renscfact=1d0 facscfact=1d0 </weight>
[SKFlatMaker::endRun,lines] <weight id="1002"> lhapdf=325300 renscfact=1d0 facscfact=2d0 </weight>
[SKFlatMaker::endRun,lines] <weight id="1003"> lhapdf=325300 renscfact=1d0 facscfact=0.5d0 </weight>
[SKFlatMaker::endRun,lines] <weight id="1004"> lhapdf=325300 renscfact=2d0 facscfact=1d0 </weight>
[SKFlatMaker::endRun,lines] <weight id="1005"> lhapdf=325300 renscfact=2d0 facscfact=2d0 </weight>
[SKFlatMaker::endRun,lines] <weight id="1006"> lhapdf=325300 renscfact=2d0 facscfact=0.5d0 </weight>
[SKFlatMaker::endRun,lines] <weight id="1007"> lhapdf=325300 renscfact=0.5d0 facscfact=1d0 </weight>
[SKFlatMaker::endRun,lines] <weight id="1008"> lhapdf=325300 renscfact=0.5d0 facscfact=2d0 </weight>
[SKFlatMaker::endRun,lines] <weight id="1009"> lhapdf=325300 renscfact=0.5d0 facscfact=0.5d0 </weight>
[SKFlatMaker::endRun,lines] </weightgroup>
[SKFlatMaker::endRun,lines] <weightgroup combine="hessian" name="PDF_variation1">
[SKFlatMaker::endRun,lines] <weight id="2000"> lhapdf=320900 </weight>
[SKFlatMaker::endRun,lines] <weight id="2001"> lhapdf=320901 </weight>
[SKFlatMaker::endRun,lines] <weight id="2002"> lhapdf=320902 </weight>
[SKFlatMaker::endRun,lines] <weight id="2003"> lhapdf=320903 </weight>
[SKFlatMaker::endRun,lines] <weight id="2004"> lhapdf=320904 </weight>
[SKFlatMaker::endRun,lines] <weight id="2005"> lhapdf=320905 </weight>
[SKFlatMaker::endRun,lines] <weight id="2006"> lhapdf=320906 </weight>
[SKFlatMaker::endRun,lines] <weight id="2007"> lhapdf=320907 </weight>
[SKFlatMaker::endRun,lines] <weight id="2008"> lhapdf=320908 </weight>
[SKFlatMaker::endRun,lines] <weight id="2009"> lhapdf=320909 </weight>
[SKFlatMaker::endRun,lines] <weight id="2010"> lhapdf=320910 </weight>
[SKFlatMaker::endRun,lines] <weight id="2011"> lhapdf=320911 </weight>
[SKFlatMaker::endRun,lines] <weight id="2012"> lhapdf=320912 </weight>
[SKFlatMaker::endRun,lines] <weight id="2013"> lhapdf=320913 </weight>
[SKFlatMaker::endRun,lines] <weight id="2014"> lhapdf=320914 </weight>
[SKFlatMaker::endRun,lines] <weight id="2015"> lhapdf=320915 </weight>
[SKFlatMaker::endRun,lines] <weight id="2016"> lhapdf=320916 </weight>
[SKFlatMaker::endRun,lines] <weight id="2017"> lhapdf=320917 </weight>
[SKFlatMaker::endRun,lines] <weight id="2018"> lhapdf=320918 </weight>
[SKFlatMaker::endRun,lines] <weight id="2019"> lhapdf=320919 </weight>
[SKFlatMaker::endRun,lines] <weight id="2020"> lhapdf=320920 </weight>
[SKFlatMaker::endRun,lines] <weight id="2021"> lhapdf=320921 </weight>
[SKFlatMaker::endRun,lines] <weight id="2022"> lhapdf=320922 </weight>
[SKFlatMaker::endRun,lines] <weight id="2023"> lhapdf=320923 </weight>
[SKFlatMaker::endRun,lines] <weight id="2024"> lhapdf=320924 </weight>
[SKFlatMaker::endRun,lines] <weight id="2025"> lhapdf=320925 </weight>
[SKFlatMaker::endRun,lines] <weight id="2026"> lhapdf=320926 </weight>
[SKFlatMaker::endRun,lines] <weight id="2027"> lhapdf=320927 </weight>
[SKFlatMaker::endRun,lines] <weight id="2028"> lhapdf=320928 </weight>
[SKFlatMaker::endRun,lines] <weight id="2029"> lhapdf=320929 </weight>
[SKFlatMaker::endRun,lines] <weight id="2030"> lhapdf=320930 </weight>
[SKFlatMaker::endRun,lines] <weight id="2031"> lhapdf=320931 </weight>
[SKFlatMaker::endRun,lines] <weight id="2032"> lhapdf=320932 </weight>
[SKFlatMaker::endRun,lines] <weight id="2033"> lhapdf=320933 </weight>
[SKFlatMaker::endRun,lines] <weight id="2034"> lhapdf=320934 </weight>
[SKFlatMaker::endRun,lines] <weight id="2035"> lhapdf=320935 </weight>
[SKFlatMaker::endRun,lines] <weight id="2036"> lhapdf=320936 </weight>
[SKFlatMaker::endRun,lines] <weight id="2037"> lhapdf=320937 </weight>
[SKFlatMaker::endRun,lines] <weight id="2038"> lhapdf=320938 </weight>
[SKFlatMaker::endRun,lines] <weight id="2039"> lhapdf=320939 </weight>
[SKFlatMaker::endRun,lines] <weight id="2040"> lhapdf=320940 </weight>
[SKFlatMaker::endRun,lines] <weight id="2041"> lhapdf=320941 </weight>
[SKFlatMaker::endRun,lines] <weight id="2042"> lhapdf=320942 </weight>
[SKFlatMaker::endRun,lines] <weight id="2043"> lhapdf=320943 </weight>
[SKFlatMaker::endRun,lines] <weight id="2044"> lhapdf=320944 </weight>
[SKFlatMaker::endRun,lines] <weight id="2045"> lhapdf=320945 </weight>
[SKFlatMaker::endRun,lines] <weight id="2046"> lhapdf=320946 </weight>
[SKFlatMaker::endRun,lines] <weight id="2047"> lhapdf=320947 </weight>
[SKFlatMaker::endRun,lines] <weight id="2048"> lhapdf=320948 </weight>
[SKFlatMaker::endRun,lines] <weight id="2049"> lhapdf=320949 </weight>
[SKFlatMaker::endRun,lines] <weight id="2050"> lhapdf=320950 </weight>
[SKFlatMaker::endRun,lines] <weight id="2051"> lhapdf=320951 </weight>
[SKFlatMaker::endRun,lines] <weight id="2052"> lhapdf=320952 </weight>
[SKFlatMaker::endRun,lines] <weight id="2053"> lhapdf=320953 </weight>
[SKFlatMaker::endRun,lines] <weight id="2054"> lhapdf=320954 </weight>
[SKFlatMaker::endRun,lines] <weight id="2055"> lhapdf=320955 </weight>
[SKFlatMaker::endRun,lines] <weight id="2056"> lhapdf=320956 </weight>
[SKFlatMaker::endRun,lines] <weight id="2057"> lhapdf=320957 </weight>
[SKFlatMaker::endRun,lines] <weight id="2058"> lhapdf=320958 </weight>
[SKFlatMaker::endRun,lines] <weight id="2059"> lhapdf=320959 </weight>
[SKFlatMaker::endRun,lines] <weight id="2060"> lhapdf=320960 </weight>
[SKFlatMaker::endRun,lines] <weight id="2061"> lhapdf=320961 </weight>
[SKFlatMaker::endRun,lines] <weight id="2062"> lhapdf=320962 </weight>
[SKFlatMaker::endRun,lines] <weight id="2063"> lhapdf=320963 </weight>
[SKFlatMaker::endRun,lines] <weight id="2064"> lhapdf=320964 </weight>
[SKFlatMaker::endRun,lines] <weight id="2065"> lhapdf=320965 </weight>
[SKFlatMaker::endRun,lines] <weight id="2066"> lhapdf=320966 </weight>
[SKFlatMaker::endRun,lines] <weight id="2067"> lhapdf=320967 </weight>
[SKFlatMaker::endRun,lines] <weight id="2068"> lhapdf=320968 </weight>
[SKFlatMaker::endRun,lines] <weight id="2069"> lhapdf=320969 </weight>
[SKFlatMaker::endRun,lines] <weight id="2070"> lhapdf=320970 </weight>
[SKFlatMaker::endRun,lines] <weight id="2071"> lhapdf=320971 </weight>
[SKFlatMaker::endRun,lines] <weight id="2072"> lhapdf=320972 </weight>
[SKFlatMaker::endRun,lines] <weight id="2073"> lhapdf=320973 </weight>
[SKFlatMaker::endRun,lines] <weight id="2074"> lhapdf=320974 </weight>
[SKFlatMaker::endRun,lines] <weight id="2075"> lhapdf=320975 </weight>
[SKFlatMaker::endRun,lines] <weight id="2076"> lhapdf=320976 </weight>
[SKFlatMaker::endRun,lines] <weight id="2077"> lhapdf=320977 </weight>
[SKFlatMaker::endRun,lines] <weight id="2078"> lhapdf=320978 </weight>
[SKFlatMaker::endRun,lines] <weight id="2079"> lhapdf=320979 </weight>
[SKFlatMaker::endRun,lines] <weight id="2080"> lhapdf=320980 </weight>
[SKFlatMaker::endRun,lines] <weight id="2081"> lhapdf=320981 </weight>
[SKFlatMaker::endRun,lines] <weight id="2082"> lhapdf=320982 </weight>
[SKFlatMaker::endRun,lines] <weight id="2083"> lhapdf=320983 </weight>
[SKFlatMaker::endRun,lines] <weight id="2084"> lhapdf=320984 </weight>
[SKFlatMaker::endRun,lines] <weight id="2085"> lhapdf=320985 </weight>
[SKFlatMaker::endRun,lines] <weight id="2086"> lhapdf=320986 </weight>
[SKFlatMaker::endRun,lines] <weight id="2087"> lhapdf=320987 </weight>
[SKFlatMaker::endRun,lines] <weight id="2088"> lhapdf=320988 </weight>
[SKFlatMaker::endRun,lines] <weight id="2089"> lhapdf=320989 </weight>
[SKFlatMaker::endRun,lines] <weight id="2090"> lhapdf=320990 </weight>
[SKFlatMaker::endRun,lines] <weight id="2091"> lhapdf=320991 </weight>
[SKFlatMaker::endRun,lines] <weight id="2092"> lhapdf=320992 </weight>
[SKFlatMaker::endRun,lines] <weight id="2093"> lhapdf=320993 </weight>
[SKFlatMaker::endRun,lines] <weight id="2094"> lhapdf=320994 </weight>
[SKFlatMaker::endRun,lines] <weight id="2095"> lhapdf=320995 </weight>
[SKFlatMaker::endRun,lines] <weight id="2096"> lhapdf=320996 </weight>
[SKFlatMaker::endRun,lines] <weight id="2097"> lhapdf=320997 </weight>
[SKFlatMaker::endRun,lines] <weight id="2098"> lhapdf=320998 </weight>
[SKFlatMaker::endRun,lines] <weight id="2099"> lhapdf=320999 </weight>
[SKFlatMaker::endRun,lines] <weight id="2100"> lhapdf=321000 </weight>
[SKFlatMaker::endRun,lines] <weight id="2104"> lhapdf=322500 </weight>
[SKFlatMaker::endRun,lines] <weight id="2105"> lhapdf=322700 </weight>
[SKFlatMaker::endRun,lines] <weight id="2106"> lhapdf=322900 </weight>
[SKFlatMaker::endRun,lines] <weight id="2107"> lhapdf=323100 </weight>
[SKFlatMaker::endRun,lines] <weight id="2108"> lhapdf=323300 </weight>
[SKFlatMaker::endRun,lines] <weight id="2109"> lhapdf=323500 </weight>
[SKFlatMaker::endRun,lines] <weight id="2110"> lhapdf=323700 </weight>
[SKFlatMaker::endRun,lines] <weight id="2111"> lhapdf=323900 </weight>
[SKFlatMaker::endRun,lines] <weight id="3000"> lhapdf=305800 </weight>
[SKFlatMaker::endRun,lines] <weight id="3001"> lhapdf=305801 </weight>
[SKFlatMaker::endRun,lines] <weight id="3002"> lhapdf=305802 </weight>
[SKFlatMaker::endRun,lines] <weight id="3003"> lhapdf=305803 </weight>
[SKFlatMaker::endRun,lines] <weight id="3004"> lhapdf=305804 </weight>
[SKFlatMaker::endRun,lines] <weight id="3005"> lhapdf=305805 </weight>
[SKFlatMaker::endRun,lines] <weight id="3006"> lhapdf=305806 </weight>
[SKFlatMaker::endRun,lines] <weight id="3007"> lhapdf=305807 </weight>
[SKFlatMaker::endRun,lines] <weight id="3008"> lhapdf=305808 </weight>
[SKFlatMaker::endRun,lines] <weight id="3009"> lhapdf=305809 </weight>
[SKFlatMaker::endRun,lines] <weight id="3010"> lhapdf=305810 </weight>
[SKFlatMaker::endRun,lines] <weight id="3011"> lhapdf=305811 </weight>
[SKFlatMaker::endRun,lines] <weight id="3012"> lhapdf=305812 </weight>
[SKFlatMaker::endRun,lines] <weight id="3013"> lhapdf=305813 </weight>
[SKFlatMaker::endRun,lines] <weight id="3014"> lhapdf=305814 </weight>
[SKFlatMaker::endRun,lines] <weight id="3015"> lhapdf=305815 </weight>
[SKFlatMaker::endRun,lines] <weight id="3016"> lhapdf=305816 </weight>
[SKFlatMaker::endRun,lines] <weight id="3017"> lhapdf=305817 </weight>
[SKFlatMaker::endRun,lines] <weight id="3018"> lhapdf=305818 </weight>
[SKFlatMaker::endRun,lines] <weight id="3019"> lhapdf=305819 </weight>
[SKFlatMaker::endRun,lines] <weight id="3020"> lhapdf=305820 </weight>
[SKFlatMaker::endRun,lines] <weight id="3021"> lhapdf=305821 </weight>
[SKFlatMaker::endRun,lines] <weight id="3022"> lhapdf=305822 </weight>
[SKFlatMaker::endRun,lines] <weight id="3023"> lhapdf=305823 </weight>
[SKFlatMaker::endRun,lines] <weight id="3024"> lhapdf=305824 </weight>
[SKFlatMaker::endRun,lines] <weight id="3025"> lhapdf=305825 </weight>
[SKFlatMaker::endRun,lines] <weight id="3026"> lhapdf=305826 </weight>
[SKFlatMaker::endRun,lines] <weight id="3027"> lhapdf=305827 </weight>
[SKFlatMaker::endRun,lines] <weight id="3028"> lhapdf=305828 </weight>
[SKFlatMaker::endRun,lines] <weight id="3029"> lhapdf=305829 </weight>
[SKFlatMaker::endRun,lines] <weight id="3030"> lhapdf=305830 </weight>
[SKFlatMaker::endRun,lines] <weight id="3031"> lhapdf=305831 </weight>
[SKFlatMaker::endRun,lines] <weight id="3032"> lhapdf=305832 </weight>
[SKFlatMaker::endRun,lines] <weight id="3033"> lhapdf=305833 </weight>
[SKFlatMaker::endRun,lines] <weight id="3034"> lhapdf=305834 </weight>
[SKFlatMaker::endRun,lines] <weight id="3035"> lhapdf=305835 </weight>
[SKFlatMaker::endRun,lines] <weight id="3036"> lhapdf=305836 </weight>
[SKFlatMaker::endRun,lines] <weight id="3037"> lhapdf=305837 </weight>
[SKFlatMaker::endRun,lines] <weight id="3038"> lhapdf=305838 </weight>
[SKFlatMaker::endRun,lines] <weight id="3039"> lhapdf=305839 </weight>
[SKFlatMaker::endRun,lines] <weight id="3040"> lhapdf=305840 </weight>
[SKFlatMaker::endRun,lines] <weight id="3041"> lhapdf=305841 </weight>
[SKFlatMaker::endRun,lines] <weight id="3042"> lhapdf=305842 </weight>
[SKFlatMaker::endRun,lines] <weight id="3043"> lhapdf=305843 </weight>
[SKFlatMaker::endRun,lines] <weight id="3044"> lhapdf=305844 </weight>
[SKFlatMaker::endRun,lines] <weight id="3045"> lhapdf=305845 </weight>
[SKFlatMaker::endRun,lines] <weight id="3046"> lhapdf=305846 </weight>
[SKFlatMaker::endRun,lines] <weight id="3047"> lhapdf=305847 </weight>
[SKFlatMaker::endRun,lines] <weight id="3048"> lhapdf=305848 </weight>
[SKFlatMaker::endRun,lines] <weight id="3049"> lhapdf=305849 </weight>
[SKFlatMaker::endRun,lines] <weight id="3050"> lhapdf=305850 </weight>
[SKFlatMaker::endRun,lines] <weight id="3051"> lhapdf=305851 </weight>
[SKFlatMaker::endRun,lines] <weight id="3052"> lhapdf=305852 </weight>
[SKFlatMaker::endRun,lines] <weight id="3053"> lhapdf=305853 </weight>
[SKFlatMaker::endRun,lines] <weight id="3054"> lhapdf=305854 </weight>
[SKFlatMaker::endRun,lines] <weight id="3055"> lhapdf=305855 </weight>
[SKFlatMaker::endRun,lines] <weight id="3056"> lhapdf=305856 </weight>
[SKFlatMaker::endRun,lines] <weight id="3057"> lhapdf=305857 </weight>
[SKFlatMaker::endRun,lines] <weight id="3058"> lhapdf=305858 </weight>
[SKFlatMaker::endRun,lines] <weight id="3059"> lhapdf=305859 </weight>
[SKFlatMaker::endRun,lines] <weight id="3060"> lhapdf=305860 </weight>
[SKFlatMaker::endRun,lines] <weight id="3061"> lhapdf=305861 </weight>
[SKFlatMaker::endRun,lines] <weight id="3062"> lhapdf=305862 </weight>
[SKFlatMaker::endRun,lines] <weight id="3063"> lhapdf=305863 </weight>
[SKFlatMaker::endRun,lines] <weight id="3064"> lhapdf=305864 </weight>
[SKFlatMaker::endRun,lines] <weight id="3065"> lhapdf=305865 </weight>
[SKFlatMaker::endRun,lines] <weight id="3066"> lhapdf=305866 </weight>
[SKFlatMaker::endRun,lines] <weight id="3067"> lhapdf=305867 </weight>
[SKFlatMaker::endRun,lines] <weight id="3068"> lhapdf=305868 </weight>
[SKFlatMaker::endRun,lines] <weight id="3069"> lhapdf=305869 </weight>
[SKFlatMaker::endRun,lines] <weight id="3070"> lhapdf=305870 </weight>
[SKFlatMaker::endRun,lines] <weight id="3071"> lhapdf=305871 </weight>
[SKFlatMaker::endRun,lines] <weight id="3072"> lhapdf=305872 </weight>
[SKFlatMaker::endRun,lines] <weight id="3073"> lhapdf=305873 </weight>
[SKFlatMaker::endRun,lines] <weight id="3074"> lhapdf=305874 </weight>
[SKFlatMaker::endRun,lines] <weight id="3075"> lhapdf=305875 </weight>
[SKFlatMaker::endRun,lines] <weight id="3076"> lhapdf=305876 </weight>
[SKFlatMaker::endRun,lines] <weight id="3077"> lhapdf=305877 </weight>
[SKFlatMaker::endRun,lines] <weight id="3078"> lhapdf=305878 </weight>
[SKFlatMaker::endRun,lines] <weight id="3079"> lhapdf=305879 </weight>
[SKFlatMaker::endRun,lines] <weight id="3080"> lhapdf=305880 </weight>
[SKFlatMaker::endRun,lines] <weight id="3081"> lhapdf=305881 </weight>
[SKFlatMaker::endRun,lines] <weight id="3082"> lhapdf=305882 </weight>
[SKFlatMaker::endRun,lines] <weight id="3083"> lhapdf=305883 </weight>
[SKFlatMaker::endRun,lines] <weight id="3084"> lhapdf=305884 </weight>
[SKFlatMaker::endRun,lines] <weight id="3085"> lhapdf=305885 </weight>
[SKFlatMaker::endRun,lines] <weight id="3086"> lhapdf=305886 </weight>
[SKFlatMaker::endRun,lines] <weight id="3087"> lhapdf=305887 </weight>
[SKFlatMaker::endRun,lines] <weight id="3088"> lhapdf=305888 </weight>
[SKFlatMaker::endRun,lines] <weight id="3089"> lhapdf=305889 </weight>
[SKFlatMaker::endRun,lines] <weight id="3090"> lhapdf=305890 </weight>
[SKFlatMaker::endRun,lines] <weight id="3091"> lhapdf=305891 </weight>
[SKFlatMaker::endRun,lines] <weight id="3092"> lhapdf=305892 </weight>
[SKFlatMaker::endRun,lines] <weight id="3093"> lhapdf=305893 </weight>
[SKFlatMaker::endRun,lines] <weight id="3094"> lhapdf=305894 </weight>
[SKFlatMaker::endRun,lines] <weight id="3095"> lhapdf=305895 </weight>
[SKFlatMaker::endRun,lines] <weight id="3096"> lhapdf=305896 </weight>
[SKFlatMaker::endRun,lines] <weight id="3097"> lhapdf=305897 </weight>
[SKFlatMaker::endRun,lines] <weight id="3098"> lhapdf=305898 </weight>
[SKFlatMaker::endRun,lines] <weight id="3099"> lhapdf=305899 </weight>
[SKFlatMaker::endRun,lines] <weight id="3100"> lhapdf=305900 </weight>
[SKFlatMaker::endRun,lines] <weight id="3101"> lhapdf=305901 </weight>
[SKFlatMaker::endRun,lines] <weight id="3102"> lhapdf=305902 </weight>
[SKFlatMaker::endRun,lines] <weight id="5000"> lhapdf=13000 </weight>
[SKFlatMaker::endRun,lines] <weight id="5001"> lhapdf=13001 </weight>
[SKFlatMaker::endRun,lines] <weight id="5002"> lhapdf=13002 </weight>
[SKFlatMaker::endRun,lines] <weight id="5003"> lhapdf=13003 </weight>
[SKFlatMaker::endRun,lines] <weight id="5004"> lhapdf=13004 </weight>
[SKFlatMaker::endRun,lines] <weight id="5005"> lhapdf=13005 </weight>
[SKFlatMaker::endRun,lines] <weight id="5006"> lhapdf=13006 </weight>
[SKFlatMaker::endRun,lines] <weight id="5007"> lhapdf=13007 </weight>
[SKFlatMaker::endRun,lines] <weight id="5008"> lhapdf=13008 </weight>
[SKFlatMaker::endRun,lines] <weight id="5009"> lhapdf=13009 </weight>
[SKFlatMaker::endRun,lines] <weight id="5010"> lhapdf=13010 </weight>
[SKFlatMaker::endRun,lines] <weight id="5011"> lhapdf=13011 </weight>
[SKFlatMaker::endRun,lines] <weight id="5012"> lhapdf=13012 </weight>
[SKFlatMaker::endRun,lines] <weight id="5013"> lhapdf=13013 </weight>
[SKFlatMaker::endRun,lines] <weight id="5014"> lhapdf=13014 </weight>
[SKFlatMaker::endRun,lines] <weight id="5015"> lhapdf=13015 </weight>
[SKFlatMaker::endRun,lines] <weight id="5016"> lhapdf=13016 </weight>
[SKFlatMaker::endRun,lines] <weight id="5017"> lhapdf=13017 </weight>
[SKFlatMaker::endRun,lines] <weight id="5018"> lhapdf=13018 </weight>
[SKFlatMaker::endRun,lines] <weight id="5019"> lhapdf=13019 </weight>
[SKFlatMaker::endRun,lines] <weight id="5020"> lhapdf=13020 </weight>
[SKFlatMaker::endRun,lines] <weight id="5021"> lhapdf=13021 </weight>
[SKFlatMaker::endRun,lines] <weight id="5022"> lhapdf=13022 </weight>
[SKFlatMaker::endRun,lines] <weight id="5023"> lhapdf=13023 </weight>
[SKFlatMaker::endRun,lines] <weight id="5024"> lhapdf=13024 </weight>
[SKFlatMaker::endRun,lines] <weight id="5025"> lhapdf=13025 </weight>
[SKFlatMaker::endRun,lines] <weight id="5026"> lhapdf=13026 </weight>
[SKFlatMaker::endRun,lines] <weight id="5027"> lhapdf=13027 </weight>
[SKFlatMaker::endRun,lines] <weight id="5028"> lhapdf=13028 </weight>
[SKFlatMaker::endRun,lines] <weight id="5029"> lhapdf=13029 </weight>
[SKFlatMaker::endRun,lines] <weight id="5030"> lhapdf=13030 </weight>
[SKFlatMaker::endRun,lines] <weight id="5031"> lhapdf=13031 </weight>
[SKFlatMaker::endRun,lines] <weight id="5032"> lhapdf=13032 </weight>
[SKFlatMaker::endRun,lines] <weight id="5033"> lhapdf=13033 </weight>
[SKFlatMaker::endRun,lines] <weight id="5034"> lhapdf=13034 </weight>
[SKFlatMaker::endRun,lines] <weight id="5035"> lhapdf=13035 </weight>
[SKFlatMaker::endRun,lines] <weight id="5036"> lhapdf=13036 </weight>
[SKFlatMaker::endRun,lines] <weight id="5037"> lhapdf=13037 </weight>
[SKFlatMaker::endRun,lines] <weight id="5038"> lhapdf=13038 </weight>
[SKFlatMaker::endRun,lines] <weight id="5039"> lhapdf=13039 </weight>
[SKFlatMaker::endRun,lines] <weight id="5040"> lhapdf=13040 </weight>
[SKFlatMaker::endRun,lines] <weight id="5041"> lhapdf=13041 </weight>
[SKFlatMaker::endRun,lines] <weight id="5042"> lhapdf=13042 </weight>
[SKFlatMaker::endRun,lines] <weight id="5043"> lhapdf=13043 </weight>
[SKFlatMaker::endRun,lines] <weight id="5044"> lhapdf=13044 </weight>
[SKFlatMaker::endRun,lines] <weight id="5045"> lhapdf=13045 </weight>
[SKFlatMaker::endRun,lines] <weight id="5046"> lhapdf=13046 </weight>
[SKFlatMaker::endRun,lines] <weight id="5047"> lhapdf=13047 </weight>
[SKFlatMaker::endRun,lines] <weight id="5048"> lhapdf=13048 </weight>
[SKFlatMaker::endRun,lines] <weight id="5049"> lhapdf=13049 </weight>
[SKFlatMaker::endRun,lines] <weight id="5050"> lhapdf=13050 </weight>
[SKFlatMaker::endRun,lines] <weight id="5051"> lhapdf=13051 </weight>
[SKFlatMaker::endRun,lines] <weight id="5052"> lhapdf=13052 </weight>
[SKFlatMaker::endRun,lines] <weight id="5053"> lhapdf=13053 </weight>
[SKFlatMaker::endRun,lines] <weight id="5054"> lhapdf=13054 </weight>
[SKFlatMaker::endRun,lines] <weight id="5055"> lhapdf=13055 </weight>
[SKFlatMaker::endRun,lines] <weight id="5056"> lhapdf=13056 </weight>
[SKFlatMaker::endRun,lines] <weight id="5060"> lhapdf=13065 </weight>
[SKFlatMaker::endRun,lines] <weight id="5070"> lhapdf=13069 </weight>
[SKFlatMaker::endRun,lines] <weight id="4000"> lhapdf=13100 </weight>
[SKFlatMaker::endRun,lines] <weight id="4001"> lhapdf=13101 </weight>
[SKFlatMaker::endRun,lines] <weight id="4002"> lhapdf=13102 </weight>
[SKFlatMaker::endRun,lines] <weight id="4003"> lhapdf=13103 </weight>
[SKFlatMaker::endRun,lines] <weight id="4004"> lhapdf=13104 </weight>
[SKFlatMaker::endRun,lines] <weight id="4005"> lhapdf=13105 </weight>
[SKFlatMaker::endRun,lines] <weight id="4006"> lhapdf=13106 </weight>
[SKFlatMaker::endRun,lines] <weight id="4007"> lhapdf=13107 </weight>
[SKFlatMaker::endRun,lines] <weight id="4008"> lhapdf=13108 </weight>
[SKFlatMaker::endRun,lines] <weight id="4009"> lhapdf=13109 </weight>
[SKFlatMaker::endRun,lines] <weight id="4010"> lhapdf=13110 </weight>
[SKFlatMaker::endRun,lines] <weight id="4011"> lhapdf=13111 </weight>
[SKFlatMaker::endRun,lines] <weight id="4012"> lhapdf=13112 </weight>
[SKFlatMaker::endRun,lines] <weight id="4013"> lhapdf=13113 </weight>
[SKFlatMaker::endRun,lines] <weight id="4014"> lhapdf=13114 </weight>
[SKFlatMaker::endRun,lines] <weight id="4015"> lhapdf=13115 </weight>
[SKFlatMaker::endRun,lines] <weight id="4016"> lhapdf=13116 </weight>
[SKFlatMaker::endRun,lines] <weight id="4017"> lhapdf=13117 </weight>
[SKFlatMaker::endRun,lines] <weight id="4018"> lhapdf=13118 </weight>
[SKFlatMaker::endRun,lines] <weight id="4019"> lhapdf=13119 </weight>
[SKFlatMaker::endRun,lines] <weight id="4020"> lhapdf=13120 </weight>
[SKFlatMaker::endRun,lines] <weight id="4021"> lhapdf=13121 </weight>
[SKFlatMaker::endRun,lines] <weight id="4022"> lhapdf=13122 </weight>
[SKFlatMaker::endRun,lines] <weight id="4023"> lhapdf=13123 </weight>
[SKFlatMaker::endRun,lines] <weight id="4024"> lhapdf=13124 </weight>
[SKFlatMaker::endRun,lines] <weight id="4025"> lhapdf=13125 </weight>
[SKFlatMaker::endRun,lines] <weight id="4026"> lhapdf=13126 </weight>
[SKFlatMaker::endRun,lines] <weight id="4027"> lhapdf=13127 </weight>
[SKFlatMaker::endRun,lines] <weight id="4028"> lhapdf=13128 </weight>
[SKFlatMaker::endRun,lines] <weight id="4029"> lhapdf=13129 </weight>
[SKFlatMaker::endRun,lines] <weight id="4030"> lhapdf=13130 </weight>
[SKFlatMaker::endRun,lines] <weight id="4031"> lhapdf=13131 </weight>
[SKFlatMaker::endRun,lines] <weight id="4032"> lhapdf=13132 </weight>
[SKFlatMaker::endRun,lines] <weight id="4033"> lhapdf=13133 </weight>
[SKFlatMaker::endRun,lines] <weight id="4034"> lhapdf=13134 </weight>
[SKFlatMaker::endRun,lines] <weight id="4035"> lhapdf=13135 </weight>
[SKFlatMaker::endRun,lines] <weight id="4036"> lhapdf=13136 </weight>
[SKFlatMaker::endRun,lines] <weight id="4037"> lhapdf=13137 </weight>
[SKFlatMaker::endRun,lines] <weight id="4038"> lhapdf=13138 </weight>
[SKFlatMaker::endRun,lines] <weight id="4039"> lhapdf=13139 </weight>
[SKFlatMaker::endRun,lines] <weight id="4040"> lhapdf=13140 </weight>
[SKFlatMaker::endRun,lines] <weight id="4041"> lhapdf=13141 </weight>
[SKFlatMaker::endRun,lines] <weight id="4042"> lhapdf=13142 </weight>
[SKFlatMaker::endRun,lines] <weight id="4043"> lhapdf=13143 </weight>
[SKFlatMaker::endRun,lines] <weight id="4044"> lhapdf=13144 </weight>
[SKFlatMaker::endRun,lines] <weight id="4045"> lhapdf=13145 </weight>
[SKFlatMaker::endRun,lines] <weight id="4046"> lhapdf=13146 </weight>
[SKFlatMaker::endRun,lines] <weight id="4047"> lhapdf=13147 </weight>
[SKFlatMaker::endRun,lines] <weight id="4048"> lhapdf=13148 </weight>
[SKFlatMaker::endRun,lines] <weight id="4049"> lhapdf=13149 </weight>
[SKFlatMaker::endRun,lines] <weight id="4050"> lhapdf=13150 </weight>
[SKFlatMaker::endRun,lines] <weight id="4051"> lhapdf=13151 </weight>
[SKFlatMaker::endRun,lines] <weight id="4052"> lhapdf=13152 </weight>
[SKFlatMaker::endRun,lines] <weight id="4053"> lhapdf=13153 </weight>
[SKFlatMaker::endRun,lines] <weight id="4054"> lhapdf=13154 </weight>
[SKFlatMaker::endRun,lines] <weight id="4055"> lhapdf=13155 </weight>
[SKFlatMaker::endRun,lines] <weight id="4056"> lhapdf=13156 </weight>
[SKFlatMaker::endRun,lines] <weight id="4060"> lhapdf=13163 </weight>
[SKFlatMaker::endRun,lines] <weight id="4070"> lhapdf=13167 </weight>
[SKFlatMaker::endRun,lines] <weight id="4080"> lhapdf=13200 </weight>
[SKFlatMaker::endRun,lines] <weight id="6000"> lhapdf=25200 </weight>
[SKFlatMaker::endRun,lines] <weight id="6001"> lhapdf=25201 </weight>
[SKFlatMaker::endRun,lines] <weight id="6002"> lhapdf=25202 </weight>
[SKFlatMaker::endRun,lines] <weight id="6003"> lhapdf=25203 </weight>
[SKFlatMaker::endRun,lines] <weight id="6004"> lhapdf=25204 </weight>
[SKFlatMaker::endRun,lines] <weight id="6005"> lhapdf=25205 </weight>
[SKFlatMaker::endRun,lines] <weight id="6006"> lhapdf=25206 </weight>
[SKFlatMaker::endRun,lines] <weight id="6007"> lhapdf=25207 </weight>
[SKFlatMaker::endRun,lines] <weight id="6008"> lhapdf=25208 </weight>
[SKFlatMaker::endRun,lines] <weight id="6009"> lhapdf=25209 </weight>
[SKFlatMaker::endRun,lines] <weight id="6010"> lhapdf=25210 </weight>
[SKFlatMaker::endRun,lines] <weight id="6011"> lhapdf=25211 </weight>
[SKFlatMaker::endRun,lines] <weight id="6012"> lhapdf=25212 </weight>
[SKFlatMaker::endRun,lines] <weight id="6013"> lhapdf=25213 </weight>
[SKFlatMaker::endRun,lines] <weight id="6014"> lhapdf=25214 </weight>
[SKFlatMaker::endRun,lines] <weight id="6015"> lhapdf=25215 </weight>
[SKFlatMaker::endRun,lines] <weight id="6016"> lhapdf=25216 </weight>
[SKFlatMaker::endRun,lines] <weight id="6017"> lhapdf=25217 </weight>
[SKFlatMaker::endRun,lines] <weight id="6018"> lhapdf=25218 </weight>
[SKFlatMaker::endRun,lines] <weight id="6019"> lhapdf=25219 </weight>
[SKFlatMaker::endRun,lines] <weight id="6020"> lhapdf=25220 </weight>
[SKFlatMaker::endRun,lines] <weight id="6021"> lhapdf=25221 </weight>
[SKFlatMaker::endRun,lines] <weight id="6022"> lhapdf=25222 </weight>
[SKFlatMaker::endRun,lines] <weight id="6023"> lhapdf=25223 </weight>
[SKFlatMaker::endRun,lines] <weight id="6024"> lhapdf=25224 </weight>
[SKFlatMaker::endRun,lines] <weight id="6025"> lhapdf=25225 </weight>
[SKFlatMaker::endRun,lines] <weight id="6026"> lhapdf=25226 </weight>
[SKFlatMaker::endRun,lines] <weight id="6027"> lhapdf=25227 </weight>
[SKFlatMaker::endRun,lines] <weight id="6028"> lhapdf=25228 </weight>
[SKFlatMaker::endRun,lines] <weight id="6029"> lhapdf=25229 </weight>
[SKFlatMaker::endRun,lines] <weight id="6030"> lhapdf=25230 </weight>
[SKFlatMaker::endRun,lines] <weight id="6031"> lhapdf=25231 </weight>
[SKFlatMaker::endRun,lines] <weight id="6032"> lhapdf=25232 </weight>
[SKFlatMaker::endRun,lines] <weight id="6033"> lhapdf=25233 </weight>
[SKFlatMaker::endRun,lines] <weight id="6034"> lhapdf=25234 </weight>
[SKFlatMaker::endRun,lines] <weight id="6035"> lhapdf=25235 </weight>
[SKFlatMaker::endRun,lines] <weight id="6036"> lhapdf=25236 </weight>
[SKFlatMaker::endRun,lines] <weight id="6037"> lhapdf=25237 </weight>
[SKFlatMaker::endRun,lines] <weight id="6038"> lhapdf=25238 </weight>
[SKFlatMaker::endRun,lines] <weight id="6039"> lhapdf=25239 </weight>
[SKFlatMaker::endRun,lines] <weight id="6040"> lhapdf=25240 </weight>
[SKFlatMaker::endRun,lines] <weight id="6041"> lhapdf=25241 </weight>
[SKFlatMaker::endRun,lines] <weight id="6042"> lhapdf=25242 </weight>
[SKFlatMaker::endRun,lines] <weight id="6043"> lhapdf=25243 </weight>
[SKFlatMaker::endRun,lines] <weight id="6044"> lhapdf=25244 </weight>
[SKFlatMaker::endRun,lines] <weight id="6045"> lhapdf=25245 </weight>
[SKFlatMaker::endRun,lines] <weight id="6046"> lhapdf=25246 </weight>
[SKFlatMaker::endRun,lines] <weight id="6047"> lhapdf=25247 </weight>
[SKFlatMaker::endRun,lines] <weight id="6048"> lhapdf=25248 </weight>
[SKFlatMaker::endRun,lines] <weight id="6049"> lhapdf=25249 </weight>
[SKFlatMaker::endRun,lines] <weight id="6050"> lhapdf=25250 </weight>
[SKFlatMaker::endRun,lines] <weight id="7000"> lhapdf=25300 </weight>
[SKFlatMaker::endRun,lines] <weight id="7001"> lhapdf=25301 </weight>
[SKFlatMaker::endRun,lines] <weight id="7002"> lhapdf=25302 </weight>
[SKFlatMaker::endRun,lines] <weight id="7003"> lhapdf=25303 </weight>
[SKFlatMaker::endRun,lines] <weight id="7004"> lhapdf=25304 </weight>
[SKFlatMaker::endRun,lines] <weight id="7005"> lhapdf=25305 </weight>
[SKFlatMaker::endRun,lines] <weight id="7006"> lhapdf=25306 </weight>
[SKFlatMaker::endRun,lines] <weight id="7007"> lhapdf=25307 </weight>
[SKFlatMaker::endRun,lines] <weight id="7008"> lhapdf=25308 </weight>
[SKFlatMaker::endRun,lines] <weight id="7009"> lhapdf=25309 </weight>
[SKFlatMaker::endRun,lines] <weight id="7010"> lhapdf=25310 </weight>
[SKFlatMaker::endRun,lines] <weight id="7011"> lhapdf=25311 </weight>
[SKFlatMaker::endRun,lines] <weight id="7012"> lhapdf=25312 </weight>
[SKFlatMaker::endRun,lines] <weight id="7013"> lhapdf=25313 </weight>
[SKFlatMaker::endRun,lines] <weight id="7014"> lhapdf=25314 </weight>
[SKFlatMaker::endRun,lines] <weight id="7015"> lhapdf=25315 </weight>
[SKFlatMaker::endRun,lines] <weight id="7016"> lhapdf=25316 </weight>
[SKFlatMaker::endRun,lines] <weight id="7017"> lhapdf=25317 </weight>
[SKFlatMaker::endRun,lines] <weight id="7018"> lhapdf=25318 </weight>
[SKFlatMaker::endRun,lines] <weight id="7019"> lhapdf=25319 </weight>
[SKFlatMaker::endRun,lines] <weight id="7020"> lhapdf=25320 </weight>
[SKFlatMaker::endRun,lines] <weight id="7021"> lhapdf=25321 </weight>
[SKFlatMaker::endRun,lines] <weight id="7022"> lhapdf=25322 </weight>
[SKFlatMaker::endRun,lines] <weight id="7023"> lhapdf=25323 </weight>
[SKFlatMaker::endRun,lines] <weight id="7024"> lhapdf=25324 </weight>
[SKFlatMaker::endRun,lines] <weight id="7025"> lhapdf=25325 </weight>
[SKFlatMaker::endRun,lines] <weight id="7026"> lhapdf=25326 </weight>
[SKFlatMaker::endRun,lines] <weight id="7027"> lhapdf=25327 </weight>
[SKFlatMaker::endRun,lines] <weight id="7028"> lhapdf=25328 </weight>
[SKFlatMaker::endRun,lines] <weight id="7029"> lhapdf=25329 </weight>
[SKFlatMaker::endRun,lines] <weight id="7030"> lhapdf=25330 </weight>
[SKFlatMaker::endRun,lines] <weight id="7031"> lhapdf=25331 </weight>
[SKFlatMaker::endRun,lines] <weight id="7032"> lhapdf=25332 </weight>
[SKFlatMaker::endRun,lines] <weight id="7033"> lhapdf=25333 </weight>
[SKFlatMaker::endRun,lines] <weight id="7034"> lhapdf=25334 </weight>
[SKFlatMaker::endRun,lines] <weight id="7035"> lhapdf=25335 </weight>
[SKFlatMaker::endRun,lines] <weight id="7036"> lhapdf=25336 </weight>
[SKFlatMaker::endRun,lines] <weight id="7037"> lhapdf=25337 </weight>
[SKFlatMaker::endRun,lines] <weight id="7038"> lhapdf=25338 </weight>
[SKFlatMaker::endRun,lines] <weight id="7039"> lhapdf=25339 </weight>
[SKFlatMaker::endRun,lines] <weight id="7040"> lhapdf=25340 </weight>
[SKFlatMaker::endRun,lines] <weight id="7041"> lhapdf=25341 </weight>
[SKFlatMaker::endRun,lines] <weight id="7042"> lhapdf=25342 </weight>
[SKFlatMaker::endRun,lines] <weight id="7043"> lhapdf=25343 </weight>
[SKFlatMaker::endRun,lines] <weight id="7044"> lhapdf=25344 </weight>
[SKFlatMaker::endRun,lines] <weight id="7045"> lhapdf=25345 </weight>
[SKFlatMaker::endRun,lines] <weight id="7046"> lhapdf=25346 </weight>
[SKFlatMaker::endRun,lines] <weight id="7047"> lhapdf=25347 </weight>
[SKFlatMaker::endRun,lines] <weight id="7048"> lhapdf=25348 </weight>
[SKFlatMaker::endRun,lines] <weight id="7049"> lhapdf=25349 </weight>
[SKFlatMaker::endRun,lines] <weight id="7050"> lhapdf=25350 </weight>
[SKFlatMaker::endRun,lines] <weight id="7060"> lhapdf=25000 </weight>
[SKFlatMaker::endRun,lines] <weight id="8000"> lhapdf=42780 </weight>
[SKFlatMaker::endRun,lines] <weight id="8001"> lhapdf=42781 </weight>
[SKFlatMaker::endRun,lines] <weight id="8002"> lhapdf=42782 </weight>
[SKFlatMaker::endRun,lines] <weight id="8003"> lhapdf=42783 </weight>
[SKFlatMaker::endRun,lines] <weight id="8004"> lhapdf=42784 </weight>
[SKFlatMaker::endRun,lines] <weight id="8005"> lhapdf=42785 </weight>
[SKFlatMaker::endRun,lines] <weight id="8006"> lhapdf=42786 </weight>
[SKFlatMaker::endRun,lines] <weight id="8007"> lhapdf=42787 </weight>
[SKFlatMaker::endRun,lines] <weight id="8008"> lhapdf=42788 </weight>
[SKFlatMaker::endRun,lines] <weight id="8009"> lhapdf=42789 </weight>
[SKFlatMaker::endRun,lines] <weight id="8010"> lhapdf=42790 </weight>
[SKFlatMaker::endRun,lines] <weight id="8011"> lhapdf=42791 </weight>
[SKFlatMaker::endRun,lines] <weight id="8012"> lhapdf=42792 </weight>
[SKFlatMaker::endRun,lines] <weight id="8013"> lhapdf=42793 </weight>
[SKFlatMaker::endRun,lines] <weight id="8014"> lhapdf=42794 </weight>
[SKFlatMaker::endRun,lines] <weight id="8015"> lhapdf=42795 </weight>
[SKFlatMaker::endRun,lines] <weight id="8016"> lhapdf=42796 </weight>
[SKFlatMaker::endRun,lines] <weight id="8017"> lhapdf=42797 </weight>
[SKFlatMaker::endRun,lines] <weight id="8018"> lhapdf=42798 </weight>
[SKFlatMaker::endRun,lines] <weight id="8019"> lhapdf=42799 </weight>
[SKFlatMaker::endRun,lines] <weight id="8020"> lhapdf=42800 </weight>
[SKFlatMaker::endRun,lines] <weight id="8021"> lhapdf=42801 </weight>
[SKFlatMaker::endRun,lines] <weight id="8022"> lhapdf=42802 </weight>
[SKFlatMaker::endRun,lines] <weight id="8023"> lhapdf=42803 </weight>
[SKFlatMaker::endRun,lines] <weight id="8024"> lhapdf=42804 </weight>
[SKFlatMaker::endRun,lines] <weight id="8025"> lhapdf=42805 </weight>
[SKFlatMaker::endRun,lines] <weight id="8026"> lhapdf=42806 </weight>
[SKFlatMaker::endRun,lines] <weight id="8027"> lhapdf=42807 </weight>
[SKFlatMaker::endRun,lines] <weight id="8028"> lhapdf=42808 </weight>
[SKFlatMaker::endRun,lines] <weight id="8029"> lhapdf=42809 </weight>
[SKFlatMaker::endRun,lines] <weight id="8500"> lhapdf=90200 </weight>
[SKFlatMaker::endRun,lines] <weight id="8501"> lhapdf=90201 </weight>
[SKFlatMaker::endRun,lines] <weight id="8502"> lhapdf=90202 </weight>
[SKFlatMaker::endRun,lines] <weight id="8503"> lhapdf=90203 </weight>
[SKFlatMaker::endRun,lines] <weight id="8504"> lhapdf=90204 </weight>
[SKFlatMaker::endRun,lines] <weight id="8505"> lhapdf=90205 </weight>
[SKFlatMaker::endRun,lines] <weight id="8506"> lhapdf=90206 </weight>
[SKFlatMaker::endRun,lines] <weight id="8507"> lhapdf=90207 </weight>
[SKFlatMaker::endRun,lines] <weight id="8508"> lhapdf=90208 </weight>
[SKFlatMaker::endRun,lines] <weight id="8509"> lhapdf=90209 </weight>
[SKFlatMaker::endRun,lines] <weight id="8510"> lhapdf=90210 </weight>
[SKFlatMaker::endRun,lines] <weight id="8511"> lhapdf=90211 </weight>
[SKFlatMaker::endRun,lines] <weight id="8512"> lhapdf=90212 </weight>
[SKFlatMaker::endRun,lines] <weight id="8513"> lhapdf=90213 </weight>
[SKFlatMaker::endRun,lines] <weight id="8514"> lhapdf=90214 </weight>
[SKFlatMaker::endRun,lines] <weight id="8515"> lhapdf=90215 </weight>
[SKFlatMaker::endRun,lines] <weight id="8516"> lhapdf=90216 </weight>
[SKFlatMaker::endRun,lines] <weight id="8517"> lhapdf=90217 </weight>
[SKFlatMaker::endRun,lines] <weight id="8518"> lhapdf=90218 </weight>
[SKFlatMaker::endRun,lines] <weight id="8519"> lhapdf=90219 </weight>
[SKFlatMaker::endRun,lines] <weight id="8520"> lhapdf=90220 </weight>
[SKFlatMaker::endRun,lines] <weight id="8521"> lhapdf=90221 </weight>
[SKFlatMaker::endRun,lines] <weight id="8522"> lhapdf=90222 </weight>
[SKFlatMaker::endRun,lines] <weight id="8523"> lhapdf=90223 </weight>
[SKFlatMaker::endRun,lines] <weight id="8524"> lhapdf=90224 </weight>
[SKFlatMaker::endRun,lines] <weight id="8525"> lhapdf=90225 </weight>
[SKFlatMaker::endRun,lines] <weight id="8526"> lhapdf=90226 </weight>
[SKFlatMaker::endRun,lines] <weight id="8527"> lhapdf=90227 </weight>
[SKFlatMaker::endRun,lines] <weight id="8528"> lhapdf=90228 </weight>
[SKFlatMaker::endRun,lines] <weight id="8529"> lhapdf=90229 </weight>
[SKFlatMaker::endRun,lines] <weight id="8530"> lhapdf=90230 </weight>
[SKFlatMaker::endRun,lines] <weight id="8531"> lhapdf=90231 </weight>
[SKFlatMaker::endRun,lines] <weight id="8532"> lhapdf=90232 </weight>
[SKFlatMaker::endRun,lines] <weight id="8533"> lhapdf=90233 </weight>
[SKFlatMaker::endRun,lines] <weight id="8534"> lhapdf=90234 </weight>
[SKFlatMaker::endRun,lines] <weight id="8535"> lhapdf=90235 </weight>
[SKFlatMaker::endRun,lines] <weight id="8536"> lhapdf=90236 </weight>
[SKFlatMaker::endRun,lines] <weight id="8537"> lhapdf=90237 </weight>
[SKFlatMaker::endRun,lines] <weight id="8538"> lhapdf=90238 </weight>
[SKFlatMaker::endRun,lines] <weight id="8539"> lhapdf=90239 </weight>
[SKFlatMaker::endRun,lines] <weight id="8540"> lhapdf=90240 </weight>
[SKFlatMaker::endRun,lines] <weight id="8541"> lhapdf=90241 </weight>
[SKFlatMaker::endRun,lines] <weight id="8542"> lhapdf=90242 </weight>
[SKFlatMaker::endRun,lines] <weight id="8543"> lhapdf=90243 </weight>
[SKFlatMaker::endRun,lines] <weight id="8544"> lhapdf=90244 </weight>
[SKFlatMaker::endRun,lines] <weight id="8545"> lhapdf=90245 </weight>
[SKFlatMaker::endRun,lines] <weight id="8546"> lhapdf=90246 </weight>
[SKFlatMaker::endRun,lines] <weight id="8547"> lhapdf=90247 </weight>
[SKFlatMaker::endRun,lines] <weight id="8548"> lhapdf=90248 </weight>
[SKFlatMaker::endRun,lines] <weight id="8549"> lhapdf=90249 </weight>
[SKFlatMaker::endRun,lines] <weight id="8550"> lhapdf=90250 </weight>
[SKFlatMaker::endRun,lines] <weight id="8551"> lhapdf=90251 </weight>
[SKFlatMaker::endRun,lines] <weight id="8552"> lhapdf=90252 </weight>
[SKFlatMaker::endRun,lines] <weight id="8553"> lhapdf=90253 </weight>
[SKFlatMaker::endRun,lines] <weight id="8554"> lhapdf=90254 </weight>
[SKFlatMaker::endRun,lines] <weight id="8555"> lhapdf=90255 </weight>
[SKFlatMaker::endRun,lines] <weight id="8556"> lhapdf=90256 </weight>
[SKFlatMaker::endRun,lines] <weight id="8557"> lhapdf=90257 </weight>
[SKFlatMaker::endRun,lines] <weight id="8558"> lhapdf=90258 </weight>
[SKFlatMaker::endRun,lines] <weight id="8559"> lhapdf=90259 </weight>
[SKFlatMaker::endRun,lines] <weight id="8560"> lhapdf=90260 </weight>
[SKFlatMaker::endRun,lines] <weight id="8561"> lhapdf=90261 </weight>
[SKFlatMaker::endRun,lines] <weight id="8562"> lhapdf=90262 </weight>
[SKFlatMaker::endRun,lines] <weight id="8563"> lhapdf=90263 </weight>
[SKFlatMaker::endRun,lines] <weight id="8564"> lhapdf=90264 </weight>
[SKFlatMaker::endRun,lines] <weight id="8565"> lhapdf=90265 </weight>
[SKFlatMaker::endRun,lines] <weight id="8566"> lhapdf=90266 </weight>
[SKFlatMaker::endRun,lines] <weight id="8567"> lhapdf=90267 </weight>
[SKFlatMaker::endRun,lines] <weight id="8568"> lhapdf=90268 </weight>
[SKFlatMaker::endRun,lines] <weight id="8569"> lhapdf=90269 </weight>
[SKFlatMaker::endRun,lines] <weight id="8570"> lhapdf=90270 </weight>
[SKFlatMaker::endRun,lines] <weight id="8571"> lhapdf=90271 </weight>
[SKFlatMaker::endRun,lines] <weight id="8572"> lhapdf=90272 </weight>
[SKFlatMaker::endRun,lines] <weight id="8573"> lhapdf=90273 </weight>
[SKFlatMaker::endRun,lines] <weight id="8574"> lhapdf=90274 </weight>
[SKFlatMaker::endRun,lines] <weight id="8575"> lhapdf=90275 </weight>
[SKFlatMaker::endRun,lines] <weight id="8576"> lhapdf=90276 </weight>
[SKFlatMaker::endRun,lines] <weight id="8577"> lhapdf=90277 </weight>
[SKFlatMaker::endRun,lines] <weight id="8578"> lhapdf=90278 </weight>
[SKFlatMaker::endRun,lines] <weight id="8579"> lhapdf=90279 </weight>
[SKFlatMaker::endRun,lines] <weight id="8580"> lhapdf=90280 </weight>
[SKFlatMaker::endRun,lines] <weight id="8581"> lhapdf=90281 </weight>
[SKFlatMaker::endRun,lines] <weight id="8582"> lhapdf=90282 </weight>
[SKFlatMaker::endRun,lines] <weight id="8583"> lhapdf=90283 </weight>
[SKFlatMaker::endRun,lines] <weight id="8584"> lhapdf=90284 </weight>
[SKFlatMaker::endRun,lines] <weight id="8585"> lhapdf=90285 </weight>
[SKFlatMaker::endRun,lines] <weight id="8586"> lhapdf=90286 </weight>
[SKFlatMaker::endRun,lines] <weight id="8587"> lhapdf=90287 </weight>
[SKFlatMaker::endRun,lines] <weight id="8588"> lhapdf=90288 </weight>
[SKFlatMaker::endRun,lines] <weight id="8589"> lhapdf=90289 </weight>
[SKFlatMaker::endRun,lines] <weight id="8590"> lhapdf=90290 </weight>
[SKFlatMaker::endRun,lines] <weight id="8591"> lhapdf=90291 </weight>
[SKFlatMaker::endRun,lines] <weight id="8592"> lhapdf=90292 </weight>
[SKFlatMaker::endRun,lines] <weight id="8593"> lhapdf=90293 </weight>
[SKFlatMaker::endRun,lines] <weight id="8594"> lhapdf=90294 </weight>
[SKFlatMaker::endRun,lines] <weight id="8595"> lhapdf=90295 </weight>
[SKFlatMaker::endRun,lines] <weight id="8596"> lhapdf=90296 </weight>
[SKFlatMaker::endRun,lines] <weight id="8597"> lhapdf=90297 </weight>
[SKFlatMaker::endRun,lines] <weight id="8598"> lhapdf=90298 </weight>
[SKFlatMaker::endRun,lines] <weight id="8599"> lhapdf=90299 </weight>
[SKFlatMaker::endRun,lines] <weight id="8600"> lhapdf=90300 </weight>
[SKFlatMaker::endRun,lines] <weight id="8601"> lhapdf=90301 </weight>
[SKFlatMaker::endRun,lines] <weight id="8602"> lhapdf=90302 </weight>
[SKFlatMaker::endRun,lines] <weight id="9000"> lhapdf=91200 </weight>
[SKFlatMaker::endRun,lines] <weight id="9001"> lhapdf=91201 </weight>
[SKFlatMaker::endRun,lines] <weight id="9002"> lhapdf=91202 </weight>
[SKFlatMaker::endRun,lines] <weight id="9003"> lhapdf=91203 </weight>
[SKFlatMaker::endRun,lines] <weight id="9004"> lhapdf=91204 </weight>
[SKFlatMaker::endRun,lines] <weight id="9005"> lhapdf=91205 </weight>
[SKFlatMaker::endRun,lines] <weight id="9006"> lhapdf=91206 </weight>
[SKFlatMaker::endRun,lines] <weight id="9007"> lhapdf=91207 </weight>
[SKFlatMaker::endRun,lines] <weight id="9008"> lhapdf=91208 </weight>
[SKFlatMaker::endRun,lines] <weight id="9009"> lhapdf=91209 </weight>
[SKFlatMaker::endRun,lines] <weight id="9010"> lhapdf=91210 </weight>
[SKFlatMaker::endRun,lines] <weight id="9011"> lhapdf=91211 </weight>
[SKFlatMaker::endRun,lines] <weight id="9012"> lhapdf=91212 </weight>
[SKFlatMaker::endRun,lines] <weight id="9013"> lhapdf=91213 </weight>
[SKFlatMaker::endRun,lines] <weight id="9014"> lhapdf=91214 </weight>
[SKFlatMaker::endRun,lines] <weight id="9015"> lhapdf=91215 </weight>
[SKFlatMaker::endRun,lines] <weight id="9016"> lhapdf=91216 </weight>
[SKFlatMaker::endRun,lines] <weight id="9017"> lhapdf=91217 </weight>
[SKFlatMaker::endRun,lines] <weight id="9018"> lhapdf=91218 </weight>
[SKFlatMaker::endRun,lines] <weight id="9019"> lhapdf=91219 </weight>
[SKFlatMaker::endRun,lines] <weight id="9020"> lhapdf=91220 </weight>
[SKFlatMaker::endRun,lines] <weight id="9021"> lhapdf=91221 </weight>
[SKFlatMaker::endRun,lines] <weight id="9022"> lhapdf=91222 </weight>
[SKFlatMaker::endRun,lines] <weight id="9023"> lhapdf=91223 </weight>
[SKFlatMaker::endRun,lines] <weight id="9024"> lhapdf=91224 </weight>
[SKFlatMaker::endRun,lines] <weight id="9025"> lhapdf=91225 </weight>
[SKFlatMaker::endRun,lines] <weight id="9026"> lhapdf=91226 </weight>
[SKFlatMaker::endRun,lines] <weight id="9027"> lhapdf=91227 </weight>
[SKFlatMaker::endRun,lines] <weight id="9028"> lhapdf=91228 </weight>
[SKFlatMaker::endRun,lines] <weight id="9029"> lhapdf=91229 </weight>
[SKFlatMaker::endRun,lines] <weight id="9030"> lhapdf=91230 </weight>
[SKFlatMaker::endRun,lines] <weight id="9031"> lhapdf=91231 </weight>
[SKFlatMaker::endRun,lines] <weight id="9032"> lhapdf=91232 </weight>
[SKFlatMaker::endRun,lines] <weight id="9033"> lhapdf=91233 </weight>
[SKFlatMaker::endRun,lines] <weight id="9034"> lhapdf=91234 </weight>
[SKFlatMaker::endRun,lines] <weight id="9035"> lhapdf=91235 </weight>
[SKFlatMaker::endRun,lines] <weight id="9036"> lhapdf=91236 </weight>
[SKFlatMaker::endRun,lines] <weight id="9037"> lhapdf=91237 </weight>
[SKFlatMaker::endRun,lines] <weight id="9038"> lhapdf=91238 </weight>
[SKFlatMaker::endRun,lines] <weight id="9039"> lhapdf=91239 </weight>
[SKFlatMaker::endRun,lines] <weight id="9040"> lhapdf=91240 </weight>
[SKFlatMaker::endRun,lines] <weight id="9041"> lhapdf=91241 </weight>
[SKFlatMaker::endRun,lines] <weight id="9042"> lhapdf=91242 </weight>
[SKFlatMaker::endRun,lines] <weight id="9043"> lhapdf=91243 </weight>
[SKFlatMaker::endRun,lines] <weight id="9044"> lhapdf=91244 </weight>
[SKFlatMaker::endRun,lines] <weight id="9045"> lhapdf=91245 </weight>
[SKFlatMaker::endRun,lines] <weight id="9046"> lhapdf=91246 </weight>
[SKFlatMaker::endRun,lines] <weight id="9047"> lhapdf=91247 </weight>
[SKFlatMaker::endRun,lines] <weight id="9048"> lhapdf=91248 </weight>
[SKFlatMaker::endRun,lines] <weight id="9049"> lhapdf=91249 </weight>
[SKFlatMaker::endRun,lines] <weight id="9050"> lhapdf=91250 </weight>
[SKFlatMaker::endRun,lines] <weight id="9051"> lhapdf=91251 </weight>
[SKFlatMaker::endRun,lines] <weight id="9052"> lhapdf=91252 </weight>
[SKFlatMaker::endRun,lines] <weight id="9053"> lhapdf=91253 </weight>
[SKFlatMaker::endRun,lines] <weight id="9054"> lhapdf=91254 </weight>
[SKFlatMaker::endRun,lines] <weight id="9055"> lhapdf=91255 </weight>
[SKFlatMaker::endRun,lines] <weight id="9056"> lhapdf=91256 </weight>
[SKFlatMaker::endRun,lines] <weight id="9057"> lhapdf=91257 </weight>
[SKFlatMaker::endRun,lines] <weight id="9058"> lhapdf=91258 </weight>
[SKFlatMaker::endRun,lines] <weight id="9059"> lhapdf=91259 </weight>
[SKFlatMaker::endRun,lines] <weight id="9060"> lhapdf=91260 </weight>
[SKFlatMaker::endRun,lines] <weight id="9061"> lhapdf=91261 </weight>
[SKFlatMaker::endRun,lines] <weight id="9062"> lhapdf=91262 </weight>
[SKFlatMaker::endRun,lines] <weight id="9063"> lhapdf=91263 </weight>
[SKFlatMaker::endRun,lines] <weight id="9064"> lhapdf=91264 </weight>
[SKFlatMaker::endRun,lines] <weight id="9065"> lhapdf=91265 </weight>
[SKFlatMaker::endRun,lines] <weight id="9066"> lhapdf=91266 </weight>
[SKFlatMaker::endRun,lines] <weight id="9067"> lhapdf=91267 </weight>
[SKFlatMaker::endRun,lines] <weight id="9068"> lhapdf=91268 </weight>
[SKFlatMaker::endRun,lines] <weight id="9069"> lhapdf=91269 </weight>
[SKFlatMaker::endRun,lines] <weight id="9070"> lhapdf=91270 </weight>
[SKFlatMaker::endRun,lines] <weight id="9071"> lhapdf=91271 </weight>
[SKFlatMaker::endRun,lines] <weight id="9072"> lhapdf=91272 </weight>
[SKFlatMaker::endRun,lines] <weight id="9073"> lhapdf=91273 </weight>
[SKFlatMaker::endRun,lines] <weight id="9074"> lhapdf=91274 </weight>
[SKFlatMaker::endRun,lines] <weight id="9075"> lhapdf=91275 </weight>
[SKFlatMaker::endRun,lines] <weight id="9076"> lhapdf=91276 </weight>
[SKFlatMaker::endRun,lines] <weight id="9077"> lhapdf=91277 </weight>
[SKFlatMaker::endRun,lines] <weight id="9078"> lhapdf=91278 </weight>
[SKFlatMaker::endRun,lines] <weight id="9079"> lhapdf=91279 </weight>
[SKFlatMaker::endRun,lines] <weight id="9080"> lhapdf=91280 </weight>
[SKFlatMaker::endRun,lines] <weight id="9081"> lhapdf=91281 </weight>
[SKFlatMaker::endRun,lines] <weight id="9082"> lhapdf=91282 </weight>
[SKFlatMaker::endRun,lines] <weight id="9083"> lhapdf=91283 </weight>
[SKFlatMaker::endRun,lines] <weight id="9084"> lhapdf=91284 </weight>
[SKFlatMaker::endRun,lines] <weight id="9085"> lhapdf=91285 </weight>
[SKFlatMaker::endRun,lines] <weight id="9086"> lhapdf=91286 </weight>
[SKFlatMaker::endRun,lines] <weight id="9087"> lhapdf=91287 </weight>
[SKFlatMaker::endRun,lines] <weight id="9088"> lhapdf=91288 </weight>
[SKFlatMaker::endRun,lines] <weight id="9089"> lhapdf=91289 </weight>
[SKFlatMaker::endRun,lines] <weight id="9090"> lhapdf=91290 </weight>
[SKFlatMaker::endRun,lines] <weight id="9091"> lhapdf=91291 </weight>
[SKFlatMaker::endRun,lines] <weight id="9092"> lhapdf=91292 </weight>
[SKFlatMaker::endRun,lines] <weight id="9093"> lhapdf=91293 </weight>
[SKFlatMaker::endRun,lines] <weight id="9094"> lhapdf=91294 </weight>
[SKFlatMaker::endRun,lines] <weight id="9095"> lhapdf=91295 </weight>
[SKFlatMaker::endRun,lines] <weight id="9096"> lhapdf=91296 </weight>
[SKFlatMaker::endRun,lines] <weight id="9097"> lhapdf=91297 </weight>
[SKFlatMaker::endRun,lines] <weight id="9098"> lhapdf=91298 </weight>
[SKFlatMaker::endRun,lines] <weight id="9099"> lhapdf=91299 </weight>
[SKFlatMaker::endRun,lines] <weight id="9100"> lhapdf=91300 </weight>
[SKFlatMaker::endRun,lines] <weight id="9101"> lhapdf=91301 </weight>
[SKFlatMaker::endRun,lines] <weight id="9102"> lhapdf=91302 </weight>
[SKFlatMaker::endRun,lines] <weight id="10000"> lhapdf=90400 </weight>
[SKFlatMaker::endRun,lines] <weight id="10001"> lhapdf=90401 </weight>
[SKFlatMaker::endRun,lines] <weight id="10002"> lhapdf=90402 </weight>
[SKFlatMaker::endRun,lines] <weight id="10003"> lhapdf=90403 </weight>
[SKFlatMaker::endRun,lines] <weight id="10004"> lhapdf=90404 </weight>
[SKFlatMaker::endRun,lines] <weight id="10005"> lhapdf=90405 </weight>
[SKFlatMaker::endRun,lines] <weight id="10006"> lhapdf=90406 </weight>
[SKFlatMaker::endRun,lines] <weight id="10007"> lhapdf=90407 </weight>
[SKFlatMaker::endRun,lines] <weight id="10008"> lhapdf=90408 </weight>
[SKFlatMaker::endRun,lines] <weight id="10009"> lhapdf=90409 </weight>
[SKFlatMaker::endRun,lines] <weight id="10010"> lhapdf=90410 </weight>
[SKFlatMaker::endRun,lines] <weight id="10011"> lhapdf=90411 </weight>
[SKFlatMaker::endRun,lines] <weight id="10012"> lhapdf=90412 </weight>
[SKFlatMaker::endRun,lines] <weight id="10013"> lhapdf=90413 </weight>
[SKFlatMaker::endRun,lines] <weight id="10014"> lhapdf=90414 </weight>
[SKFlatMaker::endRun,lines] <weight id="10015"> lhapdf=90415 </weight>
[SKFlatMaker::endRun,lines] <weight id="10016"> lhapdf=90416 </weight>
[SKFlatMaker::endRun,lines] <weight id="10017"> lhapdf=90417 </weight>
[SKFlatMaker::endRun,lines] <weight id="10018"> lhapdf=90418 </weight>
[SKFlatMaker::endRun,lines] <weight id="10019"> lhapdf=90419 </weight>
[SKFlatMaker::endRun,lines] <weight id="10020"> lhapdf=90420 </weight>
[SKFlatMaker::endRun,lines] <weight id="10021"> lhapdf=90421 </weight>
[SKFlatMaker::endRun,lines] <weight id="10022"> lhapdf=90422 </weight>
[SKFlatMaker::endRun,lines] <weight id="10023"> lhapdf=90423 </weight>
[SKFlatMaker::endRun,lines] <weight id="10024"> lhapdf=90424 </weight>
[SKFlatMaker::endRun,lines] <weight id="10025"> lhapdf=90425 </weight>
[SKFlatMaker::endRun,lines] <weight id="10026"> lhapdf=90426 </weight>
[SKFlatMaker::endRun,lines] <weight id="10027"> lhapdf=90427 </weight>
[SKFlatMaker::endRun,lines] <weight id="10028"> lhapdf=90428 </weight>
[SKFlatMaker::endRun,lines] <weight id="10029"> lhapdf=90429 </weight>
[SKFlatMaker::endRun,lines] <weight id="10030"> lhapdf=90430 </weight>
[SKFlatMaker::endRun,lines] <weight id="10031"> lhapdf=90431 </weight>
[SKFlatMaker::endRun,lines] <weight id="10032"> lhapdf=90432 </weight>
[SKFlatMaker::endRun,lines] <weight id="11000"> lhapdf=91400 </weight>
[SKFlatMaker::endRun,lines] <weight id="11001"> lhapdf=91401 </weight>
[SKFlatMaker::endRun,lines] <weight id="11002"> lhapdf=91402 </weight>
[SKFlatMaker::endRun,lines] <weight id="11003"> lhapdf=91403 </weight>
[SKFlatMaker::endRun,lines] <weight id="11004"> lhapdf=91404 </weight>
[SKFlatMaker::endRun,lines] <weight id="11005"> lhapdf=91405 </weight>
[SKFlatMaker::endRun,lines] <weight id="11006"> lhapdf=91406 </weight>
[SKFlatMaker::endRun,lines] <weight id="11007"> lhapdf=91407 </weight>
[SKFlatMaker::endRun,lines] <weight id="11008"> lhapdf=91408 </weight>
[SKFlatMaker::endRun,lines] <weight id="11009"> lhapdf=91409 </weight>
[SKFlatMaker::endRun,lines] <weight id="11010"> lhapdf=91410 </weight>
[SKFlatMaker::endRun,lines] <weight id="11011"> lhapdf=91411 </weight>
[SKFlatMaker::endRun,lines] <weight id="11012"> lhapdf=91412 </weight>
[SKFlatMaker::endRun,lines] <weight id="11013"> lhapdf=91413 </weight>
[SKFlatMaker::endRun,lines] <weight id="11014"> lhapdf=91414 </weight>
[SKFlatMaker::endRun,lines] <weight id="11015"> lhapdf=91415 </weight>
[SKFlatMaker::endRun,lines] <weight id="11016"> lhapdf=91416 </weight>
[SKFlatMaker::endRun,lines] <weight id="11017"> lhapdf=91417 </weight>
[SKFlatMaker::endRun,lines] <weight id="11018"> lhapdf=91418 </weight>
[SKFlatMaker::endRun,lines] <weight id="11019"> lhapdf=91419 </weight>
[SKFlatMaker::endRun,lines] <weight id="11020"> lhapdf=91420 </weight>
[SKFlatMaker::endRun,lines] <weight id="11021"> lhapdf=91421 </weight>
[SKFlatMaker::endRun,lines] <weight id="11022"> lhapdf=91422 </weight>
[SKFlatMaker::endRun,lines] <weight id="11023"> lhapdf=91423 </weight>
[SKFlatMaker::endRun,lines] <weight id="11024"> lhapdf=91424 </weight>
[SKFlatMaker::endRun,lines] <weight id="11025"> lhapdf=91425 </weight>
[SKFlatMaker::endRun,lines] <weight id="11026"> lhapdf=91426 </weight>
[SKFlatMaker::endRun,lines] <weight id="11027"> lhapdf=91427 </weight>
[SKFlatMaker::endRun,lines] <weight id="11028"> lhapdf=91428 </weight>
[SKFlatMaker::endRun,lines] <weight id="11029"> lhapdf=91429 </weight>
[SKFlatMaker::endRun,lines] <weight id="11030"> lhapdf=91430 </weight>
[SKFlatMaker::endRun,lines] <weight id="11031"> lhapdf=91431 </weight>
[SKFlatMaker::endRun,lines] <weight id="11032"> lhapdf=91432 </weight>
[SKFlatMaker::endRun,lines] <weight id="12000"> lhapdf=61100 </weight>
[SKFlatMaker::endRun,lines] <weight id="12001"> lhapdf=61101 </weight>
[SKFlatMaker::endRun,lines] <weight id="12002"> lhapdf=61102 </weight>
[SKFlatMaker::endRun,lines] <weight id="12003"> lhapdf=61103 </weight>
[SKFlatMaker::endRun,lines] <weight id="12004"> lhapdf=61104 </weight>
[SKFlatMaker::endRun,lines] <weight id="12005"> lhapdf=61105 </weight>
[SKFlatMaker::endRun,lines] <weight id="12006"> lhapdf=61106 </weight>
[SKFlatMaker::endRun,lines] <weight id="12007"> lhapdf=61107 </weight>
[SKFlatMaker::endRun,lines] <weight id="12008"> lhapdf=61108 </weight>
[SKFlatMaker::endRun,lines] <weight id="12009"> lhapdf=61109 </weight>
[SKFlatMaker::endRun,lines] <weight id="12010"> lhapdf=61110 </weight>
[SKFlatMaker::endRun,lines] <weight id="12011"> lhapdf=61111 </weight>
[SKFlatMaker::endRun,lines] <weight id="12012"> lhapdf=61112 </weight>
[SKFlatMaker::endRun,lines] <weight id="12013"> lhapdf=61113 </weight>
[SKFlatMaker::endRun,lines] <weight id="12014"> lhapdf=61114 </weight>
[SKFlatMaker::endRun,lines] <weight id="12015"> lhapdf=61115 </weight>
[SKFlatMaker::endRun,lines] <weight id="12016"> lhapdf=61116 </weight>
[SKFlatMaker::endRun,lines] <weight id="12017"> lhapdf=61117 </weight>
[SKFlatMaker::endRun,lines] <weight id="12018"> lhapdf=61118 </weight>
[SKFlatMaker::endRun,lines] <weight id="12019"> lhapdf=61119 </weight>
[SKFlatMaker::endRun,lines] <weight id="12020"> lhapdf=61120 </weight>
[SKFlatMaker::endRun,lines] <weight id="12021"> lhapdf=61121 </weight>
[SKFlatMaker::endRun,lines] <weight id="12022"> lhapdf=61122 </weight>
[SKFlatMaker::endRun,lines] <weight id="12023"> lhapdf=61123 </weight>
[SKFlatMaker::endRun,lines] <weight id="12024"> lhapdf=61124 </weight>
[SKFlatMaker::endRun,lines] <weight id="12025"> lhapdf=61125 </weight>
[SKFlatMaker::endRun,lines] <weight id="12026"> lhapdf=61126 </weight>
[SKFlatMaker::endRun,lines] <weight id="12027"> lhapdf=61127 </weight>
[SKFlatMaker::endRun,lines] <weight id="12028"> lhapdf=61128 </weight>
[SKFlatMaker::endRun,lines] <weight id="12050"> lhapdf=61130 </weight>
[SKFlatMaker::endRun,lines] <weight id="12051"> lhapdf=61131 </weight>
[SKFlatMaker::endRun,lines] <weight id="12052"> lhapdf=61132 </weight>
[SKFlatMaker::endRun,lines] <weight id="12053"> lhapdf=61133 </weight>
[SKFlatMaker::endRun,lines] <weight id="12054"> lhapdf=61134 </weight>
[SKFlatMaker::endRun,lines] <weight id="12055"> lhapdf=61135 </weight>
[SKFlatMaker::endRun,lines] <weight id="12056"> lhapdf=61136 </weight>
[SKFlatMaker::endRun,lines] <weight id="12057"> lhapdf=61137 </weight>
[SKFlatMaker::endRun,lines] <weight id="12058"> lhapdf=61138 </weight>
[SKFlatMaker::endRun,lines] <weight id="12059"> lhapdf=61139 </weight>
[SKFlatMaker::endRun,lines] <weight id="12060"> lhapdf=61140 </weight>
[SKFlatMaker::endRun,lines] <weight id="12061"> lhapdf=61141 </weight>
[SKFlatMaker::endRun,lines] <weight id="12062"> lhapdf=61142 </weight>
[SKFlatMaker::endRun,lines] <weight id="12063"> lhapdf=61143 </weight>
[SKFlatMaker::endRun,lines] <weight id="13000"> lhapdf=61200 </weight>
[SKFlatMaker::endRun,lines] <weight id="13001"> lhapdf=61201 </weight>
[SKFlatMaker::endRun,lines] <weight id="13002"> lhapdf=61202 </weight>
[SKFlatMaker::endRun,lines] <weight id="13003"> lhapdf=61203 </weight>
[SKFlatMaker::endRun,lines] <weight id="13004"> lhapdf=61204 </weight>
[SKFlatMaker::endRun,lines] <weight id="13005"> lhapdf=61205 </weight>
[SKFlatMaker::endRun,lines] <weight id="13006"> lhapdf=61206 </weight>
[SKFlatMaker::endRun,lines] <weight id="13007"> lhapdf=61207 </weight>
[SKFlatMaker::endRun,lines] <weight id="13008"> lhapdf=61208 </weight>
[SKFlatMaker::endRun,lines] <weight id="13009"> lhapdf=61209 </weight>
[SKFlatMaker::endRun,lines] <weight id="13010"> lhapdf=61210 </weight>
[SKFlatMaker::endRun,lines] <weight id="13011"> lhapdf=61211 </weight>
[SKFlatMaker::endRun,lines] <weight id="13012"> lhapdf=61212 </weight>
[SKFlatMaker::endRun,lines] <weight id="13013"> lhapdf=61213 </weight>
[SKFlatMaker::endRun,lines] <weight id="13014"> lhapdf=61214 </weight>
[SKFlatMaker::endRun,lines] <weight id="13015"> lhapdf=61215 </weight>
[SKFlatMaker::endRun,lines] <weight id="13016"> lhapdf=61216 </weight>
[SKFlatMaker::endRun,lines] <weight id="13017"> lhapdf=61217 </weight>
[SKFlatMaker::endRun,lines] <weight id="13018"> lhapdf=61218 </weight>
[SKFlatMaker::endRun,lines] <weight id="13019"> lhapdf=61219 </weight>
[SKFlatMaker::endRun,lines] <weight id="13020"> lhapdf=61220 </weight>
[SKFlatMaker::endRun,lines] <weight id="13021"> lhapdf=61221 </weight>
[SKFlatMaker::endRun,lines] <weight id="13022"> lhapdf=61222 </weight>
[SKFlatMaker::endRun,lines] <weight id="13023"> lhapdf=61223 </weight>
[SKFlatMaker::endRun,lines] <weight id="13024"> lhapdf=61224 </weight>
[SKFlatMaker::endRun,lines] <weight id="13025"> lhapdf=61225 </weight>
[SKFlatMaker::endRun,lines] <weight id="13026"> lhapdf=61226 </weight>
[SKFlatMaker::endRun,lines] <weight id="13027"> lhapdf=61227 </weight>
[SKFlatMaker::endRun,lines] <weight id="13028"> lhapdf=61228 </weight>
[SKFlatMaker::endRun,lines] <weight id="13050"> lhapdf=61230 </weight>
[SKFlatMaker::endRun,lines] <weight id="13051"> lhapdf=61231 </weight>
[SKFlatMaker::endRun,lines] <weight id="13052"> lhapdf=61232 </weight>
[SKFlatMaker::endRun,lines] <weight id="13053"> lhapdf=61233 </weight>
[SKFlatMaker::endRun,lines] <weight id="13054"> lhapdf=61234 </weight>
[SKFlatMaker::endRun,lines] <weight id="13055"> lhapdf=61235 </weight>
[SKFlatMaker::endRun,lines] <weight id="13056"> lhapdf=61236 </weight>
[SKFlatMaker::endRun,lines] <weight id="13057"> lhapdf=61237 </weight>
[SKFlatMaker::endRun,lines] <weight id="13058"> lhapdf=61238 </weight>
[SKFlatMaker::endRun,lines] <weight id="13059"> lhapdf=61239 </weight>
[SKFlatMaker::endRun,lines] <weight id="13060"> lhapdf=61240 </weight>
[SKFlatMaker::endRun,lines] <weight id="13061"> lhapdf=61241 </weight>
[SKFlatMaker::endRun,lines] <weight id="13062"> lhapdf=61242 </weight>
[SKFlatMaker::endRun,lines] <weight id="13063"> lhapdf=61243 </weight>
[SKFlatMaker::endRun,lines] <weight id="14000"> lhapdf=13400 </weight>
[SKFlatMaker::endRun,lines] <weight id="14001"> lhapdf=13401 </weight>
[SKFlatMaker::endRun,lines] <weight id="14002"> lhapdf=13402 </weight>
[SKFlatMaker::endRun,lines] <weight id="14003"> lhapdf=13403 </weight>
[SKFlatMaker::endRun,lines] <weight id="14004"> lhapdf=13404 </weight>
[SKFlatMaker::endRun,lines] <weight id="14005"> lhapdf=13405 </weight>
[SKFlatMaker::endRun,lines] <weight id="14006"> lhapdf=13406 </weight>
[SKFlatMaker::endRun,lines] <weight id="14007"> lhapdf=13407 </weight>
[SKFlatMaker::endRun,lines] <weight id="14008"> lhapdf=13408 </weight>
[SKFlatMaker::endRun,lines] <weight id="14009"> lhapdf=13409 </weight>
[SKFlatMaker::endRun,lines] <weight id="14010"> lhapdf=13410 </weight>
[SKFlatMaker::endRun,lines] <weight id="14011"> lhapdf=13411 </weight>
[SKFlatMaker::endRun,lines] <weight id="14012"> lhapdf=13412 </weight>
[SKFlatMaker::endRun,lines] <weight id="14013"> lhapdf=13413 </weight>
[SKFlatMaker::endRun,lines] <weight id="14014"> lhapdf=13414 </weight>
[SKFlatMaker::endRun,lines] <weight id="14015"> lhapdf=13415 </weight>
[SKFlatMaker::endRun,lines] <weight id="14016"> lhapdf=13416 </weight>
[SKFlatMaker::endRun,lines] <weight id="14017"> lhapdf=13417 </weight>
[SKFlatMaker::endRun,lines] <weight id="14018"> lhapdf=13418 </weight>
[SKFlatMaker::endRun,lines] <weight id="14019"> lhapdf=13419 </weight>
[SKFlatMaker::endRun,lines] <weight id="14020"> lhapdf=13420 </weight>
[SKFlatMaker::endRun,lines] <weight id="14021"> lhapdf=13421 </weight>
[SKFlatMaker::endRun,lines] <weight id="14022"> lhapdf=13422 </weight>
[SKFlatMaker::endRun,lines] <weight id="14023"> lhapdf=13423 </weight>
[SKFlatMaker::endRun,lines] <weight id="14024"> lhapdf=13424 </weight>
[SKFlatMaker::endRun,lines] <weight id="14025"> lhapdf=13425 </weight>
[SKFlatMaker::endRun,lines] <weight id="14026"> lhapdf=13426 </weight>
[SKFlatMaker::endRun,lines] <weight id="14027"> lhapdf=13427 </weight>
[SKFlatMaker::endRun,lines] <weight id="14028"> lhapdf=13428 </weight>
[SKFlatMaker::endRun,lines] <weight id="14029"> lhapdf=13429 </weight>
[SKFlatMaker::endRun,lines] <weight id="14030"> lhapdf=13430 </weight>
[SKFlatMaker::endRun,lines] <weight id="15000"> lhapdf=82200 </weight>
[SKFlatMaker::endRun,lines] <weight id="15001"> lhapdf=82201 </weight>
[SKFlatMaker::endRun,lines] <weight id="15002"> lhapdf=82202 </weight>
[SKFlatMaker::endRun,lines] <weight id="15003"> lhapdf=82203 </weight>
[SKFlatMaker::endRun,lines] <weight id="15004"> lhapdf=82204 </weight>
[SKFlatMaker::endRun,lines] <weight id="15005"> lhapdf=82205 </weight>
[SKFlatMaker::endRun,lines] <weight id="15006"> lhapdf=82206 </weight>
[SKFlatMaker::endRun,lines] <weight id="15007"> lhapdf=82207 </weight>
[SKFlatMaker::endRun,lines] <weight id="15008"> lhapdf=82208 </weight>
[SKFlatMaker::endRun,lines] <weight id="15009"> lhapdf=82209 </weight>
[SKFlatMaker::endRun,lines] <weight id="15010"> lhapdf=82210 </weight>
[SKFlatMaker::endRun,lines] <weight id="15011"> lhapdf=82211 </weight>
[SKFlatMaker::endRun,lines] <weight id="15012"> lhapdf=82212 </weight>
[SKFlatMaker::endRun,lines] <weight id="15013"> lhapdf=82213 </weight>
[SKFlatMaker::endRun,lines] <weight id="15014"> lhapdf=82214 </weight>
[SKFlatMaker::endRun,lines] <weight id="15015"> lhapdf=82215 </weight>
[SKFlatMaker::endRun,lines] <weight id="15016"> lhapdf=82216 </weight>
[SKFlatMaker::endRun,lines] <weight id="15017"> lhapdf=82217 </weight>
[SKFlatMaker::endRun,lines] <weight id="15018"> lhapdf=82218 </weight>
[SKFlatMaker::endRun,lines] <weight id="15019"> lhapdf=82219 </weight>
[SKFlatMaker::endRun,lines] <weight id="15020"> lhapdf=82220 </weight>
[SKFlatMaker::endRun,lines] <weight id="15021"> lhapdf=82221 </weight>
[SKFlatMaker::endRun,lines] <weight id="15022"> lhapdf=82222 </weight>
[SKFlatMaker::endRun,lines] <weight id="15023"> lhapdf=82223 </weight>
[SKFlatMaker::endRun,lines] <weight id="15024"> lhapdf=82224 </weight>
[SKFlatMaker::endRun,lines] <weight id="15025"> lhapdf=82225 </weight>
[SKFlatMaker::endRun,lines] <weight id="15026"> lhapdf=82226 </weight>
[SKFlatMaker::endRun,lines] <weight id="15027"> lhapdf=82227 </weight>
[SKFlatMaker::endRun,lines] <weight id="15028"> lhapdf=82228 </weight>
[SKFlatMaker::endRun,lines] <weight id="15029"> lhapdf=82229 </weight>
[SKFlatMaker::endRun,lines] <weight id="15030"> lhapdf=82230 </weight>
[SKFlatMaker::endRun,lines] <weight id="15031"> lhapdf=82231 </weight>
[SKFlatMaker::endRun,lines] <weight id="15032"> lhapdf=82232 </weight>
[SKFlatMaker::endRun,lines] <weight id="15033"> lhapdf=82233 </weight>
[SKFlatMaker::endRun,lines] <weight id="15034"> lhapdf=82234 </weight>
[SKFlatMaker::endRun,lines] <weight id="15035"> lhapdf=82235 </weight>
[SKFlatMaker::endRun,lines] <weight id="15036"> lhapdf=82236 </weight>
[SKFlatMaker::endRun,lines] <weight id="15037"> lhapdf=82237 </weight>
[SKFlatMaker::endRun,lines] <weight id="15038"> lhapdf=82238 </weight>
[SKFlatMaker::endRun,lines] <weight id="15039"> lhapdf=82239 </weight>
[SKFlatMaker::endRun,lines] <weight id="15040"> lhapdf=82240 </weight>
[SKFlatMaker::endRun,lines] <weight id="15041"> lhapdf=82241 </weight>
[SKFlatMaker::endRun,lines] <weight id="15042"> lhapdf=82242 </weight>
[SKFlatMaker::endRun,lines] <weight id="15043"> lhapdf=82243 </weight>
[SKFlatMaker::endRun,lines] <weight id="15044"> lhapdf=82244 </weight>
[SKFlatMaker::endRun,lines] <weight id="15045"> lhapdf=82245 </weight>
[SKFlatMaker::endRun,lines] <weight id="15046"> lhapdf=82246 </weight>
[SKFlatMaker::endRun,lines] <weight id="15047"> lhapdf=82247 </weight>
[SKFlatMaker::endRun,lines] <weight id="15048"> lhapdf=82248 </weight>
[SKFlatMaker::endRun,lines] <weight id="15049"> lhapdf=82249 </weight>
[SKFlatMaker::endRun,lines] <weight id="15050"> lhapdf=82250 </weight>
[SKFlatMaker::endRun,lines] <weight id="15051"> lhapdf=82251 </weight>
[SKFlatMaker::endRun,lines] <weight id="15052"> lhapdf=82252 </weight>
[SKFlatMaker::endRun,lines] <weight id="15053"> lhapdf=82253 </weight>
[SKFlatMaker::endRun,lines] <weight id="15054"> lhapdf=82254 </weight>
[SKFlatMaker::endRun,lines] <weight id="15055"> lhapdf=82255 </weight>
[SKFlatMaker::endRun,lines] <weight id="15056"> lhapdf=82256 </weight>
[SKFlatMaker::endRun,lines] <weight id="15057"> lhapdf=82257 </weight>
[SKFlatMaker::endRun,lines] <weight id="15058"> lhapdf=82258 </weight>
[SKFlatMaker::endRun,lines] <weight id="15059"> lhapdf=82259 </weight>
[SKFlatMaker::endRun,lines] <weight id="15060"> lhapdf=82260 </weight>
[SKFlatMaker::endRun,lines] <weight id="15061"> lhapdf=82261 </weight>
[SKFlatMaker::endRun,lines] <weight id="15062"> lhapdf=82262 </weight>
[SKFlatMaker::endRun,lines] <weight id="15063"> lhapdf=82263 </weight>
[SKFlatMaker::endRun,lines] <weight id="15064"> lhapdf=82264 </weight>
[SKFlatMaker::endRun,lines] <weight id="15065"> lhapdf=82265 </weight>
[SKFlatMaker::endRun,lines] <weight id="15066"> lhapdf=82266 </weight>
[SKFlatMaker::endRun,lines] <weight id="15067"> lhapdf=82267 </weight>
[SKFlatMaker::endRun,lines] <weight id="15068"> lhapdf=82268 </weight>
[SKFlatMaker::endRun,lines] <weight id="15069"> lhapdf=82269 </weight>
[SKFlatMaker::endRun,lines] <weight id="15070"> lhapdf=82270 </weight>
[SKFlatMaker::endRun,lines] <weight id="15071"> lhapdf=82271 </weight>
[SKFlatMaker::endRun,lines] <weight id="15072"> lhapdf=82272 </weight>
[SKFlatMaker::endRun,lines] <weight id="15073"> lhapdf=82273 </weight>
[SKFlatMaker::endRun,lines] <weight id="15074"> lhapdf=82274 </weight>
[SKFlatMaker::endRun,lines] <weight id="15075"> lhapdf=82275 </weight>
[SKFlatMaker::endRun,lines] <weight id="15076"> lhapdf=82276 </weight>
[SKFlatMaker::endRun,lines] <weight id="15077"> lhapdf=82277 </weight>
[SKFlatMaker::endRun,lines] <weight id="15078"> lhapdf=82278 </weight>
[SKFlatMaker::endRun,lines] <weight id="15079"> lhapdf=82279 </weight>
[SKFlatMaker::endRun,lines] <weight id="15080"> lhapdf=82280 </weight>
[SKFlatMaker::endRun,lines] <weight id="15081"> lhapdf=82281 </weight>
[SKFlatMaker::endRun,lines] <weight id="15082"> lhapdf=82282 </weight>
[SKFlatMaker::endRun,lines] <weight id="15083"> lhapdf=82283 </weight>
[SKFlatMaker::endRun,lines] <weight id="15084"> lhapdf=82284 </weight>
[SKFlatMaker::endRun,lines] <weight id="15085"> lhapdf=82285 </weight>
[SKFlatMaker::endRun,lines] <weight id="15086"> lhapdf=82286 </weight>
[SKFlatMaker::endRun,lines] <weight id="15087"> lhapdf=82287 </weight>
[SKFlatMaker::endRun,lines] <weight id="15088"> lhapdf=82288 </weight>
[SKFlatMaker::endRun,lines] <weight id="15089"> lhapdf=82289 </weight>
[SKFlatMaker::endRun,lines] <weight id="15090"> lhapdf=82290 </weight>
[SKFlatMaker::endRun,lines] <weight id="15091"> lhapdf=82291 </weight>
[SKFlatMaker::endRun,lines] <weight id="15092"> lhapdf=82292 </weight>
[SKFlatMaker::endRun,lines] <weight id="15093"> lhapdf=82293 </weight>
[SKFlatMaker::endRun,lines] <weight id="15094"> lhapdf=82294 </weight>
[SKFlatMaker::endRun,lines] <weight id="15095"> lhapdf=82295 </weight>
[SKFlatMaker::endRun,lines] <weight id="15096"> lhapdf=82296 </weight>
[SKFlatMaker::endRun,lines] <weight id="15097"> lhapdf=82297 </weight>
[SKFlatMaker::endRun,lines] <weight id="15098"> lhapdf=82298 </weight>
[SKFlatMaker::endRun,lines] <weight id="15099"> lhapdf=82299 </weight>
[SKFlatMaker::endRun,lines] <weight id="15100"> lhapdf=82300 </weight>
[SKFlatMaker::endRun,lines] <weight id="15101"> lhapdf=82301 </weight>
[SKFlatMaker::endRun,lines] <weight id="15102"> lhapdf=82302 </weight>
[SKFlatMaker::endRun,lines] <weight id="15103"> lhapdf=82303 </weight>
[SKFlatMaker::endRun,lines] <weight id="15104"> lhapdf=82304 </weight>
[SKFlatMaker::endRun,lines] <weight id="15105"> lhapdf=82305 </weight>
[SKFlatMaker::endRun,lines] <weight id="15106"> lhapdf=82306 </weight>
[SKFlatMaker::endRun,lines] <weight id="15107"> lhapdf=82307 </weight>
[SKFlatMaker::endRun,lines] <weight id="16000"> lhapdf=325300 </weight>
[SKFlatMaker::endRun,lines] <weight id="16001"> lhapdf=325301 </weight>
[SKFlatMaker::endRun,lines] <weight id="16002"> lhapdf=325302 </weight>
[SKFlatMaker::endRun,lines] <weight id="16003"> lhapdf=325303 </weight>
[SKFlatMaker::endRun,lines] <weight id="16004"> lhapdf=325304 </weight>
[SKFlatMaker::endRun,lines] <weight id="16005"> lhapdf=325305 </weight>
[SKFlatMaker::endRun,lines] <weight id="16006"> lhapdf=325306 </weight>
[SKFlatMaker::endRun,lines] <weight id="16007"> lhapdf=325307 </weight>
[SKFlatMaker::endRun,lines] <weight id="16008"> lhapdf=325308 </weight>
[SKFlatMaker::endRun,lines] <weight id="16009"> lhapdf=325309 </weight>
[SKFlatMaker::endRun,lines] <weight id="16010"> lhapdf=325310 </weight>
[SKFlatMaker::endRun,lines] <weight id="16011"> lhapdf=325311 </weight>
[SKFlatMaker::endRun,lines] <weight id="16012"> lhapdf=325312 </weight>
[SKFlatMaker::endRun,lines] <weight id="16013"> lhapdf=325313 </weight>
[SKFlatMaker::endRun,lines] <weight id="16014"> lhapdf=325314 </weight>
[SKFlatMaker::endRun,lines] <weight id="16015"> lhapdf=325315 </weight>
[SKFlatMaker::endRun,lines] <weight id="16016"> lhapdf=325316 </weight>
[SKFlatMaker::endRun,lines] <weight id="16017"> lhapdf=325317 </weight>
[SKFlatMaker::endRun,lines] <weight id="16018"> lhapdf=325318 </weight>
[SKFlatMaker::endRun,lines] <weight id="16019"> lhapdf=325319 </weight>
[SKFlatMaker::endRun,lines] <weight id="16020"> lhapdf=325320 </weight>
[SKFlatMaker::endRun,lines] <weight id="16021"> lhapdf=325321 </weight>
[SKFlatMaker::endRun,lines] <weight id="16022"> lhapdf=325322 </weight>
[SKFlatMaker::endRun,lines] <weight id="16023"> lhapdf=325323 </weight>
[SKFlatMaker::endRun,lines] <weight id="16024"> lhapdf=325324 </weight>
[SKFlatMaker::endRun,lines] <weight id="16025"> lhapdf=325325 </weight>
[SKFlatMaker::endRun,lines] <weight id="16026"> lhapdf=325326 </weight>
[SKFlatMaker::endRun,lines] <weight id="16027"> lhapdf=325327 </weight>
[SKFlatMaker::endRun,lines] <weight id="16028"> lhapdf=325328 </weight>
[SKFlatMaker::endRun,lines] <weight id="16029"> lhapdf=325329 </weight>
[SKFlatMaker::endRun,lines] <weight id="16030"> lhapdf=325330 </weight>
[SKFlatMaker::endRun,lines] <weight id="16031"> lhapdf=325331 </weight>
[SKFlatMaker::endRun,lines] <weight id="16032"> lhapdf=325332 </weight>
[SKFlatMaker::endRun,lines] <weight id="16033"> lhapdf=325333 </weight>
[SKFlatMaker::endRun,lines] <weight id="16034"> lhapdf=325334 </weight>
[SKFlatMaker::endRun,lines] <weight id="16035"> lhapdf=325335 </weight>
[SKFlatMaker::endRun,lines] <weight id="16036"> lhapdf=325336 </weight>
[SKFlatMaker::endRun,lines] <weight id="16037"> lhapdf=325337 </weight>
[SKFlatMaker::endRun,lines] <weight id="16038"> lhapdf=325338 </weight>
[SKFlatMaker::endRun,lines] <weight id="16039"> lhapdf=325339 </weight>
[SKFlatMaker::endRun,lines] <weight id="16040"> lhapdf=325340 </weight>
[SKFlatMaker::endRun,lines] <weight id="16041"> lhapdf=325341 </weight>
[SKFlatMaker::endRun,lines] <weight id="16042"> lhapdf=325342 </weight>
[SKFlatMaker::endRun,lines] <weight id="16043"> lhapdf=325343 </weight>
[SKFlatMaker::endRun,lines] <weight id="16044"> lhapdf=325344 </weight>
[SKFlatMaker::endRun,lines] <weight id="16045"> lhapdf=325345 </weight>
[SKFlatMaker::endRun,lines] <weight id="16046"> lhapdf=325346 </weight>
[SKFlatMaker::endRun,lines] <weight id="16047"> lhapdf=325347 </weight>
[SKFlatMaker::endRun,lines] <weight id="16048"> lhapdf=325348 </weight>
[SKFlatMaker::endRun,lines] <weight id="16049"> lhapdf=325349 </weight>
[SKFlatMaker::endRun,lines] <weight id="16050"> lhapdf=325350 </weight>
[SKFlatMaker::endRun,lines] <weight id="16051"> lhapdf=325351 </weight>
[SKFlatMaker::endRun,lines] <weight id="16052"> lhapdf=325352 </weight>
[SKFlatMaker::endRun,lines] <weight id="16053"> lhapdf=325353 </weight>
[SKFlatMaker::endRun,lines] <weight id="16054"> lhapdf=325354 </weight>
[SKFlatMaker::endRun,lines] <weight id="16055"> lhapdf=325355 </weight>
[SKFlatMaker::endRun,lines] <weight id="16056"> lhapdf=325356 </weight>
[SKFlatMaker::endRun,lines] <weight id="16057"> lhapdf=325357 </weight>
[SKFlatMaker::endRun,lines] <weight id="16058"> lhapdf=325358 </weight>
[SKFlatMaker::endRun,lines] <weight id="16059"> lhapdf=325359 </weight>
[SKFlatMaker::endRun,lines] <weight id="16060"> lhapdf=325360 </weight>
[SKFlatMaker::endRun,lines] <weight id="16061"> lhapdf=325361 </weight>
[SKFlatMaker::endRun,lines] <weight id="16062"> lhapdf=325362 </weight>
[SKFlatMaker::endRun,lines] <weight id="16063"> lhapdf=325363 </weight>
[SKFlatMaker::endRun,lines] <weight id="16064"> lhapdf=325364 </weight>
[SKFlatMaker::endRun,lines] <weight id="16065"> lhapdf=325365 </weight>
[SKFlatMaker::endRun,lines] <weight id="16066"> lhapdf=325366 </weight>
[SKFlatMaker::endRun,lines] <weight id="16067"> lhapdf=325367 </weight>
[SKFlatMaker::endRun,lines] <weight id="16068"> lhapdf=325368 </weight>
[SKFlatMaker::endRun,lines] <weight id="16069"> lhapdf=325369 </weight>
[SKFlatMaker::endRun,lines] <weight id="16070"> lhapdf=325370 </weight>
[SKFlatMaker::endRun,lines] <weight id="16071"> lhapdf=325371 </weight>
[SKFlatMaker::endRun,lines] <weight id="16072"> lhapdf=325372 </weight>
[SKFlatMaker::endRun,lines] <weight id="16073"> lhapdf=325373 </weight>
[SKFlatMaker::endRun,lines] <weight id="16074"> lhapdf=325374 </weight>
[SKFlatMaker::endRun,lines] <weight id="16075"> lhapdf=325375 </weight>
[SKFlatMaker::endRun,lines] <weight id="16076"> lhapdf=325376 </weight>
[SKFlatMaker::endRun,lines] <weight id="16077"> lhapdf=325377 </weight>
[SKFlatMaker::endRun,lines] <weight id="16078"> lhapdf=325378 </weight>
[SKFlatMaker::endRun,lines] <weight id="16079"> lhapdf=325379 </weight>
[SKFlatMaker::endRun,lines] <weight id="16080"> lhapdf=325380 </weight>
[SKFlatMaker::endRun,lines] <weight id="16081"> lhapdf=325381 </weight>
[SKFlatMaker::endRun,lines] <weight id="16082"> lhapdf=325382 </weight>
[SKFlatMaker::endRun,lines] <weight id="16083"> lhapdf=325383 </weight>
[SKFlatMaker::endRun,lines] <weight id="16084"> lhapdf=325384 </weight>
[SKFlatMaker::endRun,lines] <weight id="16085"> lhapdf=325385 </weight>
[SKFlatMaker::endRun,lines] <weight id="16086"> lhapdf=325386 </weight>
[SKFlatMaker::endRun,lines] <weight id="16087"> lhapdf=325387 </weight>
[SKFlatMaker::endRun,lines] <weight id="16088"> lhapdf=325388 </weight>
[SKFlatMaker::endRun,lines] <weight id="16089"> lhapdf=325389 </weight>
[SKFlatMaker::endRun,lines] <weight id="16090"> lhapdf=325390 </weight>
[SKFlatMaker::endRun,lines] <weight id="16091"> lhapdf=325391 </weight>
[SKFlatMaker::endRun,lines] <weight id="16092"> lhapdf=325392 </weight>
[SKFlatMaker::endRun,lines] <weight id="16093"> lhapdf=325393 </weight>
[SKFlatMaker::endRun,lines] <weight id="16094"> lhapdf=325394 </weight>
[SKFlatMaker::endRun,lines] <weight id="16095"> lhapdf=325395 </weight>
[SKFlatMaker::endRun,lines] <weight id="16096"> lhapdf=325396 </weight>
[SKFlatMaker::endRun,lines] <weight id="16097"> lhapdf=325397 </weight>
[SKFlatMaker::endRun,lines] <weight id="16098"> lhapdf=325398 </weight>
[SKFlatMaker::endRun,lines] <weight id="16099"> lhapdf=325399 </weight>
[SKFlatMaker::endRun,lines] <weight id="16100"> lhapdf=325400 </weight>
[SKFlatMaker::endRun,lines] <weight id="16101"> lhapdf=325401 </weight>
[SKFlatMaker::endRun,lines] <weight id="16102"> lhapdf=325402 </weight>
[SKFlatMaker::endRun,lines] </weightgroup>
[SKFlatMaker::endRun,lines] <weightgroup combine="replica" name="PDF_variation2">
[SKFlatMaker::endRun,lines] <weight id="1500"> lhapdf=292200 </weight>
[SKFlatMaker::endRun,lines] <weight id="1501"> lhapdf=292201 </weight>
[SKFlatMaker::endRun,lines] <weight id="1502"> lhapdf=292202 </weight>
[SKFlatMaker::endRun,lines] <weight id="1503"> lhapdf=292203 </weight>
[SKFlatMaker::endRun,lines] <weight id="1504"> lhapdf=292204 </weight>
[SKFlatMaker::endRun,lines] <weight id="1505"> lhapdf=292205 </weight>
[SKFlatMaker::endRun,lines] <weight id="1506"> lhapdf=292206 </weight>
[SKFlatMaker::endRun,lines] <weight id="1507"> lhapdf=292207 </weight>
[SKFlatMaker::endRun,lines] <weight id="1508"> lhapdf=292208 </weight>
[SKFlatMaker::endRun,lines] <weight id="1509"> lhapdf=292209 </weight>
[SKFlatMaker::endRun,lines] <weight id="1510"> lhapdf=292210 </weight>
[SKFlatMaker::endRun,lines] <weight id="1511"> lhapdf=292211 </weight>
[SKFlatMaker::endRun,lines] <weight id="1512"> lhapdf=292212 </weight>
[SKFlatMaker::endRun,lines] <weight id="1513"> lhapdf=292213 </weight>
[SKFlatMaker::endRun,lines] <weight id="1514"> lhapdf=292214 </weight>
[SKFlatMaker::endRun,lines] <weight id="1515"> lhapdf=292215 </weight>
[SKFlatMaker::endRun,lines] <weight id="1516"> lhapdf=292216 </weight>
[SKFlatMaker::endRun,lines] <weight id="1517"> lhapdf=292217 </weight>
[SKFlatMaker::endRun,lines] <weight id="1518"> lhapdf=292218 </weight>
[SKFlatMaker::endRun,lines] <weight id="1519"> lhapdf=292219 </weight>
[SKFlatMaker::endRun,lines] <weight id="1520"> lhapdf=292220 </weight>
[SKFlatMaker::endRun,lines] <weight id="1521"> lhapdf=292221 </weight>
[SKFlatMaker::endRun,lines] <weight id="1522"> lhapdf=292222 </weight>
[SKFlatMaker::endRun,lines] <weight id="1523"> lhapdf=292223 </weight>
[SKFlatMaker::endRun,lines] <weight id="1524"> lhapdf=292224 </weight>
[SKFlatMaker::endRun,lines] <weight id="1525"> lhapdf=292225 </weight>
[SKFlatMaker::endRun,lines] <weight id="1526"> lhapdf=292226 </weight>
[SKFlatMaker::endRun,lines] <weight id="1527"> lhapdf=292227 </weight>
[SKFlatMaker::endRun,lines] <weight id="1528"> lhapdf=292228 </weight>
[SKFlatMaker::endRun,lines] <weight id="1529"> lhapdf=292229 </weight>
[SKFlatMaker::endRun,lines] <weight id="1530"> lhapdf=292230 </weight>
[SKFlatMaker::endRun,lines] <weight id="1531"> lhapdf=292231 </weight>
[SKFlatMaker::endRun,lines] <weight id="1532"> lhapdf=292232 </weight>
[SKFlatMaker::endRun,lines] <weight id="1533"> lhapdf=292233 </weight>
[SKFlatMaker::endRun,lines] <weight id="1534"> lhapdf=292234 </weight>
[SKFlatMaker::endRun,lines] <weight id="1535"> lhapdf=292235 </weight>
[SKFlatMaker::endRun,lines] <weight id="1536"> lhapdf=292236 </weight>
[SKFlatMaker::endRun,lines] <weight id="1537"> lhapdf=292237 </weight>
[SKFlatMaker::endRun,lines] <weight id="1538"> lhapdf=292238 </weight>
[SKFlatMaker::endRun,lines] <weight id="1539"> lhapdf=292239 </weight>
[SKFlatMaker::endRun,lines] <weight id="1540"> lhapdf=292240 </weight>
[SKFlatMaker::endRun,lines] <weight id="1541"> lhapdf=292241 </weight>
[SKFlatMaker::endRun,lines] <weight id="1542"> lhapdf=292242 </weight>
[SKFlatMaker::endRun,lines] <weight id="1543"> lhapdf=292243 </weight>
[SKFlatMaker::endRun,lines] <weight id="1544"> lhapdf=292244 </weight>
[SKFlatMaker::endRun,lines] <weight id="1545"> lhapdf=292245 </weight>
[SKFlatMaker::endRun,lines] <weight id="1546"> lhapdf=292246 </weight>
[SKFlatMaker::endRun,lines] <weight id="1547"> lhapdf=292247 </weight>
[SKFlatMaker::endRun,lines] <weight id="1548"> lhapdf=292248 </weight>
[SKFlatMaker::endRun,lines] <weight id="1549"> lhapdf=292249 </weight>
[SKFlatMaker::endRun,lines] <weight id="1550"> lhapdf=292250 </weight>
[SKFlatMaker::endRun,lines] <weight id="1551"> lhapdf=292251 </weight>
[SKFlatMaker::endRun,lines] <weight id="1552"> lhapdf=292252 </weight>
[SKFlatMaker::endRun,lines] <weight id="1553"> lhapdf=292253 </weight>
[SKFlatMaker::endRun,lines] <weight id="1554"> lhapdf=292254 </weight>
[SKFlatMaker::endRun,lines] <weight id="1555"> lhapdf=292255 </weight>
[SKFlatMaker::endRun,lines] <weight id="1556"> lhapdf=292256 </weight>
[SKFlatMaker::endRun,lines] <weight id="1557"> lhapdf=292257 </weight>
[SKFlatMaker::endRun,lines] <weight id="1558"> lhapdf=292258 </weight>
[SKFlatMaker::endRun,lines] <weight id="1559"> lhapdf=292259 </weight>
[SKFlatMaker::endRun,lines] <weight id="1560"> lhapdf=292260 </weight>
[SKFlatMaker::endRun,lines] <weight id="1561"> lhapdf=292261 </weight>
[SKFlatMaker::endRun,lines] <weight id="1562"> lhapdf=292262 </weight>
[SKFlatMaker::endRun,lines] <weight id="1563"> lhapdf=292263 </weight>
[SKFlatMaker::endRun,lines] <weight id="1564"> lhapdf=292264 </weight>
[SKFlatMaker::endRun,lines] <weight id="1565"> lhapdf=292265 </weight>
[SKFlatMaker::endRun,lines] <weight id="1566"> lhapdf=292266 </weight>
[SKFlatMaker::endRun,lines] <weight id="1567"> lhapdf=292267 </weight>
[SKFlatMaker::endRun,lines] <weight id="1568"> lhapdf=292268 </weight>
[SKFlatMaker::endRun,lines] <weight id="1569"> lhapdf=292269 </weight>
[SKFlatMaker::endRun,lines] <weight id="1570"> lhapdf=292270 </weight>
[SKFlatMaker::endRun,lines] <weight id="1571"> lhapdf=292271 </weight>
[SKFlatMaker::endRun,lines] <weight id="1572"> lhapdf=292272 </weight>
[SKFlatMaker::endRun,lines] <weight id="1573"> lhapdf=292273 </weight>
[SKFlatMaker::endRun,lines] <weight id="1574"> lhapdf=292274 </weight>
[SKFlatMaker::endRun,lines] <weight id="1575"> lhapdf=292275 </weight>
[SKFlatMaker::endRun,lines] <weight id="1576"> lhapdf=292276 </weight>
[SKFlatMaker::endRun,lines] <weight id="1577"> lhapdf=292277 </weight>
[SKFlatMaker::endRun,lines] <weight id="1578"> lhapdf=292278 </weight>
[SKFlatMaker::endRun,lines] <weight id="1579"> lhapdf=292279 </weight>
[SKFlatMaker::endRun,lines] <weight id="1580"> lhapdf=292280 </weight>
[SKFlatMaker::endRun,lines] <weight id="1581"> lhapdf=292281 </weight>
[SKFlatMaker::endRun,lines] <weight id="1582"> lhapdf=292282 </weight>
[SKFlatMaker::endRun,lines] <weight id="1583"> lhapdf=292283 </weight>
[SKFlatMaker::endRun,lines] <weight id="1584"> lhapdf=292284 </weight>
[SKFlatMaker::endRun,lines] <weight id="1585"> lhapdf=292285 </weight>
[SKFlatMaker::endRun,lines] <weight id="1586"> lhapdf=292286 </weight>
[SKFlatMaker::endRun,lines] <weight id="1587"> lhapdf=292287 </weight>
[SKFlatMaker::endRun,lines] <weight id="1588"> lhapdf=292288 </weight>
[SKFlatMaker::endRun,lines] <weight id="1589"> lhapdf=292289 </weight>
[SKFlatMaker::endRun,lines] <weight id="1590"> lhapdf=292290 </weight>
[SKFlatMaker::endRun,lines] <weight id="1591"> lhapdf=292291 </weight>
[SKFlatMaker::endRun,lines] <weight id="1592"> lhapdf=292292 </weight>
[SKFlatMaker::endRun,lines] <weight id="1593"> lhapdf=292293 </weight>
[SKFlatMaker::endRun,lines] <weight id="1594"> lhapdf=292294 </weight>
[SKFlatMaker::endRun,lines] <weight id="1595"> lhapdf=292295 </weight>
[SKFlatMaker::endRun,lines] <weight id="1596"> lhapdf=292296 </weight>
[SKFlatMaker::endRun,lines] <weight id="1597"> lhapdf=292297 </weight>
[SKFlatMaker::endRun,lines] <weight id="1598"> lhapdf=292298 </weight>
[SKFlatMaker::endRun,lines] <weight id="1599"> lhapdf=292299 </weight>
[SKFlatMaker::endRun,lines] <weight id="1600"> lhapdf=292300 </weight>
[SKFlatMaker::endRun,lines] <weight id="1601"> lhapdf=292301 </weight>
[SKFlatMaker::endRun,lines] <weight id="1602"> lhapdf=292302 </weight>
[SKFlatMaker::endRun,lines] <weight id="1700"> lhapdf=292600 </weight>
[SKFlatMaker::endRun,lines] <weight id="1800"> lhapdf=315000 </weight>
[SKFlatMaker::endRun,lines] <weight id="1850"> lhapdf=315200 </weight>
[SKFlatMaker::endRun,lines] <weight id="1900"> lhapdf=262000 </weight>
[SKFlatMaker::endRun,lines] <weight id="1950"> lhapdf=263000 </weight>
[SKFlatMaker::endRun,lines] </weightgroup>
[SKFlatMaker::endRun] ##### End of information about PDF weights #####
[SKFlatMaker::endJob] ++++++++++++++++++++++++++++++++++++++
[SKFlatMaker::endJob] analyzed 1 events: 
[SKFlatMaker::endJob] ++++++++++++++++++++++++++++++++++++++
